janv. 21, 2019 10:52:31 AM org.apache.catalina.core.AprLifecycleListener init
INFOS: The APR based Apache Tomcat Native library which allows optimal performance in production environments was not found on the java.library.path: /usr/java/packages/lib/amd64:/usr/lib/x86_64-linux-gnu/jni:/lib/x86_64-linux-gnu:/usr/lib/x86_64-linux-gnu:/usr/lib/jni:/lib:/usr/lib
janv. 21, 2019 10:52:31 AM org.apache.coyote.AbstractProtocol init
INFOS: Initializing ProtocolHandler ["http-bio-8200"]
janv. 21, 2019 10:52:31 AM org.apache.coyote.AbstractProtocol init
INFOS: Initializing ProtocolHandler ["ajp-bio-8300"]
janv. 21, 2019 10:52:31 AM org.apache.catalina.startup.Catalina load
INFOS: Initialization processed in 598 ms
janv. 21, 2019 10:52:31 AM org.apache.catalina.core.StandardService startInternal
INFOS: Démarrage du service Catalina
janv. 21, 2019 10:52:31 AM org.apache.catalina.core.StandardEngine startInternal
INFOS: Starting Servlet Engine: Apache Tomcat/7.0.47
janv. 21, 2019 10:52:31 AM org.apache.catalina.startup.HostConfig deployDirectory
INFOS: Déploiement du répertoire /home/etudiant/lh150094/tomcat/webapps/docs de l'application web
janv. 21, 2019 10:52:34 AM org.apache.catalina.startup.HostConfig deployDirectory
INFOS: Déploiement du répertoire /home/etudiant/lh150094/tomcat/webapps/host-manager de l'application web
janv. 21, 2019 10:52:34 AM org.apache.catalina.startup.HostConfig deployDirectory
INFOS: Déploiement du répertoire /home/etudiant/lh150094/tomcat/webapps/ROOT de l'application web
janv. 21, 2019 10:52:34 AM org.apache.catalina.startup.HostConfig deployDirectory
INFOS: Déploiement du répertoire /home/etudiant/lh150094/tomcat/webapps/examples de l'application web
janv. 21, 2019 10:52:36 AM org.apache.catalina.startup.HostConfig deployDirectory
INFOS: Déploiement du répertoire /home/etudiant/lh150094/tomcat/webapps/manager de l'application web
janv. 21, 2019 10:52:36 AM org.apache.catalina.startup.HostConfig deployDirectory
INFOS: Déploiement du répertoire /home/etudiant/lh150094/tomcat/webapps/Appli2 de l'application web
janv. 21, 2019 10:52:36 AM org.apache.catalina.core.ContainerBase addChildInternal
GRAVE: ContainerBase.addChild: start: 
org.apache.catalina.LifecycleException: Failed to start component [StandardEngine[Catalina].StandardHost[localhost].StandardContext[/Appli2]]
	at org.apache.catalina.util.LifecycleBase.start(LifecycleBase.java:154)
	at org.apache.catalina.core.ContainerBase.addChildInternal(ContainerBase.java:901)
	at org.apache.catalina.core.ContainerBase.addChild(ContainerBase.java:877)
	at org.apache.catalina.core.StandardHost.addChild(StandardHost.java:633)
	at org.apache.catalina.startup.HostConfig.deployDirectory(HostConfig.java:1120)
	at org.apache.catalina.startup.HostConfig$DeployDirectory.run(HostConfig.java:1678)
	at java.util.concurrent.Executors$RunnableAdapter.call(Executors.java:511)
	at java.util.concurrent.FutureTask.run(FutureTask.java:266)
	at java.util.concurrent.ThreadPoolExecutor.runWorker(ThreadPoolExecutor.java:1149)
	at java.util.concurrent.ThreadPoolExecutor$Worker.run(ThreadPoolExecutor.java:624)
	at java.lang.Thread.run(Thread.java:748)
Caused by: java.lang.IllegalArgumentException: L'association de servlet (servlet mapping) indique un nom de servlet inconnu 
	at org.apache.catalina.core.StandardContext.addServletMapping(StandardContext.java:3241)
	at org.apache.catalina.core.StandardContext.addServletMapping(StandardContext.java:3220)
	at org.apache.catalina.deploy.WebXml.configureContext(WebXml.java:1367)
	at org.apache.catalina.startup.ContextConfig.webConfig(ContextConfig.java:1346)
	at org.apache.catalina.startup.ContextConfig.configureStart(ContextConfig.java:878)
	at org.apache.catalina.startup.ContextConfig.lifecycleEvent(ContextConfig.java:376)
	at org.apache.catalina.util.LifecycleSupport.fireLifecycleEvent(LifecycleSupport.java:119)
	at org.apache.catalina.util.LifecycleBase.fireLifecycleEvent(LifecycleBase.java:90)
	at org.apache.catalina.core.StandardContext.startInternal(StandardContext.java:5322)
	at org.apache.catalina.util.LifecycleBase.start(LifecycleBase.java:150)
	... 10 more

janv. 21, 2019 10:52:36 AM org.apache.catalina.startup.HostConfig deployDirectory
GRAVE: Erreur lors du déploiement du répertoire /home/etudiant/lh150094/tomcat/webapps/Appli2 de l'application web
java.lang.IllegalStateException: ContainerBase.addChild: start: org.apache.catalina.LifecycleException: Failed to start component [StandardEngine[Catalina].StandardHost[localhost].StandardContext[/Appli2]]
	at org.apache.catalina.core.ContainerBase.addChildInternal(ContainerBase.java:904)
	at org.apache.catalina.core.ContainerBase.addChild(ContainerBase.java:877)
	at org.apache.catalina.core.StandardHost.addChild(StandardHost.java:633)
	at org.apache.catalina.startup.HostConfig.deployDirectory(HostConfig.java:1120)
	at org.apache.catalina.startup.HostConfig$DeployDirectory.run(HostConfig.java:1678)
	at java.util.concurrent.Executors$RunnableAdapter.call(Executors.java:511)
	at java.util.concurrent.FutureTask.run(FutureTask.java:266)
	at java.util.concurrent.ThreadPoolExecutor.runWorker(ThreadPoolExecutor.java:1149)
	at java.util.concurrent.ThreadPoolExecutor$Worker.run(ThreadPoolExecutor.java:624)
	at java.lang.Thread.run(Thread.java:748)

janv. 21, 2019 10:52:36 AM org.apache.catalina.startup.HostConfig deployDirectory
INFOS: Déploiement du répertoire /home/etudiant/lh150094/tomcat/webapps/Appli1 de l'application web
janv. 21, 2019 10:52:37 AM org.apache.coyote.AbstractProtocol start
INFOS: Starting ProtocolHandler ["http-bio-8200"]
janv. 21, 2019 10:52:37 AM org.apache.coyote.AbstractProtocol start
INFOS: Starting ProtocolHandler ["ajp-bio-8300"]
janv. 21, 2019 10:52:37 AM org.apache.catalina.startup.Catalina start
INFOS: Server startup in 5358 ms
janv. 21, 2019 11:01:28 AM org.apache.catalina.core.StandardServer await
INFOS: A valid shutdown command was received via the shutdown port. Stopping the Server instance.
janv. 21, 2019 11:01:28 AM org.apache.coyote.AbstractProtocol pause
INFOS: Pausing ProtocolHandler ["http-bio-8200"]
janv. 21, 2019 11:01:28 AM org.apache.coyote.AbstractProtocol pause
INFOS: Pausing ProtocolHandler ["ajp-bio-8300"]
janv. 21, 2019 11:01:28 AM org.apache.catalina.core.StandardService stopInternal
INFOS: Arrêt du service Catalina
janv. 21, 2019 11:01:28 AM org.apache.coyote.AbstractProtocol stop
INFOS: Stopping ProtocolHandler ["http-bio-8200"]
janv. 21, 2019 11:01:28 AM org.apache.coyote.AbstractProtocol stop
INFOS: Stopping ProtocolHandler ["ajp-bio-8300"]
janv. 21, 2019 11:01:28 AM org.apache.coyote.AbstractProtocol destroy
INFOS: Destroying ProtocolHandler ["http-bio-8200"]
janv. 21, 2019 11:01:28 AM org.apache.coyote.AbstractProtocol destroy
INFOS: Destroying ProtocolHandler ["ajp-bio-8300"]
janv. 21, 2019 11:01:30 AM org.apache.catalina.core.AprLifecycleListener init
INFOS: The APR based Apache Tomcat Native library which allows optimal performance in production environments was not found on the java.library.path: /usr/java/packages/lib/amd64:/usr/lib/x86_64-linux-gnu/jni:/lib/x86_64-linux-gnu:/usr/lib/x86_64-linux-gnu:/usr/lib/jni:/lib:/usr/lib
janv. 21, 2019 11:01:30 AM org.apache.coyote.AbstractProtocol init
INFOS: Initializing ProtocolHandler ["http-bio-8200"]
janv. 21, 2019 11:01:30 AM org.apache.coyote.AbstractProtocol init
INFOS: Initializing ProtocolHandler ["ajp-bio-8300"]
janv. 21, 2019 11:01:30 AM org.apache.catalina.startup.Catalina load
INFOS: Initialization processed in 292 ms
janv. 21, 2019 11:01:30 AM org.apache.catalina.core.StandardService startInternal
INFOS: Démarrage du service Catalina
janv. 21, 2019 11:01:30 AM org.apache.catalina.core.StandardEngine startInternal
INFOS: Starting Servlet Engine: Apache Tomcat/7.0.47
janv. 21, 2019 11:01:30 AM org.apache.catalina.startup.HostConfig deployDirectory
INFOS: Déploiement du répertoire /home/etudiant/lh150094/tomcat/webapps/docs de l'application web
janv. 21, 2019 11:01:30 AM org.apache.catalina.startup.HostConfig deployDirectory
INFOS: Déploiement du répertoire /home/etudiant/lh150094/tomcat/webapps/host-manager de l'application web
janv. 21, 2019 11:01:30 AM org.apache.catalina.startup.HostConfig deployDirectory
INFOS: Déploiement du répertoire /home/etudiant/lh150094/tomcat/webapps/ROOT de l'application web
janv. 21, 2019 11:01:30 AM org.apache.catalina.startup.HostConfig deployDirectory
INFOS: Déploiement du répertoire /home/etudiant/lh150094/tomcat/webapps/examples de l'application web
janv. 21, 2019 11:01:31 AM org.apache.catalina.startup.HostConfig deployDirectory
INFOS: Déploiement du répertoire /home/etudiant/lh150094/tomcat/webapps/manager de l'application web
janv. 21, 2019 11:01:31 AM org.apache.catalina.startup.HostConfig deployDirectory
INFOS: Déploiement du répertoire /home/etudiant/lh150094/tomcat/webapps/Appli2 de l'application web
janv. 21, 2019 11:01:31 AM org.apache.catalina.core.ContainerBase addChildInternal
GRAVE: ContainerBase.addChild: start: 
org.apache.catalina.LifecycleException: Failed to start component [StandardEngine[Catalina].StandardHost[localhost].StandardContext[/Appli2]]
	at org.apache.catalina.util.LifecycleBase.start(LifecycleBase.java:154)
	at org.apache.catalina.core.ContainerBase.addChildInternal(ContainerBase.java:901)
	at org.apache.catalina.core.ContainerBase.addChild(ContainerBase.java:877)
	at org.apache.catalina.core.StandardHost.addChild(StandardHost.java:633)
	at org.apache.catalina.startup.HostConfig.deployDirectory(HostConfig.java:1120)
	at org.apache.catalina.startup.HostConfig$DeployDirectory.run(HostConfig.java:1678)
	at java.util.concurrent.Executors$RunnableAdapter.call(Executors.java:511)
	at java.util.concurrent.FutureTask.run(FutureTask.java:266)
	at java.util.concurrent.ThreadPoolExecutor.runWorker(ThreadPoolExecutor.java:1149)
	at java.util.concurrent.ThreadPoolExecutor$Worker.run(ThreadPoolExecutor.java:624)
	at java.lang.Thread.run(Thread.java:748)
Caused by: java.lang.IllegalArgumentException: L'association de servlet (servlet mapping) indique un nom de servlet inconnu 
	at org.apache.catalina.core.StandardContext.addServletMapping(StandardContext.java:3241)
	at org.apache.catalina.core.StandardContext.addServletMapping(StandardContext.java:3220)
	at org.apache.catalina.deploy.WebXml.configureContext(WebXml.java:1367)
	at org.apache.catalina.startup.ContextConfig.webConfig(ContextConfig.java:1346)
	at org.apache.catalina.startup.ContextConfig.configureStart(ContextConfig.java:878)
	at org.apache.catalina.startup.ContextConfig.lifecycleEvent(ContextConfig.java:376)
	at org.apache.catalina.util.LifecycleSupport.fireLifecycleEvent(LifecycleSupport.java:119)
	at org.apache.catalina.util.LifecycleBase.fireLifecycleEvent(LifecycleBase.java:90)
	at org.apache.catalina.core.StandardContext.startInternal(StandardContext.java:5322)
	at org.apache.catalina.util.LifecycleBase.start(LifecycleBase.java:150)
	... 10 more

janv. 21, 2019 11:01:31 AM org.apache.catalina.startup.HostConfig deployDirectory
GRAVE: Erreur lors du déploiement du répertoire /home/etudiant/lh150094/tomcat/webapps/Appli2 de l'application web
java.lang.IllegalStateException: ContainerBase.addChild: start: org.apache.catalina.LifecycleException: Failed to start component [StandardEngine[Catalina].StandardHost[localhost].StandardContext[/Appli2]]
	at org.apache.catalina.core.ContainerBase.addChildInternal(ContainerBase.java:904)
	at org.apache.catalina.core.ContainerBase.addChild(ContainerBase.java:877)
	at org.apache.catalina.core.StandardHost.addChild(StandardHost.java:633)
	at org.apache.catalina.startup.HostConfig.deployDirectory(HostConfig.java:1120)
	at org.apache.catalina.startup.HostConfig$DeployDirectory.run(HostConfig.java:1678)
	at java.util.concurrent.Executors$RunnableAdapter.call(Executors.java:511)
	at java.util.concurrent.FutureTask.run(FutureTask.java:266)
	at java.util.concurrent.ThreadPoolExecutor.runWorker(ThreadPoolExecutor.java:1149)
	at java.util.concurrent.ThreadPoolExecutor$Worker.run(ThreadPoolExecutor.java:624)
	at java.lang.Thread.run(Thread.java:748)

janv. 21, 2019 11:01:31 AM org.apache.catalina.startup.HostConfig deployDirectory
INFOS: Déploiement du répertoire /home/etudiant/lh150094/tomcat/webapps/Appli1 de l'application web
janv. 21, 2019 11:01:31 AM org.apache.coyote.AbstractProtocol start
INFOS: Starting ProtocolHandler ["http-bio-8200"]
janv. 21, 2019 11:01:31 AM org.apache.coyote.AbstractProtocol start
INFOS: Starting ProtocolHandler ["ajp-bio-8300"]
janv. 21, 2019 11:01:31 AM org.apache.catalina.startup.Catalina start
INFOS: Server startup in 1657 ms
janv. 21, 2019 11:04:03 AM org.apache.catalina.core.StandardServer await
INFOS: A valid shutdown command was received via the shutdown port. Stopping the Server instance.
janv. 21, 2019 11:04:03 AM org.apache.coyote.AbstractProtocol pause
INFOS: Pausing ProtocolHandler ["http-bio-8200"]
janv. 21, 2019 11:04:04 AM org.apache.coyote.AbstractProtocol pause
INFOS: Pausing ProtocolHandler ["ajp-bio-8300"]
janv. 21, 2019 11:04:04 AM org.apache.catalina.core.StandardService stopInternal
INFOS: Arrêt du service Catalina
janv. 21, 2019 11:04:04 AM org.apache.coyote.AbstractProtocol stop
INFOS: Stopping ProtocolHandler ["http-bio-8200"]
janv. 21, 2019 11:04:05 AM org.apache.catalina.core.AprLifecycleListener init
INFOS: The APR based Apache Tomcat Native library which allows optimal performance in production environments was not found on the java.library.path: /usr/java/packages/lib/amd64:/usr/lib/x86_64-linux-gnu/jni:/lib/x86_64-linux-gnu:/usr/lib/x86_64-linux-gnu:/usr/lib/jni:/lib:/usr/lib
janv. 21, 2019 11:04:05 AM org.apache.coyote.AbstractProtocol init
INFOS: Initializing ProtocolHandler ["http-bio-8200"]
janv. 21, 2019 11:04:05 AM org.apache.coyote.AbstractProtocol init
GRAVE: Failed to initialize end point associated with ProtocolHandler ["http-bio-8200"]
java.net.BindException: Adresse déjà utilisée (Bind failed) <null>:8200
	at org.apache.tomcat.util.net.JIoEndpoint.bind(JIoEndpoint.java:407)
	at org.apache.tomcat.util.net.AbstractEndpoint.init(AbstractEndpoint.java:623)
	at org.apache.coyote.AbstractProtocol.init(AbstractProtocol.java:434)
	at org.apache.coyote.http11.AbstractHttp11JsseProtocol.init(AbstractHttp11JsseProtocol.java:119)
	at org.apache.catalina.connector.Connector.initInternal(Connector.java:981)
	at org.apache.catalina.util.LifecycleBase.init(LifecycleBase.java:102)
	at org.apache.catalina.core.StandardService.initInternal(StandardService.java:559)
	at org.apache.catalina.util.LifecycleBase.init(LifecycleBase.java:102)
	at org.apache.catalina.core.StandardServer.initInternal(StandardServer.java:814)
	at org.apache.catalina.util.LifecycleBase.init(LifecycleBase.java:102)
	at org.apache.catalina.startup.Catalina.load(Catalina.java:640)
	at org.apache.catalina.startup.Catalina.load(Catalina.java:665)
	at sun.reflect.NativeMethodAccessorImpl.invoke0(Native Method)
	at sun.reflect.NativeMethodAccessorImpl.invoke(NativeMethodAccessorImpl.java:62)
	at sun.reflect.DelegatingMethodAccessorImpl.invoke(DelegatingMethodAccessorImpl.java:43)
	at java.lang.reflect.Method.invoke(Method.java:498)
	at org.apache.catalina.startup.Bootstrap.load(Bootstrap.java:281)
	at org.apache.catalina.startup.Bootstrap.main(Bootstrap.java:455)
Caused by: java.net.BindException: Adresse déjà utilisée (Bind failed)
	at java.net.PlainSocketImpl.socketBind(Native Method)
	at java.net.AbstractPlainSocketImpl.bind(AbstractPlainSocketImpl.java:387)
	at java.net.ServerSocket.bind(ServerSocket.java:375)
	at java.net.ServerSocket.<init>(ServerSocket.java:237)
	at java.net.ServerSocket.<init>(ServerSocket.java:181)
	at org.apache.tomcat.util.net.DefaultServerSocketFactory.createSocket(DefaultServerSocketFactory.java:49)
	at org.apache.tomcat.util.net.JIoEndpoint.bind(JIoEndpoint.java:394)
	... 17 more

janv. 21, 2019 11:04:05 AM org.apache.catalina.core.StandardService initInternal
GRAVE: Failed to initialize connector [Connector[HTTP/1.1-8200]]
org.apache.catalina.LifecycleException: Failed to initialize component [Connector[HTTP/1.1-8200]]
	at org.apache.catalina.util.LifecycleBase.init(LifecycleBase.java:106)
	at org.apache.catalina.core.StandardService.initInternal(StandardService.java:559)
	at org.apache.catalina.util.LifecycleBase.init(LifecycleBase.java:102)
	at org.apache.catalina.core.StandardServer.initInternal(StandardServer.java:814)
	at org.apache.catalina.util.LifecycleBase.init(LifecycleBase.java:102)
	at org.apache.catalina.startup.Catalina.load(Catalina.java:640)
	at org.apache.catalina.startup.Catalina.load(Catalina.java:665)
	at sun.reflect.NativeMethodAccessorImpl.invoke0(Native Method)
	at sun.reflect.NativeMethodAccessorImpl.invoke(NativeMethodAccessorImpl.java:62)
	at sun.reflect.DelegatingMethodAccessorImpl.invoke(DelegatingMethodAccessorImpl.java:43)
	at java.lang.reflect.Method.invoke(Method.java:498)
	at org.apache.catalina.startup.Bootstrap.load(Bootstrap.java:281)
	at org.apache.catalina.startup.Bootstrap.main(Bootstrap.java:455)
Caused by: org.apache.catalina.LifecycleException: L''initialisation du gestionnaire de protocole a échoué
	at org.apache.catalina.connector.Connector.initInternal(Connector.java:983)
	at org.apache.catalina.util.LifecycleBase.init(LifecycleBase.java:102)
	... 12 more
Caused by: java.net.BindException: Adresse déjà utilisée (Bind failed) <null>:8200
	at org.apache.tomcat.util.net.JIoEndpoint.bind(JIoEndpoint.java:407)
	at org.apache.tomcat.util.net.AbstractEndpoint.init(AbstractEndpoint.java:623)
	at org.apache.coyote.AbstractProtocol.init(AbstractProtocol.java:434)
	at org.apache.coyote.http11.AbstractHttp11JsseProtocol.init(AbstractHttp11JsseProtocol.java:119)
	at org.apache.catalina.connector.Connector.initInternal(Connector.java:981)
	... 13 more
Caused by: java.net.BindException: Adresse déjà utilisée (Bind failed)
	at java.net.PlainSocketImpl.socketBind(Native Method)
	at java.net.AbstractPlainSocketImpl.bind(AbstractPlainSocketImpl.java:387)
	at java.net.ServerSocket.bind(ServerSocket.java:375)
	at java.net.ServerSocket.<init>(ServerSocket.java:237)
	at java.net.ServerSocket.<init>(ServerSocket.java:181)
	at org.apache.tomcat.util.net.DefaultServerSocketFactory.createSocket(DefaultServerSocketFactory.java:49)
	at org.apache.tomcat.util.net.JIoEndpoint.bind(JIoEndpoint.java:394)
	... 17 more

janv. 21, 2019 11:04:05 AM org.apache.coyote.AbstractProtocol init
INFOS: Initializing ProtocolHandler ["ajp-bio-8300"]
janv. 21, 2019 11:04:05 AM org.apache.coyote.AbstractProtocol init
GRAVE: Failed to initialize end point associated with ProtocolHandler ["ajp-bio-8300"]
java.net.BindException: Adresse déjà utilisée (Bind failed) <null>:8300
	at org.apache.tomcat.util.net.JIoEndpoint.bind(JIoEndpoint.java:407)
	at org.apache.tomcat.util.net.AbstractEndpoint.init(AbstractEndpoint.java:623)
	at org.apache.coyote.AbstractProtocol.init(AbstractProtocol.java:434)
	at org.apache.catalina.connector.Connector.initInternal(Connector.java:981)
	at org.apache.catalina.util.LifecycleBase.init(LifecycleBase.java:102)
	at org.apache.catalina.core.StandardService.initInternal(StandardService.java:559)
	at org.apache.catalina.util.LifecycleBase.init(LifecycleBase.java:102)
	at org.apache.catalina.core.StandardServer.initInternal(StandardServer.java:814)
	at org.apache.catalina.util.LifecycleBase.init(LifecycleBase.java:102)
	at org.apache.catalina.startup.Catalina.load(Catalina.java:640)
	at org.apache.catalina.startup.Catalina.load(Catalina.java:665)
	at sun.reflect.NativeMethodAccessorImpl.invoke0(Native Method)
	at sun.reflect.NativeMethodAccessorImpl.invoke(NativeMethodAccessorImpl.java:62)
	at sun.reflect.DelegatingMethodAccessorImpl.invoke(DelegatingMethodAccessorImpl.java:43)
	at java.lang.reflect.Method.invoke(Method.java:498)
	at org.apache.catalina.startup.Bootstrap.load(Bootstrap.java:281)
	at org.apache.catalina.startup.Bootstrap.main(Bootstrap.java:455)
Caused by: java.net.BindException: Adresse déjà utilisée (Bind failed)
	at java.net.PlainSocketImpl.socketBind(Native Method)
	at java.net.AbstractPlainSocketImpl.bind(AbstractPlainSocketImpl.java:387)
	at java.net.ServerSocket.bind(ServerSocket.java:375)
	at java.net.ServerSocket.<init>(ServerSocket.java:237)
	at java.net.ServerSocket.<init>(ServerSocket.java:181)
	at org.apache.tomcat.util.net.DefaultServerSocketFactory.createSocket(DefaultServerSocketFactory.java:49)
	at org.apache.tomcat.util.net.JIoEndpoint.bind(JIoEndpoint.java:394)
	... 16 more

janv. 21, 2019 11:04:05 AM org.apache.catalina.core.StandardService initInternal
GRAVE: Failed to initialize connector [Connector[AJP/1.3-8300]]
org.apache.catalina.LifecycleException: Failed to initialize component [Connector[AJP/1.3-8300]]
	at org.apache.catalina.util.LifecycleBase.init(LifecycleBase.java:106)
	at org.apache.catalina.core.StandardService.initInternal(StandardService.java:559)
	at org.apache.catalina.util.LifecycleBase.init(LifecycleBase.java:102)
	at org.apache.catalina.core.StandardServer.initInternal(StandardServer.java:814)
	at org.apache.catalina.util.LifecycleBase.init(LifecycleBase.java:102)
	at org.apache.catalina.startup.Catalina.load(Catalina.java:640)
	at org.apache.catalina.startup.Catalina.load(Catalina.java:665)
	at sun.reflect.NativeMethodAccessorImpl.invoke0(Native Method)
	at sun.reflect.NativeMethodAccessorImpl.invoke(NativeMethodAccessorImpl.java:62)
	at sun.reflect.DelegatingMethodAccessorImpl.invoke(DelegatingMethodAccessorImpl.java:43)
	at java.lang.reflect.Method.invoke(Method.java:498)
	at org.apache.catalina.startup.Bootstrap.load(Bootstrap.java:281)
	at org.apache.catalina.startup.Bootstrap.main(Bootstrap.java:455)
Caused by: org.apache.catalina.LifecycleException: L''initialisation du gestionnaire de protocole a échoué
	at org.apache.catalina.connector.Connector.initInternal(Connector.java:983)
	at org.apache.catalina.util.LifecycleBase.init(LifecycleBase.java:102)
	... 12 more
Caused by: java.net.BindException: Adresse déjà utilisée (Bind failed) <null>:8300
	at org.apache.tomcat.util.net.JIoEndpoint.bind(JIoEndpoint.java:407)
	at org.apache.tomcat.util.net.AbstractEndpoint.init(AbstractEndpoint.java:623)
	at org.apache.coyote.AbstractProtocol.init(AbstractProtocol.java:434)
	at org.apache.catalina.connector.Connector.initInternal(Connector.java:981)
	... 13 more
Caused by: java.net.BindException: Adresse déjà utilisée (Bind failed)
	at java.net.PlainSocketImpl.socketBind(Native Method)
	at java.net.AbstractPlainSocketImpl.bind(AbstractPlainSocketImpl.java:387)
	at java.net.ServerSocket.bind(ServerSocket.java:375)
	at java.net.ServerSocket.<init>(ServerSocket.java:237)
	at java.net.ServerSocket.<init>(ServerSocket.java:181)
	at org.apache.tomcat.util.net.DefaultServerSocketFactory.createSocket(DefaultServerSocketFactory.java:49)
	at org.apache.tomcat.util.net.JIoEndpoint.bind(JIoEndpoint.java:394)
	... 16 more

janv. 21, 2019 11:04:05 AM org.apache.catalina.startup.Catalina load
INFOS: Initialization processed in 275 ms
janv. 21, 2019 11:04:05 AM org.apache.catalina.core.StandardService startInternal
INFOS: Démarrage du service Catalina
janv. 21, 2019 11:04:05 AM org.apache.catalina.core.StandardEngine startInternal
INFOS: Starting Servlet Engine: Apache Tomcat/7.0.47
janv. 21, 2019 11:04:05 AM org.apache.catalina.startup.HostConfig deployDirectory
INFOS: Déploiement du répertoire /home/etudiant/lh150094/tomcat/webapps/docs de l'application web
janv. 21, 2019 11:04:06 AM org.apache.catalina.startup.HostConfig deployDirectory
INFOS: Déploiement du répertoire /home/etudiant/lh150094/tomcat/webapps/host-manager de l'application web
janv. 21, 2019 11:04:06 AM org.apache.catalina.startup.HostConfig deployDirectory
INFOS: Déploiement du répertoire /home/etudiant/lh150094/tomcat/webapps/ROOT de l'application web
janv. 21, 2019 11:04:06 AM org.apache.catalina.startup.HostConfig deployDirectory
INFOS: Déploiement du répertoire /home/etudiant/lh150094/tomcat/webapps/examples de l'application web
janv. 21, 2019 11:04:06 AM org.apache.catalina.startup.HostConfig deployDirectory
INFOS: Déploiement du répertoire /home/etudiant/lh150094/tomcat/webapps/manager de l'application web
janv. 21, 2019 11:04:06 AM org.apache.catalina.startup.HostConfig deployDirectory
INFOS: Déploiement du répertoire /home/etudiant/lh150094/tomcat/webapps/Appli2 de l'application web
janv. 21, 2019 11:04:06 AM org.apache.catalina.core.ContainerBase addChildInternal
GRAVE: ContainerBase.addChild: start: 
org.apache.catalina.LifecycleException: Failed to start component [StandardEngine[Catalina].StandardHost[localhost].StandardContext[/Appli2]]
	at org.apache.catalina.util.LifecycleBase.start(LifecycleBase.java:154)
	at org.apache.catalina.core.ContainerBase.addChildInternal(ContainerBase.java:901)
	at org.apache.catalina.core.ContainerBase.addChild(ContainerBase.java:877)
	at org.apache.catalina.core.StandardHost.addChild(StandardHost.java:633)
	at org.apache.catalina.startup.HostConfig.deployDirectory(HostConfig.java:1120)
	at org.apache.catalina.startup.HostConfig$DeployDirectory.run(HostConfig.java:1678)
	at java.util.concurrent.Executors$RunnableAdapter.call(Executors.java:511)
	at java.util.concurrent.FutureTask.run(FutureTask.java:266)
	at java.util.concurrent.ThreadPoolExecutor.runWorker(ThreadPoolExecutor.java:1149)
	at java.util.concurrent.ThreadPoolExecutor$Worker.run(ThreadPoolExecutor.java:624)
	at java.lang.Thread.run(Thread.java:748)
Caused by: java.lang.IllegalArgumentException: L'association de servlet (servlet mapping) indique un nom de servlet inconnu 
	at org.apache.catalina.core.StandardContext.addServletMapping(StandardContext.java:3241)
	at org.apache.catalina.core.StandardContext.addServletMapping(StandardContext.java:3220)
	at org.apache.catalina.deploy.WebXml.configureContext(WebXml.java:1367)
	at org.apache.catalina.startup.ContextConfig.webConfig(ContextConfig.java:1346)
	at org.apache.catalina.startup.ContextConfig.configureStart(ContextConfig.java:878)
	at org.apache.catalina.startup.ContextConfig.lifecycleEvent(ContextConfig.java:376)
	at org.apache.catalina.util.LifecycleSupport.fireLifecycleEvent(LifecycleSupport.java:119)
	at org.apache.catalina.util.LifecycleBase.fireLifecycleEvent(LifecycleBase.java:90)
	at org.apache.catalina.core.StandardContext.startInternal(StandardContext.java:5322)
	at org.apache.catalina.util.LifecycleBase.start(LifecycleBase.java:150)
	... 10 more

janv. 21, 2019 11:04:06 AM org.apache.catalina.startup.HostConfig deployDirectory
GRAVE: Erreur lors du déploiement du répertoire /home/etudiant/lh150094/tomcat/webapps/Appli2 de l'application web
java.lang.IllegalStateException: ContainerBase.addChild: start: org.apache.catalina.LifecycleException: Failed to start component [StandardEngine[Catalina].StandardHost[localhost].StandardContext[/Appli2]]
	at org.apache.catalina.core.ContainerBase.addChildInternal(ContainerBase.java:904)
	at org.apache.catalina.core.ContainerBase.addChild(ContainerBase.java:877)
	at org.apache.catalina.core.StandardHost.addChild(StandardHost.java:633)
	at org.apache.catalina.startup.HostConfig.deployDirectory(HostConfig.java:1120)
	at org.apache.catalina.startup.HostConfig$DeployDirectory.run(HostConfig.java:1678)
	at java.util.concurrent.Executors$RunnableAdapter.call(Executors.java:511)
	at java.util.concurrent.FutureTask.run(FutureTask.java:266)
	at java.util.concurrent.ThreadPoolExecutor.runWorker(ThreadPoolExecutor.java:1149)
	at java.util.concurrent.ThreadPoolExecutor$Worker.run(ThreadPoolExecutor.java:624)
	at java.lang.Thread.run(Thread.java:748)

janv. 21, 2019 11:04:06 AM org.apache.catalina.startup.HostConfig deployDirectory
INFOS: Déploiement du répertoire /home/etudiant/lh150094/tomcat/webapps/Appli1 de l'application web
janv. 21, 2019 11:04:06 AM org.apache.catalina.startup.Catalina start
INFOS: Server startup in 1147 ms
janv. 21, 2019 11:04:06 AM org.apache.coyote.AbstractProtocol stop
INFOS: Stopping ProtocolHandler ["ajp-bio-8300"]
janv. 21, 2019 11:04:06 AM org.apache.coyote.AbstractProtocol destroy
INFOS: Destroying ProtocolHandler ["http-bio-8200"]
janv. 21, 2019 11:04:06 AM org.apache.coyote.AbstractProtocol destroy
INFOS: Destroying ProtocolHandler ["ajp-bio-8300"]
janv. 21, 2019 11:04:15 AM org.apache.catalina.core.StandardServer await
INFOS: A valid shutdown command was received via the shutdown port. Stopping the Server instance.
janv. 21, 2019 11:04:15 AM org.apache.coyote.AbstractProtocol pause
INFOS: Pausing ProtocolHandler ["http-bio-8200"]
janv. 21, 2019 11:04:15 AM org.apache.coyote.AbstractProtocol pause
INFOS: Pausing ProtocolHandler ["ajp-bio-8300"]
janv. 21, 2019 11:04:15 AM org.apache.catalina.core.StandardService stopInternal
INFOS: Arrêt du service Catalina
janv. 21, 2019 11:04:15 AM org.apache.coyote.AbstractProtocol stop
INFOS: Stopping ProtocolHandler ["http-bio-8200"]
janv. 21, 2019 11:04:15 AM org.apache.coyote.AbstractProtocol destroy
INFOS: Destroying ProtocolHandler ["http-bio-8200"]
janv. 21, 2019 11:04:15 AM org.apache.coyote.AbstractProtocol stop
INFOS: Stopping ProtocolHandler ["ajp-bio-8300"]
janv. 21, 2019 11:04:15 AM org.apache.coyote.AbstractProtocol destroy
INFOS: Destroying ProtocolHandler ["ajp-bio-8300"]
janv. 21, 2019 11:04:21 AM org.apache.catalina.core.AprLifecycleListener init
INFOS: The APR based Apache Tomcat Native library which allows optimal performance in production environments was not found on the java.library.path: /usr/java/packages/lib/amd64:/usr/lib/x86_64-linux-gnu/jni:/lib/x86_64-linux-gnu:/usr/lib/x86_64-linux-gnu:/usr/lib/jni:/lib:/usr/lib
janv. 21, 2019 11:04:21 AM org.apache.coyote.AbstractProtocol init
INFOS: Initializing ProtocolHandler ["http-bio-8200"]
janv. 21, 2019 11:04:21 AM org.apache.coyote.AbstractProtocol init
INFOS: Initializing ProtocolHandler ["ajp-bio-8300"]
janv. 21, 2019 11:04:21 AM org.apache.catalina.startup.Catalina load
INFOS: Initialization processed in 263 ms
janv. 21, 2019 11:04:21 AM org.apache.catalina.core.StandardService startInternal
INFOS: Démarrage du service Catalina
janv. 21, 2019 11:04:21 AM org.apache.catalina.core.StandardEngine startInternal
INFOS: Starting Servlet Engine: Apache Tomcat/7.0.47
janv. 21, 2019 11:04:21 AM org.apache.catalina.startup.HostConfig deployDirectory
INFOS: Déploiement du répertoire /home/etudiant/lh150094/tomcat/webapps/docs de l'application web
janv. 21, 2019 11:04:21 AM org.apache.catalina.startup.HostConfig deployDirectory
INFOS: Déploiement du répertoire /home/etudiant/lh150094/tomcat/webapps/host-manager de l'application web
janv. 21, 2019 11:04:21 AM org.apache.catalina.startup.HostConfig deployDirectory
INFOS: Déploiement du répertoire /home/etudiant/lh150094/tomcat/webapps/ROOT de l'application web
janv. 21, 2019 11:04:21 AM org.apache.catalina.startup.HostConfig deployDirectory
INFOS: Déploiement du répertoire /home/etudiant/lh150094/tomcat/webapps/examples de l'application web
janv. 21, 2019 11:04:21 AM org.apache.catalina.startup.HostConfig deployDirectory
INFOS: Déploiement du répertoire /home/etudiant/lh150094/tomcat/webapps/manager de l'application web
janv. 21, 2019 11:04:21 AM org.apache.catalina.startup.HostConfig deployDirectory
INFOS: Déploiement du répertoire /home/etudiant/lh150094/tomcat/webapps/Appli2 de l'application web
janv. 21, 2019 11:04:21 AM org.apache.catalina.core.ContainerBase addChildInternal
GRAVE: ContainerBase.addChild: start: 
org.apache.catalina.LifecycleException: Failed to start component [StandardEngine[Catalina].StandardHost[localhost].StandardContext[/Appli2]]
	at org.apache.catalina.util.LifecycleBase.start(LifecycleBase.java:154)
	at org.apache.catalina.core.ContainerBase.addChildInternal(ContainerBase.java:901)
	at org.apache.catalina.core.ContainerBase.addChild(ContainerBase.java:877)
	at org.apache.catalina.core.StandardHost.addChild(StandardHost.java:633)
	at org.apache.catalina.startup.HostConfig.deployDirectory(HostConfig.java:1120)
	at org.apache.catalina.startup.HostConfig$DeployDirectory.run(HostConfig.java:1678)
	at java.util.concurrent.Executors$RunnableAdapter.call(Executors.java:511)
	at java.util.concurrent.FutureTask.run(FutureTask.java:266)
	at java.util.concurrent.ThreadPoolExecutor.runWorker(ThreadPoolExecutor.java:1149)
	at java.util.concurrent.ThreadPoolExecutor$Worker.run(ThreadPoolExecutor.java:624)
	at java.lang.Thread.run(Thread.java:748)
Caused by: java.lang.IllegalArgumentException: L'association de servlet (servlet mapping) indique un nom de servlet inconnu 
	at org.apache.catalina.core.StandardContext.addServletMapping(StandardContext.java:3241)
	at org.apache.catalina.core.StandardContext.addServletMapping(StandardContext.java:3220)
	at org.apache.catalina.deploy.WebXml.configureContext(WebXml.java:1367)
	at org.apache.catalina.startup.ContextConfig.webConfig(ContextConfig.java:1346)
	at org.apache.catalina.startup.ContextConfig.configureStart(ContextConfig.java:878)
	at org.apache.catalina.startup.ContextConfig.lifecycleEvent(ContextConfig.java:376)
	at org.apache.catalina.util.LifecycleSupport.fireLifecycleEvent(LifecycleSupport.java:119)
	at org.apache.catalina.util.LifecycleBase.fireLifecycleEvent(LifecycleBase.java:90)
	at org.apache.catalina.core.StandardContext.startInternal(StandardContext.java:5322)
	at org.apache.catalina.util.LifecycleBase.start(LifecycleBase.java:150)
	... 10 more

janv. 21, 2019 11:04:21 AM org.apache.catalina.startup.HostConfig deployDirectory
GRAVE: Erreur lors du déploiement du répertoire /home/etudiant/lh150094/tomcat/webapps/Appli2 de l'application web
java.lang.IllegalStateException: ContainerBase.addChild: start: org.apache.catalina.LifecycleException: Failed to start component [StandardEngine[Catalina].StandardHost[localhost].StandardContext[/Appli2]]
	at org.apache.catalina.core.ContainerBase.addChildInternal(ContainerBase.java:904)
	at org.apache.catalina.core.ContainerBase.addChild(ContainerBase.java:877)
	at org.apache.catalina.core.StandardHost.addChild(StandardHost.java:633)
	at org.apache.catalina.startup.HostConfig.deployDirectory(HostConfig.java:1120)
	at org.apache.catalina.startup.HostConfig$DeployDirectory.run(HostConfig.java:1678)
	at java.util.concurrent.Executors$RunnableAdapter.call(Executors.java:511)
	at java.util.concurrent.FutureTask.run(FutureTask.java:266)
	at java.util.concurrent.ThreadPoolExecutor.runWorker(ThreadPoolExecutor.java:1149)
	at java.util.concurrent.ThreadPoolExecutor$Worker.run(ThreadPoolExecutor.java:624)
	at java.lang.Thread.run(Thread.java:748)

janv. 21, 2019 11:04:21 AM org.apache.catalina.startup.HostConfig deployDirectory
INFOS: Déploiement du répertoire /home/etudiant/lh150094/tomcat/webapps/Appli1 de l'application web
janv. 21, 2019 11:04:21 AM org.apache.coyote.AbstractProtocol start
INFOS: Starting ProtocolHandler ["http-bio-8200"]
janv. 21, 2019 11:04:21 AM org.apache.coyote.AbstractProtocol start
INFOS: Starting ProtocolHandler ["ajp-bio-8300"]
janv. 21, 2019 11:04:21 AM org.apache.catalina.startup.Catalina start
INFOS: Server startup in 651 ms
janv. 21, 2019 11:44:49 AM org.apache.catalina.core.StandardServer await
INFOS: A valid shutdown command was received via the shutdown port. Stopping the Server instance.
janv. 21, 2019 11:44:49 AM org.apache.coyote.AbstractProtocol pause
INFOS: Pausing ProtocolHandler ["http-bio-8200"]
janv. 21, 2019 11:44:49 AM org.apache.coyote.AbstractProtocol pause
INFOS: Pausing ProtocolHandler ["ajp-bio-8300"]
janv. 21, 2019 11:44:49 AM org.apache.catalina.core.StandardService stopInternal
INFOS: Arrêt du service Catalina
janv. 21, 2019 11:44:49 AM org.apache.coyote.AbstractProtocol stop
INFOS: Stopping ProtocolHandler ["http-bio-8200"]
janv. 21, 2019 11:44:54 AM org.apache.tomcat.util.net.AbstractEndpoint shutdownExecutor
AVERTISSEMENT: The executor associated with thread pool [http-bio-8200] has not fully shutdown. Some application threads may still be running.
janv. 21, 2019 11:44:54 AM org.apache.coyote.AbstractProtocol stop
INFOS: Stopping ProtocolHandler ["ajp-bio-8300"]
janv. 21, 2019 11:44:54 AM org.apache.coyote.AbstractProtocol destroy
INFOS: Destroying ProtocolHandler ["http-bio-8200"]
janv. 21, 2019 11:44:54 AM org.apache.coyote.AbstractProtocol destroy
INFOS: Destroying ProtocolHandler ["ajp-bio-8300"]
janv. 21, 2019 1:17:01 PM org.apache.catalina.core.AprLifecycleListener init
INFOS: The APR based Apache Tomcat Native library which allows optimal performance in production environments was not found on the java.library.path: /usr/java/packages/lib/amd64:/usr/lib/x86_64-linux-gnu/jni:/lib/x86_64-linux-gnu:/usr/lib/x86_64-linux-gnu:/usr/lib/jni:/lib:/usr/lib
janv. 21, 2019 1:17:01 PM org.apache.coyote.AbstractProtocol init
INFOS: Initializing ProtocolHandler ["http-bio-8200"]
janv. 21, 2019 1:17:01 PM org.apache.coyote.AbstractProtocol init
INFOS: Initializing ProtocolHandler ["ajp-bio-8300"]
janv. 21, 2019 1:17:01 PM org.apache.catalina.startup.Catalina load
INFOS: Initialization processed in 305 ms
janv. 21, 2019 1:17:01 PM org.apache.catalina.core.StandardService startInternal
INFOS: Démarrage du service Catalina
janv. 21, 2019 1:17:01 PM org.apache.catalina.core.StandardEngine startInternal
INFOS: Starting Servlet Engine: Apache Tomcat/7.0.47
janv. 21, 2019 1:17:01 PM org.apache.catalina.startup.HostConfig deployDirectory
INFOS: Déploiement du répertoire /home/etudiant/lh150094/tomcat/webapps/docs de l'application web
janv. 21, 2019 1:17:01 PM org.apache.catalina.startup.HostConfig deployDirectory
INFOS: Déploiement du répertoire /home/etudiant/lh150094/tomcat/webapps/host-manager de l'application web
janv. 21, 2019 1:17:01 PM org.apache.catalina.startup.HostConfig deployDirectory
INFOS: Déploiement du répertoire /home/etudiant/lh150094/tomcat/webapps/ROOT de l'application web
janv. 21, 2019 1:17:02 PM org.apache.catalina.startup.HostConfig deployDirectory
INFOS: Déploiement du répertoire /home/etudiant/lh150094/tomcat/webapps/examples de l'application web
janv. 21, 2019 1:17:04 PM org.apache.catalina.startup.HostConfig deployDirectory
INFOS: Déploiement du répertoire /home/etudiant/lh150094/tomcat/webapps/manager de l'application web
janv. 21, 2019 1:17:04 PM org.apache.catalina.startup.HostConfig deployDirectory
INFOS: Déploiement du répertoire /home/etudiant/lh150094/tomcat/webapps/Appli2 de l'application web
janv. 21, 2019 1:17:04 PM org.apache.catalina.core.ContainerBase addChildInternal
GRAVE: ContainerBase.addChild: start: 
org.apache.catalina.LifecycleException: Failed to start component [StandardEngine[Catalina].StandardHost[localhost].StandardContext[/Appli2]]
	at org.apache.catalina.util.LifecycleBase.start(LifecycleBase.java:154)
	at org.apache.catalina.core.ContainerBase.addChildInternal(ContainerBase.java:901)
	at org.apache.catalina.core.ContainerBase.addChild(ContainerBase.java:877)
	at org.apache.catalina.core.StandardHost.addChild(StandardHost.java:633)
	at org.apache.catalina.startup.HostConfig.deployDirectory(HostConfig.java:1120)
	at org.apache.catalina.startup.HostConfig$DeployDirectory.run(HostConfig.java:1678)
	at java.util.concurrent.Executors$RunnableAdapter.call(Executors.java:511)
	at java.util.concurrent.FutureTask.run(FutureTask.java:266)
	at java.util.concurrent.ThreadPoolExecutor.runWorker(ThreadPoolExecutor.java:1149)
	at java.util.concurrent.ThreadPoolExecutor$Worker.run(ThreadPoolExecutor.java:624)
	at java.lang.Thread.run(Thread.java:748)
Caused by: java.lang.IllegalArgumentException: L'association de servlet (servlet mapping) indique un nom de servlet inconnu 
	at org.apache.catalina.core.StandardContext.addServletMapping(StandardContext.java:3241)
	at org.apache.catalina.core.StandardContext.addServletMapping(StandardContext.java:3220)
	at org.apache.catalina.deploy.WebXml.configureContext(WebXml.java:1367)
	at org.apache.catalina.startup.ContextConfig.webConfig(ContextConfig.java:1346)
	at org.apache.catalina.startup.ContextConfig.configureStart(ContextConfig.java:878)
	at org.apache.catalina.startup.ContextConfig.lifecycleEvent(ContextConfig.java:376)
	at org.apache.catalina.util.LifecycleSupport.fireLifecycleEvent(LifecycleSupport.java:119)
	at org.apache.catalina.util.LifecycleBase.fireLifecycleEvent(LifecycleBase.java:90)
	at org.apache.catalina.core.StandardContext.startInternal(StandardContext.java:5322)
	at org.apache.catalina.util.LifecycleBase.start(LifecycleBase.java:150)
	... 10 more

janv. 21, 2019 1:17:04 PM org.apache.catalina.startup.HostConfig deployDirectory
GRAVE: Erreur lors du déploiement du répertoire /home/etudiant/lh150094/tomcat/webapps/Appli2 de l'application web
java.lang.IllegalStateException: ContainerBase.addChild: start: org.apache.catalina.LifecycleException: Failed to start component [StandardEngine[Catalina].StandardHost[localhost].StandardContext[/Appli2]]
	at org.apache.catalina.core.ContainerBase.addChildInternal(ContainerBase.java:904)
	at org.apache.catalina.core.ContainerBase.addChild(ContainerBase.java:877)
	at org.apache.catalina.core.StandardHost.addChild(StandardHost.java:633)
	at org.apache.catalina.startup.HostConfig.deployDirectory(HostConfig.java:1120)
	at org.apache.catalina.startup.HostConfig$DeployDirectory.run(HostConfig.java:1678)
	at java.util.concurrent.Executors$RunnableAdapter.call(Executors.java:511)
	at java.util.concurrent.FutureTask.run(FutureTask.java:266)
	at java.util.concurrent.ThreadPoolExecutor.runWorker(ThreadPoolExecutor.java:1149)
	at java.util.concurrent.ThreadPoolExecutor$Worker.run(ThreadPoolExecutor.java:624)
	at java.lang.Thread.run(Thread.java:748)

janv. 21, 2019 1:17:04 PM org.apache.catalina.startup.HostConfig deployDirectory
INFOS: Déploiement du répertoire /home/etudiant/lh150094/tomcat/webapps/Appli1 de l'application web
janv. 21, 2019 1:17:04 PM org.apache.coyote.AbstractProtocol start
INFOS: Starting ProtocolHandler ["http-bio-8200"]
janv. 21, 2019 1:17:04 PM org.apache.coyote.AbstractProtocol start
INFOS: Starting ProtocolHandler ["ajp-bio-8300"]
janv. 21, 2019 1:17:04 PM org.apache.catalina.startup.Catalina start
INFOS: Server startup in 3046 ms
janv. 21, 2019 1:38:00 PM org.apache.catalina.startup.HostConfig checkResources
INFOS: Reloading context [/Appli2]
janv. 21, 2019 1:38:00 PM org.apache.tomcat.util.digester.Digester fatalError
GRAVE: Parse Fatal Error at line 15 column 6: La cible de l'instruction de traitement correspondant à "[xX][mM][lL]" n'est pas autorisée.
org.xml.sax.SAXParseException; systemId: jndi:/localhost/Appli2/WEB-INF/web.xml; lineNumber: 15; columnNumber: 6; La cible de l'instruction de traitement correspondant à "[xX][mM][lL]" n'est pas autorisée.
	at com.sun.org.apache.xerces.internal.util.ErrorHandlerWrapper.createSAXParseException(ErrorHandlerWrapper.java:203)
	at com.sun.org.apache.xerces.internal.util.ErrorHandlerWrapper.fatalError(ErrorHandlerWrapper.java:177)
	at com.sun.org.apache.xerces.internal.impl.XMLErrorReporter.reportError(XMLErrorReporter.java:400)
	at com.sun.org.apache.xerces.internal.impl.XMLErrorReporter.reportError(XMLErrorReporter.java:327)
	at com.sun.org.apache.xerces.internal.impl.XMLScanner.reportFatalError(XMLScanner.java:1472)
	at com.sun.org.apache.xerces.internal.impl.XMLScanner.scanPIData(XMLScanner.java:746)
	at com.sun.org.apache.xerces.internal.impl.XMLDocumentFragmentScannerImpl.scanPIData(XMLDocumentFragmentScannerImpl.java:1014)
	at com.sun.org.apache.xerces.internal.impl.XMLScanner.scanPI(XMLScanner.java:714)
	at com.sun.org.apache.xerces.internal.impl.XMLDocumentScannerImpl$TrailingMiscDriver.next(XMLDocumentScannerImpl.java:1413)
	at com.sun.org.apache.xerces.internal.impl.XMLDocumentScannerImpl.next(XMLDocumentScannerImpl.java:602)
	at com.sun.org.apache.xerces.internal.impl.XMLDocumentFragmentScannerImpl.scanDocument(XMLDocumentFragmentScannerImpl.java:505)
	at com.sun.org.apache.xerces.internal.parsers.XML11Configuration.parse(XML11Configuration.java:842)
	at com.sun.org.apache.xerces.internal.parsers.XML11Configuration.parse(XML11Configuration.java:771)
	at com.sun.org.apache.xerces.internal.parsers.XMLParser.parse(XMLParser.java:141)
	at com.sun.org.apache.xerces.internal.parsers.AbstractSAXParser.parse(AbstractSAXParser.java:1213)
	at com.sun.org.apache.xerces.internal.jaxp.SAXParserImpl$JAXPSAXParser.parse(SAXParserImpl.java:643)
	at org.apache.tomcat.util.digester.Digester.parse(Digester.java:1537)
	at org.apache.catalina.startup.ContextConfig.parseWebXml(ContextConfig.java:1899)
	at org.apache.catalina.startup.ContextConfig.webConfig(ContextConfig.java:1252)
	at org.apache.catalina.startup.ContextConfig.configureStart(ContextConfig.java:878)
	at org.apache.catalina.startup.ContextConfig.lifecycleEvent(ContextConfig.java:376)
	at org.apache.catalina.util.LifecycleSupport.fireLifecycleEvent(LifecycleSupport.java:119)
	at org.apache.catalina.util.LifecycleBase.fireLifecycleEvent(LifecycleBase.java:90)
	at org.apache.catalina.core.StandardContext.startInternal(StandardContext.java:5322)
	at org.apache.catalina.util.LifecycleBase.start(LifecycleBase.java:150)
	at org.apache.catalina.startup.HostConfig.checkResources(HostConfig.java:1282)
	at org.apache.catalina.startup.HostConfig.check(HostConfig.java:1446)
	at org.apache.catalina.startup.HostConfig.lifecycleEvent(HostConfig.java:322)
	at org.apache.catalina.util.LifecycleSupport.fireLifecycleEvent(LifecycleSupport.java:119)
	at org.apache.catalina.util.LifecycleBase.fireLifecycleEvent(LifecycleBase.java:90)
	at org.apache.catalina.core.ContainerBase.backgroundProcess(ContainerBase.java:1374)
	at org.apache.catalina.core.ContainerBase$ContainerBackgroundProcessor.processChildren(ContainerBase.java:1530)
	at org.apache.catalina.core.ContainerBase$ContainerBackgroundProcessor.processChildren(ContainerBase.java:1540)
	at org.apache.catalina.core.ContainerBase$ContainerBackgroundProcessor.run(ContainerBase.java:1519)
	at java.lang.Thread.run(Thread.java:748)

janv. 21, 2019 1:38:00 PM org.apache.catalina.startup.ContextConfig parseWebXml
GRAVE: Erreur d'évaluation (parse) dans le fichier web.xml de l'application à jndi:/localhost/Appli2/WEB-INF/web.xml
org.xml.sax.SAXParseException; systemId: jndi:/localhost/Appli2/WEB-INF/web.xml; lineNumber: 15; columnNumber: 6; La cible de l'instruction de traitement correspondant à "[xX][mM][lL]" n'est pas autorisée.
	at com.sun.org.apache.xerces.internal.util.ErrorHandlerWrapper.createSAXParseException(ErrorHandlerWrapper.java:203)
	at com.sun.org.apache.xerces.internal.util.ErrorHandlerWrapper.fatalError(ErrorHandlerWrapper.java:177)
	at com.sun.org.apache.xerces.internal.impl.XMLErrorReporter.reportError(XMLErrorReporter.java:400)
	at com.sun.org.apache.xerces.internal.impl.XMLErrorReporter.reportError(XMLErrorReporter.java:327)
	at com.sun.org.apache.xerces.internal.impl.XMLScanner.reportFatalError(XMLScanner.java:1472)
	at com.sun.org.apache.xerces.internal.impl.XMLScanner.scanPIData(XMLScanner.java:746)
	at com.sun.org.apache.xerces.internal.impl.XMLDocumentFragmentScannerImpl.scanPIData(XMLDocumentFragmentScannerImpl.java:1014)
	at com.sun.org.apache.xerces.internal.impl.XMLScanner.scanPI(XMLScanner.java:714)
	at com.sun.org.apache.xerces.internal.impl.XMLDocumentScannerImpl$TrailingMiscDriver.next(XMLDocumentScannerImpl.java:1413)
	at com.sun.org.apache.xerces.internal.impl.XMLDocumentScannerImpl.next(XMLDocumentScannerImpl.java:602)
	at com.sun.org.apache.xerces.internal.impl.XMLDocumentFragmentScannerImpl.scanDocument(XMLDocumentFragmentScannerImpl.java:505)
	at com.sun.org.apache.xerces.internal.parsers.XML11Configuration.parse(XML11Configuration.java:842)
	at com.sun.org.apache.xerces.internal.parsers.XML11Configuration.parse(XML11Configuration.java:771)
	at com.sun.org.apache.xerces.internal.parsers.XMLParser.parse(XMLParser.java:141)
	at com.sun.org.apache.xerces.internal.parsers.AbstractSAXParser.parse(AbstractSAXParser.java:1213)
	at com.sun.org.apache.xerces.internal.jaxp.SAXParserImpl$JAXPSAXParser.parse(SAXParserImpl.java:643)
	at org.apache.tomcat.util.digester.Digester.parse(Digester.java:1537)
	at org.apache.catalina.startup.ContextConfig.parseWebXml(ContextConfig.java:1899)
	at org.apache.catalina.startup.ContextConfig.webConfig(ContextConfig.java:1252)
	at org.apache.catalina.startup.ContextConfig.configureStart(ContextConfig.java:878)
	at org.apache.catalina.startup.ContextConfig.lifecycleEvent(ContextConfig.java:376)
	at org.apache.catalina.util.LifecycleSupport.fireLifecycleEvent(LifecycleSupport.java:119)
	at org.apache.catalina.util.LifecycleBase.fireLifecycleEvent(LifecycleBase.java:90)
	at org.apache.catalina.core.StandardContext.startInternal(StandardContext.java:5322)
	at org.apache.catalina.util.LifecycleBase.start(LifecycleBase.java:150)
	at org.apache.catalina.startup.HostConfig.checkResources(HostConfig.java:1282)
	at org.apache.catalina.startup.HostConfig.check(HostConfig.java:1446)
	at org.apache.catalina.startup.HostConfig.lifecycleEvent(HostConfig.java:322)
	at org.apache.catalina.util.LifecycleSupport.fireLifecycleEvent(LifecycleSupport.java:119)
	at org.apache.catalina.util.LifecycleBase.fireLifecycleEvent(LifecycleBase.java:90)
	at org.apache.catalina.core.ContainerBase.backgroundProcess(ContainerBase.java:1374)
	at org.apache.catalina.core.ContainerBase$ContainerBackgroundProcessor.processChildren(ContainerBase.java:1530)
	at org.apache.catalina.core.ContainerBase$ContainerBackgroundProcessor.processChildren(ContainerBase.java:1540)
	at org.apache.catalina.core.ContainerBase$ContainerBackgroundProcessor.run(ContainerBase.java:1519)
	at java.lang.Thread.run(Thread.java:748)

janv. 21, 2019 1:38:00 PM org.apache.catalina.startup.ContextConfig parseWebXml
GRAVE: S'est produite à la ligne 15 colonne 6
janv. 21, 2019 1:38:00 PM org.apache.catalina.startup.ContextConfig configureStart
GRAVE: Cette application est marquée comme non disponible suite aux erreurs précédentes
janv. 21, 2019 1:38:00 PM org.apache.catalina.core.StandardContext startInternal
GRAVE: Error getConfigured
janv. 21, 2019 1:38:00 PM org.apache.catalina.core.StandardContext startInternal
GRAVE: Erreur de démarrage du contexte [/Appli2] suite aux erreurs précédentes
janv. 21, 2019 1:38:11 PM org.apache.catalina.startup.HostConfig checkResources
INFOS: Reloading context [/Appli2]
janv. 21, 2019 1:38:11 PM org.apache.tomcat.util.digester.Digester fatalError
GRAVE: Parse Fatal Error at line 15 column 6: La cible de l'instruction de traitement correspondant à "[xX][mM][lL]" n'est pas autorisée.
org.xml.sax.SAXParseException; systemId: jndi:/localhost/Appli2/WEB-INF/web.xml; lineNumber: 15; columnNumber: 6; La cible de l'instruction de traitement correspondant à "[xX][mM][lL]" n'est pas autorisée.
	at com.sun.org.apache.xerces.internal.util.ErrorHandlerWrapper.createSAXParseException(ErrorHandlerWrapper.java:203)
	at com.sun.org.apache.xerces.internal.util.ErrorHandlerWrapper.fatalError(ErrorHandlerWrapper.java:177)
	at com.sun.org.apache.xerces.internal.impl.XMLErrorReporter.reportError(XMLErrorReporter.java:400)
	at com.sun.org.apache.xerces.internal.impl.XMLErrorReporter.reportError(XMLErrorReporter.java:327)
	at com.sun.org.apache.xerces.internal.impl.XMLScanner.reportFatalError(XMLScanner.java:1472)
	at com.sun.org.apache.xerces.internal.impl.XMLScanner.scanPIData(XMLScanner.java:746)
	at com.sun.org.apache.xerces.internal.impl.XMLDocumentFragmentScannerImpl.scanPIData(XMLDocumentFragmentScannerImpl.java:1014)
	at com.sun.org.apache.xerces.internal.impl.XMLScanner.scanPI(XMLScanner.java:714)
	at com.sun.org.apache.xerces.internal.impl.XMLDocumentScannerImpl$TrailingMiscDriver.next(XMLDocumentScannerImpl.java:1413)
	at com.sun.org.apache.xerces.internal.impl.XMLDocumentScannerImpl.next(XMLDocumentScannerImpl.java:602)
	at com.sun.org.apache.xerces.internal.impl.XMLDocumentFragmentScannerImpl.scanDocument(XMLDocumentFragmentScannerImpl.java:505)
	at com.sun.org.apache.xerces.internal.parsers.XML11Configuration.parse(XML11Configuration.java:842)
	at com.sun.org.apache.xerces.internal.parsers.XML11Configuration.parse(XML11Configuration.java:771)
	at com.sun.org.apache.xerces.internal.parsers.XMLParser.parse(XMLParser.java:141)
	at com.sun.org.apache.xerces.internal.parsers.AbstractSAXParser.parse(AbstractSAXParser.java:1213)
	at com.sun.org.apache.xerces.internal.jaxp.SAXParserImpl$JAXPSAXParser.parse(SAXParserImpl.java:643)
	at org.apache.tomcat.util.digester.Digester.parse(Digester.java:1537)
	at org.apache.catalina.startup.ContextConfig.parseWebXml(ContextConfig.java:1899)
	at org.apache.catalina.startup.ContextConfig.webConfig(ContextConfig.java:1252)
	at org.apache.catalina.startup.ContextConfig.configureStart(ContextConfig.java:878)
	at org.apache.catalina.startup.ContextConfig.lifecycleEvent(ContextConfig.java:376)
	at org.apache.catalina.util.LifecycleSupport.fireLifecycleEvent(LifecycleSupport.java:119)
	at org.apache.catalina.util.LifecycleBase.fireLifecycleEvent(LifecycleBase.java:90)
	at org.apache.catalina.core.StandardContext.startInternal(StandardContext.java:5322)
	at org.apache.catalina.util.LifecycleBase.start(LifecycleBase.java:150)
	at org.apache.catalina.startup.HostConfig.checkResources(HostConfig.java:1282)
	at org.apache.catalina.startup.HostConfig.check(HostConfig.java:1446)
	at org.apache.catalina.startup.HostConfig.lifecycleEvent(HostConfig.java:322)
	at org.apache.catalina.util.LifecycleSupport.fireLifecycleEvent(LifecycleSupport.java:119)
	at org.apache.catalina.util.LifecycleBase.fireLifecycleEvent(LifecycleBase.java:90)
	at org.apache.catalina.core.ContainerBase.backgroundProcess(ContainerBase.java:1374)
	at org.apache.catalina.core.ContainerBase$ContainerBackgroundProcessor.processChildren(ContainerBase.java:1530)
	at org.apache.catalina.core.ContainerBase$ContainerBackgroundProcessor.processChildren(ContainerBase.java:1540)
	at org.apache.catalina.core.ContainerBase$ContainerBackgroundProcessor.run(ContainerBase.java:1519)
	at java.lang.Thread.run(Thread.java:748)

janv. 21, 2019 1:38:11 PM org.apache.catalina.startup.ContextConfig parseWebXml
GRAVE: Erreur d'évaluation (parse) dans le fichier web.xml de l'application à jndi:/localhost/Appli2/WEB-INF/web.xml
org.xml.sax.SAXParseException; systemId: jndi:/localhost/Appli2/WEB-INF/web.xml; lineNumber: 15; columnNumber: 6; La cible de l'instruction de traitement correspondant à "[xX][mM][lL]" n'est pas autorisée.
	at com.sun.org.apache.xerces.internal.util.ErrorHandlerWrapper.createSAXParseException(ErrorHandlerWrapper.java:203)
	at com.sun.org.apache.xerces.internal.util.ErrorHandlerWrapper.fatalError(ErrorHandlerWrapper.java:177)
	at com.sun.org.apache.xerces.internal.impl.XMLErrorReporter.reportError(XMLErrorReporter.java:400)
	at com.sun.org.apache.xerces.internal.impl.XMLErrorReporter.reportError(XMLErrorReporter.java:327)
	at com.sun.org.apache.xerces.internal.impl.XMLScanner.reportFatalError(XMLScanner.java:1472)
	at com.sun.org.apache.xerces.internal.impl.XMLScanner.scanPIData(XMLScanner.java:746)
	at com.sun.org.apache.xerces.internal.impl.XMLDocumentFragmentScannerImpl.scanPIData(XMLDocumentFragmentScannerImpl.java:1014)
	at com.sun.org.apache.xerces.internal.impl.XMLScanner.scanPI(XMLScanner.java:714)
	at com.sun.org.apache.xerces.internal.impl.XMLDocumentScannerImpl$TrailingMiscDriver.next(XMLDocumentScannerImpl.java:1413)
	at com.sun.org.apache.xerces.internal.impl.XMLDocumentScannerImpl.next(XMLDocumentScannerImpl.java:602)
	at com.sun.org.apache.xerces.internal.impl.XMLDocumentFragmentScannerImpl.scanDocument(XMLDocumentFragmentScannerImpl.java:505)
	at com.sun.org.apache.xerces.internal.parsers.XML11Configuration.parse(XML11Configuration.java:842)
	at com.sun.org.apache.xerces.internal.parsers.XML11Configuration.parse(XML11Configuration.java:771)
	at com.sun.org.apache.xerces.internal.parsers.XMLParser.parse(XMLParser.java:141)
	at com.sun.org.apache.xerces.internal.parsers.AbstractSAXParser.parse(AbstractSAXParser.java:1213)
	at com.sun.org.apache.xerces.internal.jaxp.SAXParserImpl$JAXPSAXParser.parse(SAXParserImpl.java:643)
	at org.apache.tomcat.util.digester.Digester.parse(Digester.java:1537)
	at org.apache.catalina.startup.ContextConfig.parseWebXml(ContextConfig.java:1899)
	at org.apache.catalina.startup.ContextConfig.webConfig(ContextConfig.java:1252)
	at org.apache.catalina.startup.ContextConfig.configureStart(ContextConfig.java:878)
	at org.apache.catalina.startup.ContextConfig.lifecycleEvent(ContextConfig.java:376)
	at org.apache.catalina.util.LifecycleSupport.fireLifecycleEvent(LifecycleSupport.java:119)
	at org.apache.catalina.util.LifecycleBase.fireLifecycleEvent(LifecycleBase.java:90)
	at org.apache.catalina.core.StandardContext.startInternal(StandardContext.java:5322)
	at org.apache.catalina.util.LifecycleBase.start(LifecycleBase.java:150)
	at org.apache.catalina.startup.HostConfig.checkResources(HostConfig.java:1282)
	at org.apache.catalina.startup.HostConfig.check(HostConfig.java:1446)
	at org.apache.catalina.startup.HostConfig.lifecycleEvent(HostConfig.java:322)
	at org.apache.catalina.util.LifecycleSupport.fireLifecycleEvent(LifecycleSupport.java:119)
	at org.apache.catalina.util.LifecycleBase.fireLifecycleEvent(LifecycleBase.java:90)
	at org.apache.catalina.core.ContainerBase.backgroundProcess(ContainerBase.java:1374)
	at org.apache.catalina.core.ContainerBase$ContainerBackgroundProcessor.processChildren(ContainerBase.java:1530)
	at org.apache.catalina.core.ContainerBase$ContainerBackgroundProcessor.processChildren(ContainerBase.java:1540)
	at org.apache.catalina.core.ContainerBase$ContainerBackgroundProcessor.run(ContainerBase.java:1519)
	at java.lang.Thread.run(Thread.java:748)

janv. 21, 2019 1:38:11 PM org.apache.catalina.startup.ContextConfig parseWebXml
GRAVE: S'est produite à la ligne 15 colonne 6
janv. 21, 2019 1:38:11 PM org.apache.catalina.startup.ContextConfig configureStart
GRAVE: Cette application est marquée comme non disponible suite aux erreurs précédentes
janv. 21, 2019 1:38:11 PM org.apache.catalina.core.StandardContext startInternal
GRAVE: Error getConfigured
janv. 21, 2019 1:38:11 PM org.apache.catalina.core.StandardContext startInternal
GRAVE: Erreur de démarrage du contexte [/Appli2] suite aux erreurs précédentes
janv. 21, 2019 1:38:41 PM org.apache.catalina.startup.HostConfig checkResources
INFOS: Reloading context [/Appli2]
janv. 21, 2019 1:39:06 PM org.apache.catalina.core.StandardServer await
INFOS: A valid shutdown command was received via the shutdown port. Stopping the Server instance.
janv. 21, 2019 1:39:06 PM org.apache.coyote.AbstractProtocol pause
INFOS: Pausing ProtocolHandler ["http-bio-8200"]
janv. 21, 2019 1:39:06 PM org.apache.coyote.AbstractProtocol pause
INFOS: Pausing ProtocolHandler ["ajp-bio-8300"]
janv. 21, 2019 1:39:07 PM org.apache.catalina.core.StandardService stopInternal
INFOS: Arrêt du service Catalina
janv. 21, 2019 1:39:07 PM org.apache.coyote.AbstractProtocol stop
INFOS: Stopping ProtocolHandler ["http-bio-8200"]
janv. 21, 2019 1:39:07 PM org.apache.coyote.AbstractProtocol stop
INFOS: Stopping ProtocolHandler ["ajp-bio-8300"]
janv. 21, 2019 1:39:07 PM org.apache.coyote.AbstractProtocol destroy
INFOS: Destroying ProtocolHandler ["http-bio-8200"]
janv. 21, 2019 1:39:07 PM org.apache.coyote.AbstractProtocol destroy
INFOS: Destroying ProtocolHandler ["ajp-bio-8300"]
janv. 21, 2019 1:39:16 PM org.apache.catalina.core.AprLifecycleListener init
INFOS: The APR based Apache Tomcat Native library which allows optimal performance in production environments was not found on the java.library.path: /usr/java/packages/lib/amd64:/usr/lib/x86_64-linux-gnu/jni:/lib/x86_64-linux-gnu:/usr/lib/x86_64-linux-gnu:/usr/lib/jni:/lib:/usr/lib
janv. 21, 2019 1:39:16 PM org.apache.coyote.AbstractProtocol init
INFOS: Initializing ProtocolHandler ["http-bio-8200"]
janv. 21, 2019 1:39:16 PM org.apache.coyote.AbstractProtocol init
INFOS: Initializing ProtocolHandler ["ajp-bio-8300"]
janv. 21, 2019 1:39:16 PM org.apache.catalina.startup.Catalina load
INFOS: Initialization processed in 725 ms
janv. 21, 2019 1:39:17 PM org.apache.catalina.core.StandardService startInternal
INFOS: Démarrage du service Catalina
janv. 21, 2019 1:39:17 PM org.apache.catalina.core.StandardEngine startInternal
INFOS: Starting Servlet Engine: Apache Tomcat/7.0.47
janv. 21, 2019 1:39:17 PM org.apache.catalina.startup.HostConfig deployDirectory
INFOS: Déploiement du répertoire /home/etudiant/lh150094/tomcat/webapps/docs de l'application web
janv. 21, 2019 1:39:17 PM org.apache.catalina.startup.HostConfig deployDirectory
INFOS: Déploiement du répertoire /home/etudiant/lh150094/tomcat/webapps/host-manager de l'application web
janv. 21, 2019 1:39:17 PM org.apache.catalina.startup.HostConfig deployDirectory
INFOS: Déploiement du répertoire /home/etudiant/lh150094/tomcat/webapps/ROOT de l'application web
janv. 21, 2019 1:39:17 PM org.apache.catalina.startup.HostConfig deployDirectory
INFOS: Déploiement du répertoire /home/etudiant/lh150094/tomcat/webapps/examples de l'application web
janv. 21, 2019 1:39:19 PM org.apache.catalina.startup.HostConfig deployDirectory
INFOS: Déploiement du répertoire /home/etudiant/lh150094/tomcat/webapps/manager de l'application web
janv. 21, 2019 1:39:19 PM org.apache.catalina.startup.HostConfig deployDirectory
INFOS: Déploiement du répertoire /home/etudiant/lh150094/tomcat/webapps/Appli2 de l'application web
janv. 21, 2019 1:39:19 PM org.apache.catalina.startup.HostConfig deployDirectory
INFOS: Déploiement du répertoire /home/etudiant/lh150094/tomcat/webapps/Appli1 de l'application web
janv. 21, 2019 1:39:19 PM org.apache.coyote.AbstractProtocol start
INFOS: Starting ProtocolHandler ["http-bio-8200"]
janv. 21, 2019 1:39:19 PM org.apache.coyote.AbstractProtocol start
INFOS: Starting ProtocolHandler ["ajp-bio-8300"]
janv. 21, 2019 1:39:19 PM org.apache.catalina.startup.Catalina start
INFOS: Server startup in 2443 ms
janv. 21, 2019 1:41:22 PM org.apache.catalina.core.StandardServer await
INFOS: A valid shutdown command was received via the shutdown port. Stopping the Server instance.
janv. 21, 2019 1:41:22 PM org.apache.coyote.AbstractProtocol pause
INFOS: Pausing ProtocolHandler ["http-bio-8200"]
janv. 21, 2019 1:41:22 PM org.apache.coyote.AbstractProtocol pause
INFOS: Pausing ProtocolHandler ["ajp-bio-8300"]
janv. 21, 2019 1:41:22 PM org.apache.catalina.core.StandardService stopInternal
INFOS: Arrêt du service Catalina
janv. 21, 2019 1:41:22 PM org.apache.coyote.AbstractProtocol stop
INFOS: Stopping ProtocolHandler ["http-bio-8200"]
janv. 21, 2019 1:41:22 PM org.apache.coyote.AbstractProtocol stop
INFOS: Stopping ProtocolHandler ["ajp-bio-8300"]
janv. 21, 2019 1:41:22 PM org.apache.coyote.AbstractProtocol destroy
INFOS: Destroying ProtocolHandler ["http-bio-8200"]
janv. 21, 2019 1:41:22 PM org.apache.coyote.AbstractProtocol destroy
INFOS: Destroying ProtocolHandler ["ajp-bio-8300"]
janv. 21, 2019 1:47:49 PM org.apache.catalina.core.AprLifecycleListener init
INFOS: The APR based Apache Tomcat Native library which allows optimal performance in production environments was not found on the java.library.path: /usr/java/packages/lib/amd64:/usr/lib/x86_64-linux-gnu/jni:/lib/x86_64-linux-gnu:/usr/lib/x86_64-linux-gnu:/usr/lib/jni:/lib:/usr/lib
janv. 21, 2019 1:47:49 PM org.apache.coyote.AbstractProtocol init
INFOS: Initializing ProtocolHandler ["http-bio-8200"]
janv. 21, 2019 1:47:49 PM org.apache.coyote.AbstractProtocol init
INFOS: Initializing ProtocolHandler ["ajp-bio-8300"]
janv. 21, 2019 1:47:49 PM org.apache.catalina.startup.Catalina load
INFOS: Initialization processed in 388 ms
janv. 21, 2019 1:47:49 PM org.apache.catalina.core.StandardService startInternal
INFOS: Démarrage du service Catalina
janv. 21, 2019 1:47:49 PM org.apache.catalina.core.StandardEngine startInternal
INFOS: Starting Servlet Engine: Apache Tomcat/7.0.47
janv. 21, 2019 1:47:49 PM org.apache.catalina.startup.HostConfig deployDirectory
INFOS: Déploiement du répertoire /home/etudiant/lh150094/tomcat/webapps/docs de l'application web
janv. 21, 2019 1:47:49 PM org.apache.catalina.startup.HostConfig deployDirectory
INFOS: Déploiement du répertoire /home/etudiant/lh150094/tomcat/webapps/host-manager de l'application web
janv. 21, 2019 1:47:49 PM org.apache.catalina.startup.HostConfig deployDirectory
INFOS: Déploiement du répertoire /home/etudiant/lh150094/tomcat/webapps/ROOT de l'application web
janv. 21, 2019 1:47:50 PM org.apache.catalina.startup.HostConfig deployDirectory
INFOS: Déploiement du répertoire /home/etudiant/lh150094/tomcat/webapps/examples de l'application web
janv. 21, 2019 1:47:51 PM org.apache.catalina.startup.HostConfig deployDirectory
INFOS: Déploiement du répertoire /home/etudiant/lh150094/tomcat/webapps/manager de l'application web
janv. 21, 2019 1:47:52 PM org.apache.catalina.startup.HostConfig deployDirectory
INFOS: Déploiement du répertoire /home/etudiant/lh150094/tomcat/webapps/Appli2 de l'application web
janv. 21, 2019 1:47:52 PM org.apache.catalina.startup.HostConfig deployDirectory
INFOS: Déploiement du répertoire /home/etudiant/lh150094/tomcat/webapps/Appli1 de l'application web
janv. 21, 2019 1:47:52 PM org.apache.coyote.AbstractProtocol start
INFOS: Starting ProtocolHandler ["http-bio-8200"]
janv. 21, 2019 1:47:52 PM org.apache.coyote.AbstractProtocol start
INFOS: Starting ProtocolHandler ["ajp-bio-8300"]
janv. 21, 2019 1:47:53 PM org.apache.catalina.startup.Catalina start
INFOS: Server startup in 4112 ms
janv. 21, 2019 1:49:14 PM org.apache.catalina.core.StandardServer await
INFOS: A valid shutdown command was received via the shutdown port. Stopping the Server instance.
janv. 21, 2019 1:49:14 PM org.apache.coyote.AbstractProtocol pause
INFOS: Pausing ProtocolHandler ["http-bio-8200"]
janv. 21, 2019 1:49:14 PM org.apache.coyote.AbstractProtocol pause
INFOS: Pausing ProtocolHandler ["ajp-bio-8300"]
janv. 21, 2019 1:49:14 PM org.apache.catalina.core.StandardService stopInternal
INFOS: Arrêt du service Catalina
janv. 21, 2019 1:49:15 PM org.apache.coyote.AbstractProtocol stop
INFOS: Stopping ProtocolHandler ["http-bio-8200"]
janv. 21, 2019 1:49:15 PM org.apache.coyote.AbstractProtocol stop
INFOS: Stopping ProtocolHandler ["ajp-bio-8300"]
janv. 21, 2019 1:49:15 PM org.apache.coyote.AbstractProtocol destroy
INFOS: Destroying ProtocolHandler ["http-bio-8200"]
janv. 21, 2019 1:49:15 PM org.apache.coyote.AbstractProtocol destroy
INFOS: Destroying ProtocolHandler ["ajp-bio-8300"]
janv. 21, 2019 1:51:14 PM org.apache.catalina.core.AprLifecycleListener init
INFOS: The APR based Apache Tomcat Native library which allows optimal performance in production environments was not found on the java.library.path: /usr/java/packages/lib/amd64:/usr/lib/x86_64-linux-gnu/jni:/lib/x86_64-linux-gnu:/usr/lib/x86_64-linux-gnu:/usr/lib/jni:/lib:/usr/lib
janv. 21, 2019 1:51:14 PM org.apache.coyote.AbstractProtocol init
INFOS: Initializing ProtocolHandler ["http-bio-8200"]
janv. 21, 2019 1:51:14 PM org.apache.coyote.AbstractProtocol init
INFOS: Initializing ProtocolHandler ["ajp-bio-8300"]
janv. 21, 2019 1:51:14 PM org.apache.catalina.startup.Catalina load
INFOS: Initialization processed in 280 ms
janv. 21, 2019 1:51:14 PM org.apache.catalina.core.StandardService startInternal
INFOS: Démarrage du service Catalina
janv. 21, 2019 1:51:14 PM org.apache.catalina.core.StandardEngine startInternal
INFOS: Starting Servlet Engine: Apache Tomcat/7.0.47
janv. 21, 2019 1:51:14 PM org.apache.catalina.startup.HostConfig deployDirectory
INFOS: Déploiement du répertoire /home/etudiant/lh150094/tomcat/webapps/docs de l'application web
janv. 21, 2019 1:51:15 PM org.apache.catalina.startup.HostConfig deployDirectory
INFOS: Déploiement du répertoire /home/etudiant/lh150094/tomcat/webapps/host-manager de l'application web
janv. 21, 2019 1:51:15 PM org.apache.catalina.startup.HostConfig deployDirectory
INFOS: Déploiement du répertoire /home/etudiant/lh150094/tomcat/webapps/ROOT de l'application web
janv. 21, 2019 1:51:15 PM org.apache.catalina.startup.HostConfig deployDirectory
INFOS: Déploiement du répertoire /home/etudiant/lh150094/tomcat/webapps/examples de l'application web
janv. 21, 2019 1:51:16 PM org.apache.catalina.startup.HostConfig deployDirectory
INFOS: Déploiement du répertoire /home/etudiant/lh150094/tomcat/webapps/manager de l'application web
janv. 21, 2019 1:51:16 PM org.apache.catalina.startup.HostConfig deployDirectory
INFOS: Déploiement du répertoire /home/etudiant/lh150094/tomcat/webapps/Appli2 de l'application web
janv. 21, 2019 1:51:16 PM org.apache.catalina.startup.HostConfig deployDirectory
INFOS: Déploiement du répertoire /home/etudiant/lh150094/tomcat/webapps/Appli1 de l'application web
janv. 21, 2019 1:51:16 PM org.apache.coyote.AbstractProtocol start
INFOS: Starting ProtocolHandler ["http-bio-8200"]
janv. 21, 2019 1:51:16 PM org.apache.coyote.AbstractProtocol start
INFOS: Starting ProtocolHandler ["ajp-bio-8300"]
janv. 21, 2019 1:51:16 PM org.apache.catalina.startup.Catalina start
INFOS: Server startup in 1740 ms
janv. 21, 2019 1:54:37 PM org.apache.catalina.core.StandardServer await
INFOS: A valid shutdown command was received via the shutdown port. Stopping the Server instance.
janv. 21, 2019 1:54:37 PM org.apache.coyote.AbstractProtocol pause
INFOS: Pausing ProtocolHandler ["http-bio-8200"]
janv. 21, 2019 1:54:37 PM org.apache.coyote.AbstractProtocol pause
INFOS: Pausing ProtocolHandler ["ajp-bio-8300"]
janv. 21, 2019 1:54:37 PM org.apache.catalina.core.StandardService stopInternal
INFOS: Arrêt du service Catalina
janv. 21, 2019 1:54:37 PM org.apache.coyote.AbstractProtocol stop
INFOS: Stopping ProtocolHandler ["http-bio-8200"]
janv. 21, 2019 1:54:38 PM org.apache.coyote.AbstractProtocol stop
INFOS: Stopping ProtocolHandler ["ajp-bio-8300"]
janv. 21, 2019 1:54:38 PM org.apache.coyote.AbstractProtocol destroy
INFOS: Destroying ProtocolHandler ["http-bio-8200"]
janv. 21, 2019 1:54:38 PM org.apache.coyote.AbstractProtocol destroy
INFOS: Destroying ProtocolHandler ["ajp-bio-8300"]
janv. 21, 2019 1:55:06 PM org.apache.catalina.core.AprLifecycleListener init
INFOS: The APR based Apache Tomcat Native library which allows optimal performance in production environments was not found on the java.library.path: /usr/java/packages/lib/amd64:/usr/lib/x86_64-linux-gnu/jni:/lib/x86_64-linux-gnu:/usr/lib/x86_64-linux-gnu:/usr/lib/jni:/lib:/usr/lib
janv. 21, 2019 1:55:06 PM org.apache.coyote.AbstractProtocol init
INFOS: Initializing ProtocolHandler ["http-bio-8200"]
janv. 21, 2019 1:55:06 PM org.apache.coyote.AbstractProtocol init
INFOS: Initializing ProtocolHandler ["ajp-bio-8300"]
janv. 21, 2019 1:55:06 PM org.apache.catalina.startup.Catalina load
INFOS: Initialization processed in 286 ms
janv. 21, 2019 1:55:06 PM org.apache.catalina.core.StandardService startInternal
INFOS: Démarrage du service Catalina
janv. 21, 2019 1:55:06 PM org.apache.catalina.core.StandardEngine startInternal
INFOS: Starting Servlet Engine: Apache Tomcat/7.0.47
janv. 21, 2019 1:55:06 PM org.apache.catalina.startup.HostConfig deployDirectory
INFOS: Déploiement du répertoire /home/etudiant/lh150094/tomcat/webapps/docs de l'application web
janv. 21, 2019 1:55:06 PM org.apache.catalina.startup.HostConfig deployDirectory
INFOS: Déploiement du répertoire /home/etudiant/lh150094/tomcat/webapps/host-manager de l'application web
janv. 21, 2019 1:55:06 PM org.apache.catalina.startup.HostConfig deployDirectory
INFOS: Déploiement du répertoire /home/etudiant/lh150094/tomcat/webapps/ROOT de l'application web
janv. 21, 2019 1:55:06 PM org.apache.catalina.startup.HostConfig deployDirectory
INFOS: Déploiement du répertoire /home/etudiant/lh150094/tomcat/webapps/examples de l'application web
janv. 21, 2019 1:55:07 PM org.apache.catalina.startup.HostConfig deployDirectory
INFOS: Déploiement du répertoire /home/etudiant/lh150094/tomcat/webapps/manager de l'application web
janv. 21, 2019 1:55:07 PM org.apache.catalina.startup.HostConfig deployDirectory
INFOS: Déploiement du répertoire /home/etudiant/lh150094/tomcat/webapps/Appli2 de l'application web
janv. 21, 2019 1:55:07 PM org.apache.catalina.startup.HostConfig deployDirectory
INFOS: Déploiement du répertoire /home/etudiant/lh150094/tomcat/webapps/Appli1 de l'application web
janv. 21, 2019 1:55:07 PM org.apache.coyote.AbstractProtocol start
INFOS: Starting ProtocolHandler ["http-bio-8200"]
janv. 21, 2019 1:55:07 PM org.apache.coyote.AbstractProtocol start
INFOS: Starting ProtocolHandler ["ajp-bio-8300"]
janv. 21, 2019 1:55:07 PM org.apache.catalina.startup.Catalina start
INFOS: Server startup in 1326 ms
janv. 21, 2019 1:56:30 PM org.apache.catalina.core.StandardServer await
INFOS: A valid shutdown command was received via the shutdown port. Stopping the Server instance.
janv. 21, 2019 1:56:30 PM org.apache.coyote.AbstractProtocol pause
INFOS: Pausing ProtocolHandler ["http-bio-8200"]
janv. 21, 2019 1:56:30 PM org.apache.coyote.AbstractProtocol pause
INFOS: Pausing ProtocolHandler ["ajp-bio-8300"]
janv. 21, 2019 1:56:30 PM org.apache.catalina.core.StandardService stopInternal
INFOS: Arrêt du service Catalina
janv. 21, 2019 1:56:30 PM org.apache.coyote.AbstractProtocol stop
INFOS: Stopping ProtocolHandler ["http-bio-8200"]
janv. 21, 2019 1:56:30 PM org.apache.coyote.AbstractProtocol stop
INFOS: Stopping ProtocolHandler ["ajp-bio-8300"]
janv. 21, 2019 1:56:30 PM org.apache.coyote.AbstractProtocol destroy
INFOS: Destroying ProtocolHandler ["http-bio-8200"]
janv. 21, 2019 1:56:30 PM org.apache.coyote.AbstractProtocol destroy
INFOS: Destroying ProtocolHandler ["ajp-bio-8300"]
janv. 21, 2019 1:56:34 PM org.apache.catalina.core.AprLifecycleListener init
INFOS: The APR based Apache Tomcat Native library which allows optimal performance in production environments was not found on the java.library.path: /usr/java/packages/lib/amd64:/usr/lib/x86_64-linux-gnu/jni:/lib/x86_64-linux-gnu:/usr/lib/x86_64-linux-gnu:/usr/lib/jni:/lib:/usr/lib
janv. 21, 2019 1:56:34 PM org.apache.coyote.AbstractProtocol init
INFOS: Initializing ProtocolHandler ["http-bio-8200"]
janv. 21, 2019 1:56:34 PM org.apache.coyote.AbstractProtocol init
INFOS: Initializing ProtocolHandler ["ajp-bio-8300"]
janv. 21, 2019 1:56:34 PM org.apache.catalina.startup.Catalina load
INFOS: Initialization processed in 279 ms
janv. 21, 2019 1:56:34 PM org.apache.catalina.core.StandardService startInternal
INFOS: Démarrage du service Catalina
janv. 21, 2019 1:56:34 PM org.apache.catalina.core.StandardEngine startInternal
INFOS: Starting Servlet Engine: Apache Tomcat/7.0.47
janv. 21, 2019 1:56:34 PM org.apache.catalina.startup.HostConfig deployDirectory
INFOS: Déploiement du répertoire /home/etudiant/lh150094/tomcat/webapps/docs de l'application web
janv. 21, 2019 1:56:34 PM org.apache.catalina.startup.HostConfig deployDirectory
INFOS: Déploiement du répertoire /home/etudiant/lh150094/tomcat/webapps/host-manager de l'application web
janv. 21, 2019 1:56:34 PM org.apache.catalina.startup.HostConfig deployDirectory
INFOS: Déploiement du répertoire /home/etudiant/lh150094/tomcat/webapps/ROOT de l'application web
janv. 21, 2019 1:56:34 PM org.apache.catalina.startup.HostConfig deployDirectory
INFOS: Déploiement du répertoire /home/etudiant/lh150094/tomcat/webapps/examples de l'application web
janv. 21, 2019 1:56:35 PM org.apache.catalina.startup.HostConfig deployDirectory
INFOS: Déploiement du répertoire /home/etudiant/lh150094/tomcat/webapps/manager de l'application web
janv. 21, 2019 1:56:35 PM org.apache.catalina.startup.HostConfig deployDirectory
INFOS: Déploiement du répertoire /home/etudiant/lh150094/tomcat/webapps/Appli2 de l'application web
janv. 21, 2019 1:56:35 PM org.apache.catalina.startup.HostConfig deployDirectory
INFOS: Déploiement du répertoire /home/etudiant/lh150094/tomcat/webapps/Appli1 de l'application web
janv. 21, 2019 1:56:35 PM org.apache.coyote.AbstractProtocol start
INFOS: Starting ProtocolHandler ["http-bio-8200"]
janv. 21, 2019 1:56:35 PM org.apache.coyote.AbstractProtocol start
INFOS: Starting ProtocolHandler ["ajp-bio-8300"]
janv. 21, 2019 1:56:35 PM org.apache.catalina.startup.Catalina start
INFOS: Server startup in 1412 ms
janv. 21, 2019 2:01:45 PM org.apache.catalina.startup.HostConfig checkResources
INFOS: Reloading context [/Appli2]
janv. 21, 2019 2:01:45 PM org.apache.catalina.core.StandardContext reload
INFOS: Le rechargement du contexte [/Appli2] a démarré
janv. 21, 2019 2:01:46 PM org.apache.catalina.core.StandardContext reload
INFOS: Le rechargement de ce contexte est terminé
janv. 21, 2019 2:01:50 PM org.apache.catalina.core.StandardServer await
INFOS: A valid shutdown command was received via the shutdown port. Stopping the Server instance.
janv. 21, 2019 2:01:50 PM org.apache.coyote.AbstractProtocol pause
INFOS: Pausing ProtocolHandler ["http-bio-8200"]
janv. 21, 2019 2:01:50 PM org.apache.coyote.AbstractProtocol pause
INFOS: Pausing ProtocolHandler ["ajp-bio-8300"]
janv. 21, 2019 2:01:50 PM org.apache.catalina.core.StandardService stopInternal
INFOS: Arrêt du service Catalina
janv. 21, 2019 2:01:50 PM org.apache.coyote.AbstractProtocol stop
INFOS: Stopping ProtocolHandler ["http-bio-8200"]
janv. 21, 2019 2:01:50 PM org.apache.coyote.AbstractProtocol stop
INFOS: Stopping ProtocolHandler ["ajp-bio-8300"]
janv. 21, 2019 2:01:50 PM org.apache.coyote.AbstractProtocol destroy
INFOS: Destroying ProtocolHandler ["http-bio-8200"]
janv. 21, 2019 2:01:50 PM org.apache.coyote.AbstractProtocol destroy
INFOS: Destroying ProtocolHandler ["ajp-bio-8300"]
janv. 21, 2019 2:02:46 PM org.apache.catalina.core.AprLifecycleListener init
INFOS: The APR based Apache Tomcat Native library which allows optimal performance in production environments was not found on the java.library.path: /usr/java/packages/lib/amd64:/usr/lib/x86_64-linux-gnu/jni:/lib/x86_64-linux-gnu:/usr/lib/x86_64-linux-gnu:/usr/lib/jni:/lib:/usr/lib
janv. 21, 2019 2:02:46 PM org.apache.coyote.AbstractProtocol init
INFOS: Initializing ProtocolHandler ["http-bio-8200"]
janv. 21, 2019 2:02:46 PM org.apache.coyote.AbstractProtocol init
INFOS: Initializing ProtocolHandler ["ajp-bio-8300"]
janv. 21, 2019 2:02:46 PM org.apache.catalina.startup.Catalina load
INFOS: Initialization processed in 275 ms
janv. 21, 2019 2:02:46 PM org.apache.catalina.core.StandardService startInternal
INFOS: Démarrage du service Catalina
janv. 21, 2019 2:02:46 PM org.apache.catalina.core.StandardEngine startInternal
INFOS: Starting Servlet Engine: Apache Tomcat/7.0.47
janv. 21, 2019 2:02:46 PM org.apache.catalina.startup.HostConfig deployDirectory
INFOS: Déploiement du répertoire /home/etudiant/lh150094/tomcat/webapps/docs de l'application web
janv. 21, 2019 2:02:46 PM org.apache.catalina.startup.HostConfig deployDirectory
INFOS: Déploiement du répertoire /home/etudiant/lh150094/tomcat/webapps/host-manager de l'application web
janv. 21, 2019 2:02:46 PM org.apache.catalina.startup.HostConfig deployDirectory
INFOS: Déploiement du répertoire /home/etudiant/lh150094/tomcat/webapps/ROOT de l'application web
janv. 21, 2019 2:02:46 PM org.apache.catalina.startup.HostConfig deployDirectory
INFOS: Déploiement du répertoire /home/etudiant/lh150094/tomcat/webapps/examples de l'application web
janv. 21, 2019 2:02:47 PM org.apache.catalina.startup.HostConfig deployDirectory
INFOS: Déploiement du répertoire /home/etudiant/lh150094/tomcat/webapps/manager de l'application web
janv. 21, 2019 2:02:47 PM org.apache.catalina.startup.HostConfig deployDirectory
INFOS: Déploiement du répertoire /home/etudiant/lh150094/tomcat/webapps/Appli2 de l'application web
janv. 21, 2019 2:02:47 PM org.apache.catalina.startup.HostConfig deployDirectory
INFOS: Déploiement du répertoire /home/etudiant/lh150094/tomcat/webapps/Appli1 de l'application web
janv. 21, 2019 2:02:47 PM org.apache.coyote.AbstractProtocol start
INFOS: Starting ProtocolHandler ["http-bio-8200"]
janv. 21, 2019 2:02:47 PM org.apache.coyote.AbstractProtocol start
INFOS: Starting ProtocolHandler ["ajp-bio-8300"]
janv. 21, 2019 2:02:47 PM org.apache.catalina.startup.Catalina start
INFOS: Server startup in 1157 ms
janv. 21, 2019 2:09:18 PM org.apache.catalina.startup.HostConfig checkResources
INFOS: Reloading context [/Appli2]
janv. 21, 2019 2:09:18 PM org.apache.catalina.core.StandardContext reload
INFOS: Le rechargement du contexte [/Appli2] a démarré
janv. 21, 2019 2:09:19 PM org.apache.catalina.core.StandardContext reload
INFOS: Le rechargement de ce contexte est terminé
janv. 21, 2019 2:09:22 PM org.apache.catalina.core.StandardServer await
INFOS: A valid shutdown command was received via the shutdown port. Stopping the Server instance.
janv. 21, 2019 2:09:22 PM org.apache.coyote.AbstractProtocol pause
INFOS: Pausing ProtocolHandler ["http-bio-8200"]
janv. 21, 2019 2:09:22 PM org.apache.coyote.AbstractProtocol pause
INFOS: Pausing ProtocolHandler ["ajp-bio-8300"]
janv. 21, 2019 2:09:22 PM org.apache.catalina.core.StandardService stopInternal
INFOS: Arrêt du service Catalina
janv. 21, 2019 2:09:22 PM org.apache.coyote.AbstractProtocol stop
INFOS: Stopping ProtocolHandler ["http-bio-8200"]
janv. 21, 2019 2:09:22 PM org.apache.coyote.AbstractProtocol stop
INFOS: Stopping ProtocolHandler ["ajp-bio-8300"]
janv. 21, 2019 2:09:22 PM org.apache.coyote.AbstractProtocol destroy
INFOS: Destroying ProtocolHandler ["http-bio-8200"]
janv. 21, 2019 2:09:22 PM org.apache.coyote.AbstractProtocol destroy
INFOS: Destroying ProtocolHandler ["ajp-bio-8300"]
janv. 21, 2019 2:09:29 PM org.apache.catalina.core.AprLifecycleListener init
INFOS: The APR based Apache Tomcat Native library which allows optimal performance in production environments was not found on the java.library.path: /usr/java/packages/lib/amd64:/usr/lib/x86_64-linux-gnu/jni:/lib/x86_64-linux-gnu:/usr/lib/x86_64-linux-gnu:/usr/lib/jni:/lib:/usr/lib
janv. 21, 2019 2:09:29 PM org.apache.coyote.AbstractProtocol init
INFOS: Initializing ProtocolHandler ["http-bio-8200"]
janv. 21, 2019 2:09:29 PM org.apache.coyote.AbstractProtocol init
INFOS: Initializing ProtocolHandler ["ajp-bio-8300"]
janv. 21, 2019 2:09:29 PM org.apache.catalina.startup.Catalina load
INFOS: Initialization processed in 278 ms
janv. 21, 2019 2:09:29 PM org.apache.catalina.core.StandardService startInternal
INFOS: Démarrage du service Catalina
janv. 21, 2019 2:09:29 PM org.apache.catalina.core.StandardEngine startInternal
INFOS: Starting Servlet Engine: Apache Tomcat/7.0.47
janv. 21, 2019 2:09:29 PM org.apache.catalina.startup.HostConfig deployDirectory
INFOS: Déploiement du répertoire /home/etudiant/lh150094/tomcat/webapps/docs de l'application web
janv. 21, 2019 2:09:29 PM org.apache.catalina.startup.HostConfig deployDirectory
INFOS: Déploiement du répertoire /home/etudiant/lh150094/tomcat/webapps/host-manager de l'application web
janv. 21, 2019 2:09:29 PM org.apache.catalina.startup.HostConfig deployDirectory
INFOS: Déploiement du répertoire /home/etudiant/lh150094/tomcat/webapps/ROOT de l'application web
janv. 21, 2019 2:09:29 PM org.apache.catalina.startup.HostConfig deployDirectory
INFOS: Déploiement du répertoire /home/etudiant/lh150094/tomcat/webapps/examples de l'application web
janv. 21, 2019 2:09:30 PM org.apache.catalina.startup.HostConfig deployDirectory
INFOS: Déploiement du répertoire /home/etudiant/lh150094/tomcat/webapps/manager de l'application web
janv. 21, 2019 2:09:30 PM org.apache.catalina.startup.HostConfig deployDirectory
INFOS: Déploiement du répertoire /home/etudiant/lh150094/tomcat/webapps/Appli2 de l'application web
janv. 21, 2019 2:09:30 PM org.apache.catalina.startup.HostConfig deployDirectory
INFOS: Déploiement du répertoire /home/etudiant/lh150094/tomcat/webapps/Appli1 de l'application web
janv. 21, 2019 2:09:30 PM org.apache.coyote.AbstractProtocol start
INFOS: Starting ProtocolHandler ["http-bio-8200"]
janv. 21, 2019 2:09:30 PM org.apache.coyote.AbstractProtocol start
INFOS: Starting ProtocolHandler ["ajp-bio-8300"]
janv. 21, 2019 2:09:30 PM org.apache.catalina.startup.Catalina start
INFOS: Server startup in 1280 ms
janv. 21, 2019 2:15:23 PM org.apache.catalina.core.StandardServer await
INFOS: A valid shutdown command was received via the shutdown port. Stopping the Server instance.
janv. 21, 2019 2:15:23 PM org.apache.coyote.AbstractProtocol pause
INFOS: Pausing ProtocolHandler ["http-bio-8200"]
janv. 21, 2019 2:15:23 PM org.apache.coyote.AbstractProtocol pause
INFOS: Pausing ProtocolHandler ["ajp-bio-8300"]
janv. 21, 2019 2:15:23 PM org.apache.catalina.core.StandardService stopInternal
INFOS: Arrêt du service Catalina
janv. 21, 2019 2:15:23 PM org.apache.coyote.AbstractProtocol stop
INFOS: Stopping ProtocolHandler ["http-bio-8200"]
janv. 21, 2019 2:15:23 PM org.apache.coyote.AbstractProtocol stop
INFOS: Stopping ProtocolHandler ["ajp-bio-8300"]
janv. 21, 2019 2:15:23 PM org.apache.coyote.AbstractProtocol destroy
INFOS: Destroying ProtocolHandler ["http-bio-8200"]
janv. 21, 2019 2:15:23 PM org.apache.coyote.AbstractProtocol destroy
INFOS: Destroying ProtocolHandler ["ajp-bio-8300"]
janv. 21, 2019 2:16:14 PM org.apache.catalina.core.AprLifecycleListener init
INFOS: The APR based Apache Tomcat Native library which allows optimal performance in production environments was not found on the java.library.path: /usr/java/packages/lib/amd64:/usr/lib/x86_64-linux-gnu/jni:/lib/x86_64-linux-gnu:/usr/lib/x86_64-linux-gnu:/usr/lib/jni:/lib:/usr/lib
janv. 21, 2019 2:16:14 PM org.apache.coyote.AbstractProtocol init
INFOS: Initializing ProtocolHandler ["http-bio-8200"]
janv. 21, 2019 2:16:14 PM org.apache.coyote.AbstractProtocol init
INFOS: Initializing ProtocolHandler ["ajp-bio-8300"]
janv. 21, 2019 2:16:14 PM org.apache.catalina.startup.Catalina load
INFOS: Initialization processed in 388 ms
janv. 21, 2019 2:16:15 PM org.apache.catalina.core.StandardService startInternal
INFOS: Démarrage du service Catalina
janv. 21, 2019 2:16:15 PM org.apache.catalina.core.StandardEngine startInternal
INFOS: Starting Servlet Engine: Apache Tomcat/7.0.47
janv. 21, 2019 2:16:15 PM org.apache.catalina.startup.HostConfig deployDirectory
INFOS: Déploiement du répertoire /home/etudiant/lh150094/tomcat/webapps/docs de l'application web
janv. 21, 2019 2:16:15 PM org.apache.catalina.startup.HostConfig deployDirectory
INFOS: Déploiement du répertoire /home/etudiant/lh150094/tomcat/webapps/host-manager de l'application web
janv. 21, 2019 2:16:15 PM org.apache.catalina.startup.HostConfig deployDirectory
INFOS: Déploiement du répertoire /home/etudiant/lh150094/tomcat/webapps/ROOT de l'application web
janv. 21, 2019 2:16:15 PM org.apache.catalina.startup.HostConfig deployDirectory
INFOS: Déploiement du répertoire /home/etudiant/lh150094/tomcat/webapps/examples de l'application web
janv. 21, 2019 2:16:16 PM org.apache.catalina.startup.HostConfig deployDirectory
INFOS: Déploiement du répertoire /home/etudiant/lh150094/tomcat/webapps/manager de l'application web
janv. 21, 2019 2:16:16 PM org.apache.catalina.startup.HostConfig deployDirectory
INFOS: Déploiement du répertoire /home/etudiant/lh150094/tomcat/webapps/Appli2 de l'application web
janv. 21, 2019 2:16:16 PM org.apache.catalina.startup.HostConfig deployDirectory
INFOS: Déploiement du répertoire /home/etudiant/lh150094/tomcat/webapps/Appli1 de l'application web
janv. 21, 2019 2:16:16 PM org.apache.coyote.AbstractProtocol start
INFOS: Starting ProtocolHandler ["http-bio-8200"]
janv. 21, 2019 2:16:16 PM org.apache.coyote.AbstractProtocol start
INFOS: Starting ProtocolHandler ["ajp-bio-8300"]
janv. 21, 2019 2:16:16 PM org.apache.catalina.startup.Catalina start
INFOS: Server startup in 1721 ms
janv. 21, 2019 2:17:37 PM org.apache.catalina.core.StandardServer await
INFOS: A valid shutdown command was received via the shutdown port. Stopping the Server instance.
janv. 21, 2019 2:17:37 PM org.apache.coyote.AbstractProtocol pause
INFOS: Pausing ProtocolHandler ["http-bio-8200"]
janv. 21, 2019 2:17:37 PM org.apache.coyote.AbstractProtocol pause
INFOS: Pausing ProtocolHandler ["ajp-bio-8300"]
janv. 21, 2019 2:17:37 PM org.apache.catalina.core.StandardService stopInternal
INFOS: Arrêt du service Catalina
janv. 21, 2019 2:17:37 PM org.apache.coyote.AbstractProtocol stop
INFOS: Stopping ProtocolHandler ["http-bio-8200"]
janv. 21, 2019 2:17:37 PM org.apache.coyote.AbstractProtocol stop
INFOS: Stopping ProtocolHandler ["ajp-bio-8300"]
janv. 21, 2019 2:17:37 PM org.apache.coyote.AbstractProtocol destroy
INFOS: Destroying ProtocolHandler ["http-bio-8200"]
janv. 21, 2019 2:17:37 PM org.apache.coyote.AbstractProtocol destroy
INFOS: Destroying ProtocolHandler ["ajp-bio-8300"]
janv. 21, 2019 2:17:38 PM org.apache.catalina.core.AprLifecycleListener init
INFOS: The APR based Apache Tomcat Native library which allows optimal performance in production environments was not found on the java.library.path: /usr/java/packages/lib/amd64:/usr/lib/x86_64-linux-gnu/jni:/lib/x86_64-linux-gnu:/usr/lib/x86_64-linux-gnu:/usr/lib/jni:/lib:/usr/lib
janv. 21, 2019 2:17:39 PM org.apache.coyote.AbstractProtocol init
INFOS: Initializing ProtocolHandler ["http-bio-8200"]
janv. 21, 2019 2:17:39 PM org.apache.coyote.AbstractProtocol init
INFOS: Initializing ProtocolHandler ["ajp-bio-8300"]
janv. 21, 2019 2:17:39 PM org.apache.catalina.startup.Catalina load
INFOS: Initialization processed in 271 ms
janv. 21, 2019 2:17:39 PM org.apache.catalina.core.StandardService startInternal
INFOS: Démarrage du service Catalina
janv. 21, 2019 2:17:39 PM org.apache.catalina.core.StandardEngine startInternal
INFOS: Starting Servlet Engine: Apache Tomcat/7.0.47
janv. 21, 2019 2:17:39 PM org.apache.catalina.startup.HostConfig deployDirectory
INFOS: Déploiement du répertoire /home/etudiant/lh150094/tomcat/webapps/docs de l'application web
janv. 21, 2019 2:17:39 PM org.apache.catalina.startup.HostConfig deployDirectory
INFOS: Déploiement du répertoire /home/etudiant/lh150094/tomcat/webapps/host-manager de l'application web
janv. 21, 2019 2:17:39 PM org.apache.catalina.startup.HostConfig deployDirectory
INFOS: Déploiement du répertoire /home/etudiant/lh150094/tomcat/webapps/ROOT de l'application web
janv. 21, 2019 2:17:39 PM org.apache.catalina.startup.HostConfig deployDirectory
INFOS: Déploiement du répertoire /home/etudiant/lh150094/tomcat/webapps/examples de l'application web
janv. 21, 2019 2:17:40 PM org.apache.catalina.startup.HostConfig deployDirectory
INFOS: Déploiement du répertoire /home/etudiant/lh150094/tomcat/webapps/manager de l'application web
janv. 21, 2019 2:17:40 PM org.apache.catalina.startup.HostConfig deployDirectory
INFOS: Déploiement du répertoire /home/etudiant/lh150094/tomcat/webapps/Appli2 de l'application web
janv. 21, 2019 2:17:40 PM org.apache.catalina.startup.HostConfig deployDirectory
INFOS: Déploiement du répertoire /home/etudiant/lh150094/tomcat/webapps/Appli1 de l'application web
janv. 21, 2019 2:17:40 PM org.apache.coyote.AbstractProtocol start
INFOS: Starting ProtocolHandler ["http-bio-8200"]
janv. 21, 2019 2:17:40 PM org.apache.coyote.AbstractProtocol start
INFOS: Starting ProtocolHandler ["ajp-bio-8300"]
janv. 21, 2019 2:17:40 PM org.apache.catalina.startup.Catalina start
INFOS: Server startup in 1219 ms
janv. 21, 2019 2:33:15 PM org.apache.catalina.core.StandardServer await
INFOS: A valid shutdown command was received via the shutdown port. Stopping the Server instance.
janv. 21, 2019 2:33:15 PM org.apache.coyote.AbstractProtocol pause
INFOS: Pausing ProtocolHandler ["http-bio-8200"]
janv. 21, 2019 2:33:15 PM org.apache.coyote.AbstractProtocol pause
INFOS: Pausing ProtocolHandler ["ajp-bio-8300"]
janv. 21, 2019 2:33:15 PM org.apache.catalina.core.StandardService stopInternal
INFOS: Arrêt du service Catalina
janv. 21, 2019 2:33:15 PM org.apache.coyote.AbstractProtocol stop
INFOS: Stopping ProtocolHandler ["http-bio-8200"]
janv. 21, 2019 2:33:15 PM org.apache.coyote.AbstractProtocol stop
INFOS: Stopping ProtocolHandler ["ajp-bio-8300"]
janv. 21, 2019 2:33:15 PM org.apache.coyote.AbstractProtocol destroy
INFOS: Destroying ProtocolHandler ["http-bio-8200"]
janv. 21, 2019 2:33:15 PM org.apache.coyote.AbstractProtocol destroy
INFOS: Destroying ProtocolHandler ["ajp-bio-8300"]
