févr. 25, 2019 10:35:54 AM org.apache.catalina.core.AprLifecycleListener init
INFOS: The APR based Apache Tomcat Native library which allows optimal performance in production environments was not found on the java.library.path: /usr/java/packages/lib/amd64:/usr/lib/x86_64-linux-gnu/jni:/lib/x86_64-linux-gnu:/usr/lib/x86_64-linux-gnu:/usr/lib/jni:/lib:/usr/lib
févr. 25, 2019 10:35:54 AM org.apache.coyote.AbstractProtocol init
INFOS: Initializing ProtocolHandler ["http-bio-8200"]
févr. 25, 2019 10:35:54 AM org.apache.coyote.AbstractProtocol init
INFOS: Initializing ProtocolHandler ["ajp-bio-8300"]
févr. 25, 2019 10:35:54 AM org.apache.catalina.startup.Catalina load
INFOS: Initialization processed in 394 ms
févr. 25, 2019 10:35:54 AM org.apache.catalina.core.StandardService startInternal
INFOS: Démarrage du service Catalina
févr. 25, 2019 10:35:54 AM org.apache.catalina.core.StandardEngine startInternal
INFOS: Starting Servlet Engine: Apache Tomcat/7.0.47
févr. 25, 2019 10:35:54 AM org.apache.catalina.startup.HostConfig deployDirectory
INFOS: Déploiement du répertoire /home/etudiant/lh150094/tomcat/webapps/Collab de l'application web
févr. 25, 2019 10:35:54 AM org.apache.catalina.startup.HostConfig deployDirectory
INFOS: Déploiement du répertoire /home/etudiant/lh150094/tomcat/webapps/docs de l'application web
févr. 25, 2019 10:35:54 AM org.apache.catalina.startup.HostConfig deployDirectory
INFOS: Déploiement du répertoire /home/etudiant/lh150094/tomcat/webapps/host-manager de l'application web
févr. 25, 2019 10:35:55 AM org.apache.catalina.startup.HostConfig deployDirectory
INFOS: Déploiement du répertoire /home/etudiant/lh150094/tomcat/webapps/ROOT de l'application web
févr. 25, 2019 10:35:55 AM org.apache.catalina.startup.HostConfig deployDirectory
INFOS: Déploiement du répertoire /home/etudiant/lh150094/tomcat/webapps/examples de l'application web
févr. 25, 2019 10:35:56 AM org.apache.catalina.startup.HostConfig deployDirectory
INFOS: Déploiement du répertoire /home/etudiant/lh150094/tomcat/webapps/manager de l'application web
févr. 25, 2019 10:35:56 AM org.apache.catalina.startup.HostConfig deployDirectory
INFOS: Déploiement du répertoire /home/etudiant/lh150094/tomcat/webapps/Appli2 de l'application web
févr. 25, 2019 10:35:56 AM org.apache.catalina.startup.HostConfig deployDirectory
INFOS: Déploiement du répertoire /home/etudiant/lh150094/tomcat/webapps/Appli1 de l'application web
févr. 25, 2019 10:35:56 AM org.apache.catalina.startup.HostConfig deployDirectory
INFOS: Déploiement du répertoire /home/etudiant/lh150094/tomcat/webapps/Formulaires de l'application web
févr. 25, 2019 10:35:56 AM org.apache.catalina.startup.HostConfig deployDirectory
INFOS: Déploiement du répertoire /home/etudiant/lh150094/tomcat/webapps/Appli5 de l'application web
févr. 25, 2019 10:35:56 AM org.apache.coyote.AbstractProtocol start
INFOS: Starting ProtocolHandler ["http-bio-8200"]
févr. 25, 2019 10:35:56 AM org.apache.coyote.AbstractProtocol start
INFOS: Starting ProtocolHandler ["ajp-bio-8300"]
févr. 25, 2019 10:35:56 AM org.apache.catalina.startup.Catalina start
INFOS: Server startup in 2105 ms
févr. 25, 2019 10:51:37 AM org.apache.catalina.startup.HostConfig checkResources
INFOS: Reloading context [/Appli5]
févr. 25, 2019 10:51:37 AM org.apache.catalina.core.StandardContext reload
INFOS: Le rechargement du contexte [/Appli5] a démarré
févr. 25, 2019 10:51:37 AM org.apache.catalina.core.StandardContext reload
INFOS: Le rechargement de ce contexte est terminé
févr. 25, 2019 1:37:04 PM org.apache.catalina.core.StandardContext reload
INFOS: Le rechargement du contexte [/Appli5] a démarré
févr. 25, 2019 1:37:04 PM org.apache.catalina.core.StandardContext reload
INFOS: Le rechargement de ce contexte est terminé
févr. 25, 2019 1:44:38 PM org.apache.catalina.core.StandardContext reload
INFOS: Le rechargement du contexte [/Appli5] a démarré
févr. 25, 2019 1:44:38 PM org.apache.catalina.core.StandardContext reload
INFOS: Le rechargement de ce contexte est terminé
févr. 25, 2019 1:54:17 PM org.apache.catalina.startup.HostConfig checkResources
INFOS: Reloading context [/Appli5]
févr. 25, 2019 1:54:17 PM org.apache.catalina.core.StandardContext reload
INFOS: Le rechargement du contexte [/Appli5] a démarré
févr. 25, 2019 1:54:18 PM org.apache.catalina.core.StandardContext reload
INFOS: Le rechargement de ce contexte est terminé
févr. 25, 2019 2:29:36 PM org.apache.catalina.core.StandardContext reload
INFOS: Le rechargement du contexte [/Appli5] a démarré
févr. 25, 2019 2:29:36 PM org.apache.catalina.core.StandardContext reload
INFOS: Le rechargement de ce contexte est terminé
févr. 25, 2019 2:31:10 PM org.apache.catalina.core.StandardContext reload
INFOS: Le rechargement du contexte [/Appli5] a démarré
févr. 25, 2019 2:31:10 PM org.apache.catalina.core.StandardContext reload
INFOS: Le rechargement de ce contexte est terminé
févr. 25, 2019 2:34:49 PM org.apache.catalina.core.StandardContext reload
INFOS: Le rechargement du contexte [/Appli5] a démarré
févr. 25, 2019 2:34:50 PM org.apache.catalina.core.StandardContext reload
INFOS: Le rechargement de ce contexte est terminé
févr. 25, 2019 2:36:29 PM org.apache.catalina.core.StandardContext reload
INFOS: Le rechargement du contexte [/Appli5] a démarré
févr. 25, 2019 2:36:29 PM org.apache.catalina.core.StandardContext reload
INFOS: Le rechargement de ce contexte est terminé
févr. 25, 2019 2:39:23 PM org.apache.catalina.core.StandardContext reload
INFOS: Le rechargement du contexte [/Appli5] a démarré
févr. 25, 2019 2:39:24 PM org.apache.catalina.core.StandardContext reload
INFOS: Le rechargement de ce contexte est terminé
févr. 25, 2019 2:46:21 PM org.apache.catalina.core.StandardServer await
INFOS: A valid shutdown command was received via the shutdown port. Stopping the Server instance.
févr. 25, 2019 2:46:21 PM org.apache.coyote.AbstractProtocol pause
INFOS: Pausing ProtocolHandler ["http-bio-8200"]
févr. 25, 2019 2:46:21 PM org.apache.coyote.AbstractProtocol pause
INFOS: Pausing ProtocolHandler ["ajp-bio-8300"]
févr. 25, 2019 2:46:21 PM org.apache.catalina.core.StandardService stopInternal
INFOS: Arrêt du service Catalina
févr. 25, 2019 2:46:22 PM org.apache.coyote.AbstractProtocol stop
INFOS: Stopping ProtocolHandler ["http-bio-8200"]
févr. 25, 2019 2:46:22 PM org.apache.coyote.AbstractProtocol stop
INFOS: Stopping ProtocolHandler ["ajp-bio-8300"]
févr. 25, 2019 2:46:22 PM org.apache.coyote.AbstractProtocol destroy
INFOS: Destroying ProtocolHandler ["http-bio-8200"]
févr. 25, 2019 2:46:22 PM org.apache.coyote.AbstractProtocol destroy
INFOS: Destroying ProtocolHandler ["ajp-bio-8300"]
