mars 14, 2019 1:32:12 PM org.apache.catalina.core.AprLifecycleListener init
INFOS: The APR based Apache Tomcat Native library which allows optimal performance in production environments was not found on the java.library.path: /usr/java/packages/lib/amd64:/usr/lib/x86_64-linux-gnu/jni:/lib/x86_64-linux-gnu:/usr/lib/x86_64-linux-gnu:/usr/lib/jni:/lib:/usr/lib
mars 14, 2019 1:32:12 PM org.apache.coyote.AbstractProtocol init
INFOS: Initializing ProtocolHandler ["http-bio-8200"]
mars 14, 2019 1:32:12 PM org.apache.coyote.AbstractProtocol init
INFOS: Initializing ProtocolHandler ["ajp-bio-8300"]
mars 14, 2019 1:32:12 PM org.apache.catalina.startup.Catalina load
INFOS: Initialization processed in 340 ms
mars 14, 2019 1:32:12 PM org.apache.catalina.core.StandardService startInternal
INFOS: Démarrage du service Catalina
mars 14, 2019 1:32:12 PM org.apache.catalina.core.StandardEngine startInternal
INFOS: Starting Servlet Engine: Apache Tomcat/7.0.47
mars 14, 2019 1:32:12 PM org.apache.catalina.startup.HostConfig deployDirectory
INFOS: Déploiement du répertoire /home/etudiant/lh150094/tomcat/webapps/Collab de l'application web
mars 14, 2019 1:32:13 PM org.apache.catalina.startup.HostConfig deployDirectory
INFOS: Déploiement du répertoire /home/etudiant/lh150094/tomcat/webapps/docs de l'application web
mars 14, 2019 1:32:13 PM org.apache.catalina.startup.HostConfig deployDirectory
INFOS: Déploiement du répertoire /home/etudiant/lh150094/tomcat/webapps/host-manager de l'application web
mars 14, 2019 1:32:13 PM org.apache.catalina.startup.HostConfig deployDirectory
INFOS: Déploiement du répertoire /home/etudiant/lh150094/tomcat/webapps/mvc de l'application web
mars 14, 2019 1:32:13 PM org.apache.catalina.startup.HostConfig deployDirectory
INFOS: Déploiement du répertoire /home/etudiant/lh150094/tomcat/webapps/bado de l'application web
mars 14, 2019 1:32:14 PM org.apache.catalina.startup.HostConfig deployDirectory
INFOS: Déploiement du répertoire /home/etudiant/lh150094/tomcat/webapps/ROOT de l'application web
mars 14, 2019 1:32:14 PM org.apache.catalina.startup.HostConfig deployDirectory
INFOS: Déploiement du répertoire /home/etudiant/lh150094/tomcat/webapps/examples de l'application web
mars 14, 2019 1:32:15 PM org.apache.catalina.startup.HostConfig deployDirectory
INFOS: Déploiement du répertoire /home/etudiant/lh150094/tomcat/webapps/manager de l'application web
mars 14, 2019 1:32:15 PM org.apache.catalina.startup.HostConfig deployDirectory
INFOS: Déploiement du répertoire /home/etudiant/lh150094/tomcat/webapps/Appli2 de l'application web
mars 14, 2019 1:32:15 PM org.apache.catalina.startup.HostConfig deployDirectory
INFOS: Déploiement du répertoire /home/etudiant/lh150094/tomcat/webapps/Appli1 de l'application web
mars 14, 2019 1:32:15 PM org.apache.catalina.startup.HostConfig deployDirectory
INFOS: Déploiement du répertoire /home/etudiant/lh150094/tomcat/webapps/Formulaires de l'application web
mars 14, 2019 1:32:15 PM org.apache.catalina.startup.HostConfig deployDirectory
INFOS: Déploiement du répertoire /home/etudiant/lh150094/tomcat/webapps/Appli5 de l'application web
mars 14, 2019 1:32:15 PM org.apache.coyote.AbstractProtocol start
INFOS: Starting ProtocolHandler ["http-bio-8200"]
mars 14, 2019 1:32:15 PM org.apache.coyote.AbstractProtocol start
INFOS: Starting ProtocolHandler ["ajp-bio-8300"]
mars 14, 2019 1:32:15 PM org.apache.catalina.startup.Catalina start
INFOS: Server startup in 3141 ms
mars 14, 2019 1:44:06 PM org.apache.catalina.startup.HostConfig checkResources
INFOS: Reloading context [/mvc]
mars 14, 2019 1:44:06 PM org.apache.catalina.core.StandardContext reload
INFOS: Le rechargement du contexte [/mvc] a démarré
mars 14, 2019 1:44:06 PM org.apache.catalina.loader.WebappClassLoader clearReferencesJdbc
GRAVE: The web application [/mvc] registered the JDBC driver [org.postgresql.Driver] but failed to unregister it when the web application was stopped. To prevent a memory leak, the JDBC Driver has been forcibly unregistered.
mars 14, 2019 1:44:06 PM org.apache.catalina.core.StandardContext reload
INFOS: Le rechargement de ce contexte est terminé
mars 14, 2019 1:44:32 PM org.apache.catalina.core.StandardContext reload
INFOS: Le rechargement du contexte [/mvc] a démarré
mars 14, 2019 1:44:32 PM org.apache.catalina.core.StandardContext reload
INFOS: Le rechargement de ce contexte est terminé
mars 14, 2019 1:48:17 PM org.apache.catalina.startup.HostConfig checkResources
INFOS: Reloading context [/mvc]
mars 14, 2019 1:48:17 PM org.apache.catalina.core.StandardContext reload
INFOS: Le rechargement du contexte [/mvc] a démarré
mars 14, 2019 1:48:17 PM org.apache.catalina.loader.WebappClassLoader clearReferencesJdbc
GRAVE: The web application [/mvc] registered the JDBC driver [org.postgresql.Driver] but failed to unregister it when the web application was stopped. To prevent a memory leak, the JDBC Driver has been forcibly unregistered.
mars 14, 2019 1:48:17 PM org.apache.catalina.core.StandardContext reload
INFOS: Le rechargement de ce contexte est terminé
mars 14, 2019 1:52:27 PM org.apache.catalina.startup.HostConfig checkResources
INFOS: Reloading context [/mvc]
mars 14, 2019 1:52:27 PM org.apache.catalina.core.StandardContext reload
INFOS: Le rechargement du contexte [/mvc] a démarré
mars 14, 2019 1:52:27 PM org.apache.catalina.loader.WebappClassLoader clearReferencesJdbc
GRAVE: The web application [/mvc] registered the JDBC driver [org.postgresql.Driver] but failed to unregister it when the web application was stopped. To prevent a memory leak, the JDBC Driver has been forcibly unregistered.
mars 14, 2019 1:52:28 PM org.apache.catalina.core.StandardContext reload
INFOS: Le rechargement de ce contexte est terminé
mars 14, 2019 1:52:32 PM org.apache.catalina.core.StandardContext reload
INFOS: Le rechargement du contexte [/mvc] a démarré
mars 14, 2019 1:52:32 PM org.apache.catalina.core.StandardContext reload
INFOS: Le rechargement de ce contexte est terminé
mars 14, 2019 1:53:05 PM org.apache.catalina.core.StandardContext reload
INFOS: Le rechargement du contexte [/mvc] a démarré
mars 14, 2019 1:53:05 PM org.apache.catalina.loader.WebappClassLoader clearReferencesJdbc
GRAVE: The web application [/mvc] registered the JDBC driver [org.postgresql.Driver] but failed to unregister it when the web application was stopped. To prevent a memory leak, the JDBC Driver has been forcibly unregistered.
mars 14, 2019 1:53:06 PM org.apache.catalina.core.StandardContext reload
INFOS: Le rechargement de ce contexte est terminé
mars 14, 2019 1:53:08 PM org.apache.catalina.startup.HostConfig checkResources
INFOS: Reloading context [/mvc]
mars 14, 2019 1:53:08 PM org.apache.catalina.core.StandardContext reload
INFOS: Le rechargement du contexte [/mvc] a démarré
mars 14, 2019 1:53:08 PM org.apache.catalina.core.StandardContext reload
INFOS: Le rechargement de ce contexte est terminé
mars 14, 2019 2:06:19 PM org.apache.catalina.startup.HostConfig checkResources
INFOS: Reloading context [/mvc]
mars 14, 2019 2:06:19 PM org.apache.catalina.core.StandardContext reload
INFOS: Le rechargement du contexte [/mvc] a démarré
mars 14, 2019 2:06:19 PM org.apache.catalina.loader.WebappClassLoader clearReferencesJdbc
GRAVE: The web application [/mvc] registered the JDBC driver [org.postgresql.Driver] but failed to unregister it when the web application was stopped. To prevent a memory leak, the JDBC Driver has been forcibly unregistered.
mars 14, 2019 2:06:19 PM org.apache.catalina.core.StandardContext reload
INFOS: Le rechargement de ce contexte est terminé
mars 14, 2019 2:06:27 PM org.apache.catalina.core.StandardContext reload
INFOS: Le rechargement du contexte [/mvc] a démarré
mars 14, 2019 2:06:28 PM org.apache.catalina.core.StandardContext reload
INFOS: Le rechargement de ce contexte est terminé
mars 14, 2019 2:07:29 PM org.apache.catalina.startup.HostConfig checkResources
INFOS: Reloading context [/mvc]
mars 14, 2019 2:07:29 PM org.apache.catalina.core.StandardContext reload
INFOS: Le rechargement du contexte [/mvc] a démarré
mars 14, 2019 2:07:30 PM org.apache.catalina.core.StandardContext reload
INFOS: Le rechargement de ce contexte est terminé
mars 14, 2019 2:07:52 PM org.apache.catalina.core.StandardContext reload
INFOS: Le rechargement du contexte [/mvc] a démarré
mars 14, 2019 2:07:52 PM org.apache.catalina.core.StandardContext reload
INFOS: Le rechargement de ce contexte est terminé
mars 14, 2019 2:11:10 PM org.apache.catalina.startup.HostConfig checkResources
INFOS: Reloading context [/mvc]
mars 14, 2019 2:11:10 PM org.apache.catalina.core.StandardContext reload
INFOS: Le rechargement du contexte [/mvc] a démarré
mars 14, 2019 2:11:10 PM org.apache.catalina.loader.WebappClassLoader clearReferencesJdbc
GRAVE: The web application [/mvc] registered the JDBC driver [org.postgresql.Driver] but failed to unregister it when the web application was stopped. To prevent a memory leak, the JDBC Driver has been forcibly unregistered.
mars 14, 2019 2:11:11 PM org.apache.catalina.core.StandardContext reload
INFOS: Le rechargement de ce contexte est terminé
mars 14, 2019 2:12:05 PM org.apache.catalina.core.StandardContext reload
INFOS: Le rechargement du contexte [/mvc] a démarré
mars 14, 2019 2:12:05 PM org.apache.catalina.core.StandardContext reload
INFOS: Le rechargement de ce contexte est terminé
mars 14, 2019 2:20:41 PM org.apache.catalina.startup.HostConfig checkResources
INFOS: Reloading context [/mvc]
mars 14, 2019 2:20:41 PM org.apache.catalina.core.StandardContext reload
INFOS: Le rechargement du contexte [/mvc] a démarré
mars 14, 2019 2:20:41 PM org.apache.catalina.loader.WebappClassLoader clearReferencesJdbc
GRAVE: The web application [/mvc] registered the JDBC driver [org.postgresql.Driver] but failed to unregister it when the web application was stopped. To prevent a memory leak, the JDBC Driver has been forcibly unregistered.
mars 14, 2019 2:20:42 PM org.apache.catalina.core.StandardContext reload
INFOS: Le rechargement de ce contexte est terminé
mars 14, 2019 2:23:52 PM org.apache.catalina.startup.HostConfig checkResources
INFOS: Reloading context [/mvc]
mars 14, 2019 2:23:52 PM org.apache.catalina.core.StandardContext reload
INFOS: Le rechargement du contexte [/mvc] a démarré
mars 14, 2019 2:23:52 PM org.apache.catalina.loader.WebappClassLoader clearReferencesJdbc
GRAVE: The web application [/mvc] registered the JDBC driver [org.postgresql.Driver] but failed to unregister it when the web application was stopped. To prevent a memory leak, the JDBC Driver has been forcibly unregistered.
mars 14, 2019 2:23:52 PM org.apache.catalina.core.StandardContext reload
INFOS: Le rechargement de ce contexte est terminé
mars 14, 2019 2:27:51 PM org.apache.catalina.core.StandardContext reload
INFOS: Le rechargement du contexte [/mvc] a démarré
mars 14, 2019 2:27:51 PM org.apache.catalina.core.StandardContext reload
INFOS: Le rechargement de ce contexte est terminé
mars 14, 2019 2:37:23 PM org.apache.catalina.startup.HostConfig checkResources
INFOS: Reloading context [/mvc]
mars 14, 2019 2:37:23 PM org.apache.catalina.core.StandardContext reload
INFOS: Le rechargement du contexte [/mvc] a démarré
mars 14, 2019 2:37:23 PM org.apache.catalina.loader.WebappClassLoader clearReferencesJdbc
GRAVE: The web application [/mvc] registered the JDBC driver [org.postgresql.Driver] but failed to unregister it when the web application was stopped. To prevent a memory leak, the JDBC Driver has been forcibly unregistered.
mars 14, 2019 2:37:23 PM org.apache.catalina.core.StandardContext reload
INFOS: Le rechargement de ce contexte est terminé
mars 14, 2019 2:37:46 PM org.apache.catalina.core.StandardContext reload
INFOS: Le rechargement du contexte [/mvc] a démarré
mars 14, 2019 2:37:47 PM org.apache.catalina.core.StandardContext reload
INFOS: Le rechargement de ce contexte est terminé
mars 14, 2019 2:53:44 PM org.apache.catalina.startup.HostConfig checkResources
INFOS: Reloading context [/mvc]
mars 14, 2019 2:53:44 PM org.apache.catalina.core.StandardContext reload
INFOS: Le rechargement du contexte [/mvc] a démarré
mars 14, 2019 2:53:44 PM org.apache.catalina.loader.WebappClassLoader clearReferencesJdbc
GRAVE: The web application [/mvc] registered the JDBC driver [org.postgresql.Driver] but failed to unregister it when the web application was stopped. To prevent a memory leak, the JDBC Driver has been forcibly unregistered.
mars 14, 2019 2:53:45 PM org.apache.catalina.core.StandardContext reload
INFOS: Le rechargement de ce contexte est terminé
mars 14, 2019 2:54:11 PM org.apache.catalina.core.StandardContext reload
INFOS: Le rechargement du contexte [/mvc] a démarré
mars 14, 2019 2:54:11 PM org.apache.catalina.core.StandardContext reload
INFOS: Le rechargement de ce contexte est terminé
mars 14, 2019 2:54:15 PM org.apache.catalina.startup.HostConfig checkResources
INFOS: Reloading context [/mvc]
mars 14, 2019 2:54:15 PM org.apache.catalina.core.StandardContext reload
INFOS: Le rechargement du contexte [/mvc] a démarré
mars 14, 2019 2:54:15 PM org.apache.catalina.loader.WebappClassLoader clearReferencesJdbc
GRAVE: The web application [/mvc] registered the JDBC driver [org.postgresql.Driver] but failed to unregister it when the web application was stopped. To prevent a memory leak, the JDBC Driver has been forcibly unregistered.
mars 14, 2019 2:54:15 PM org.apache.catalina.core.StandardContext reload
INFOS: Le rechargement de ce contexte est terminé
mars 14, 2019 2:54:33 PM org.apache.catalina.core.StandardContext reload
INFOS: Le rechargement du contexte [/mvc] a démarré
mars 14, 2019 2:54:33 PM org.apache.catalina.core.StandardContext reload
INFOS: Le rechargement de ce contexte est terminé
mars 14, 2019 2:54:35 PM org.apache.catalina.startup.HostConfig checkResources
INFOS: Reloading context [/mvc]
mars 14, 2019 2:54:35 PM org.apache.catalina.core.StandardContext reload
INFOS: Le rechargement du contexte [/mvc] a démarré
mars 14, 2019 2:54:35 PM org.apache.catalina.loader.WebappClassLoader clearReferencesJdbc
GRAVE: The web application [/mvc] registered the JDBC driver [org.postgresql.Driver] but failed to unregister it when the web application was stopped. To prevent a memory leak, the JDBC Driver has been forcibly unregistered.
mars 14, 2019 2:54:36 PM org.apache.catalina.core.StandardContext reload
INFOS: Le rechargement de ce contexte est terminé
mars 14, 2019 3:10:50 PM org.apache.catalina.core.StandardContext reload
INFOS: Le rechargement du contexte [/mvc] a démarré
mars 14, 2019 3:10:50 PM org.apache.catalina.loader.WebappClassLoader clearReferencesJdbc
GRAVE: The web application [/mvc] registered the JDBC driver [org.postgresql.Driver] but failed to unregister it when the web application was stopped. To prevent a memory leak, the JDBC Driver has been forcibly unregistered.
mars 14, 2019 3:10:51 PM org.apache.catalina.core.StandardContext reload
INFOS: Le rechargement de ce contexte est terminé
mars 14, 2019 3:11:45 PM org.apache.catalina.core.StandardContext reload
INFOS: Le rechargement du contexte [/mvc] a démarré
mars 14, 2019 3:11:46 PM org.apache.catalina.core.StandardContext reload
INFOS: Le rechargement de ce contexte est terminé
mars 14, 2019 3:30:12 PM org.apache.catalina.core.StandardServer await
INFOS: A valid shutdown command was received via the shutdown port. Stopping the Server instance.
mars 14, 2019 3:30:12 PM org.apache.coyote.AbstractProtocol pause
INFOS: Pausing ProtocolHandler ["http-bio-8200"]
mars 14, 2019 3:30:12 PM org.apache.coyote.AbstractProtocol pause
INFOS: Pausing ProtocolHandler ["ajp-bio-8300"]
mars 14, 2019 3:30:12 PM org.apache.catalina.core.StandardService stopInternal
INFOS: Arrêt du service Catalina
mars 14, 2019 3:30:12 PM org.apache.catalina.loader.WebappClassLoader clearReferencesJdbc
GRAVE: The web application [/mvc] registered the JDBC driver [org.postgresql.Driver] but failed to unregister it when the web application was stopped. To prevent a memory leak, the JDBC Driver has been forcibly unregistered.
mars 14, 2019 3:30:12 PM org.apache.coyote.AbstractProtocol stop
INFOS: Stopping ProtocolHandler ["http-bio-8200"]
mars 14, 2019 3:30:13 PM org.apache.coyote.AbstractProtocol stop
INFOS: Stopping ProtocolHandler ["ajp-bio-8300"]
mars 14, 2019 3:30:13 PM org.apache.coyote.AbstractProtocol destroy
INFOS: Destroying ProtocolHandler ["http-bio-8200"]
mars 14, 2019 3:30:13 PM org.apache.coyote.AbstractProtocol destroy
INFOS: Destroying ProtocolHandler ["ajp-bio-8300"]
