janv. 28, 2019 10:21:42 AM org.apache.catalina.core.AprLifecycleListener init
INFOS: The APR based Apache Tomcat Native library which allows optimal performance in production environments was not found on the java.library.path: /usr/java/packages/lib/amd64:/usr/lib/x86_64-linux-gnu/jni:/lib/x86_64-linux-gnu:/usr/lib/x86_64-linux-gnu:/usr/lib/jni:/lib:/usr/lib
janv. 28, 2019 10:21:42 AM org.apache.coyote.AbstractProtocol init
INFOS: Initializing ProtocolHandler ["http-bio-8200"]
janv. 28, 2019 10:21:42 AM org.apache.coyote.AbstractProtocol init
INFOS: Initializing ProtocolHandler ["ajp-bio-8300"]
janv. 28, 2019 10:21:42 AM org.apache.catalina.startup.Catalina load
INFOS: Initialization processed in 525 ms
janv. 28, 2019 10:21:42 AM org.apache.catalina.core.StandardService startInternal
INFOS: Démarrage du service Catalina
janv. 28, 2019 10:21:42 AM org.apache.catalina.core.StandardEngine startInternal
INFOS: Starting Servlet Engine: Apache Tomcat/7.0.47
janv. 28, 2019 10:21:42 AM org.apache.catalina.startup.HostConfig deployDirectory
INFOS: Déploiement du répertoire /home/etudiant/lh150094/tomcat/webapps/docs de l'application web
janv. 28, 2019 10:21:43 AM org.apache.catalina.startup.HostConfig deployDirectory
INFOS: Déploiement du répertoire /home/etudiant/lh150094/tomcat/webapps/host-manager de l'application web
janv. 28, 2019 10:21:43 AM org.apache.catalina.startup.HostConfig deployDirectory
INFOS: Déploiement du répertoire /home/etudiant/lh150094/tomcat/webapps/ROOT de l'application web
janv. 28, 2019 10:21:43 AM org.apache.catalina.startup.HostConfig deployDirectory
INFOS: Déploiement du répertoire /home/etudiant/lh150094/tomcat/webapps/examples de l'application web
janv. 28, 2019 10:21:45 AM org.apache.catalina.startup.HostConfig deployDirectory
INFOS: Déploiement du répertoire /home/etudiant/lh150094/tomcat/webapps/manager de l'application web
janv. 28, 2019 10:21:45 AM org.apache.catalina.startup.HostConfig deployDirectory
INFOS: Déploiement du répertoire /home/etudiant/lh150094/tomcat/webapps/Appli2 de l'application web
janv. 28, 2019 10:21:45 AM org.apache.catalina.startup.HostConfig deployDirectory
INFOS: Déploiement du répertoire /home/etudiant/lh150094/tomcat/webapps/Appli1 de l'application web
janv. 28, 2019 10:21:45 AM org.apache.coyote.AbstractProtocol start
INFOS: Starting ProtocolHandler ["http-bio-8200"]
janv. 28, 2019 10:21:45 AM org.apache.coyote.AbstractProtocol start
INFOS: Starting ProtocolHandler ["ajp-bio-8300"]
janv. 28, 2019 10:21:45 AM org.apache.catalina.startup.Catalina start
INFOS: Server startup in 3111 ms
janv. 28, 2019 10:27:17 AM org.apache.catalina.core.StandardServer await
INFOS: A valid shutdown command was received via the shutdown port. Stopping the Server instance.
janv. 28, 2019 10:27:17 AM org.apache.coyote.AbstractProtocol pause
INFOS: Pausing ProtocolHandler ["http-bio-8200"]
janv. 28, 2019 10:27:18 AM org.apache.coyote.AbstractProtocol pause
INFOS: Pausing ProtocolHandler ["ajp-bio-8300"]
janv. 28, 2019 10:27:18 AM org.apache.catalina.core.StandardService stopInternal
INFOS: Arrêt du service Catalina
janv. 28, 2019 10:27:18 AM org.apache.coyote.AbstractProtocol stop
INFOS: Stopping ProtocolHandler ["http-bio-8200"]
janv. 28, 2019 10:27:18 AM org.apache.coyote.AbstractProtocol stop
INFOS: Stopping ProtocolHandler ["ajp-bio-8300"]
janv. 28, 2019 10:27:18 AM org.apache.coyote.AbstractProtocol destroy
INFOS: Destroying ProtocolHandler ["http-bio-8200"]
janv. 28, 2019 10:27:18 AM org.apache.coyote.AbstractProtocol destroy
INFOS: Destroying ProtocolHandler ["ajp-bio-8300"]
janv. 28, 2019 10:28:38 AM org.apache.catalina.core.AprLifecycleListener init
INFOS: The APR based Apache Tomcat Native library which allows optimal performance in production environments was not found on the java.library.path: /usr/java/packages/lib/amd64:/usr/lib/x86_64-linux-gnu/jni:/lib/x86_64-linux-gnu:/usr/lib/x86_64-linux-gnu:/usr/lib/jni:/lib:/usr/lib
janv. 28, 2019 10:28:38 AM org.apache.coyote.AbstractProtocol init
INFOS: Initializing ProtocolHandler ["http-bio-8200"]
janv. 28, 2019 10:28:38 AM org.apache.coyote.AbstractProtocol init
INFOS: Initializing ProtocolHandler ["ajp-bio-8300"]
janv. 28, 2019 10:28:38 AM org.apache.catalina.startup.Catalina load
INFOS: Initialization processed in 269 ms
janv. 28, 2019 10:28:38 AM org.apache.catalina.core.StandardService startInternal
INFOS: Démarrage du service Catalina
janv. 28, 2019 10:28:38 AM org.apache.catalina.core.StandardEngine startInternal
INFOS: Starting Servlet Engine: Apache Tomcat/7.0.47
janv. 28, 2019 10:28:38 AM org.apache.catalina.startup.HostConfig deployDirectory
INFOS: Déploiement du répertoire /home/etudiant/lh150094/tomcat/webapps/docs de l'application web
janv. 28, 2019 10:28:38 AM org.apache.catalina.startup.HostConfig deployDirectory
INFOS: Déploiement du répertoire /home/etudiant/lh150094/tomcat/webapps/host-manager de l'application web
janv. 28, 2019 10:28:38 AM org.apache.catalina.startup.HostConfig deployDirectory
INFOS: Déploiement du répertoire /home/etudiant/lh150094/tomcat/webapps/ROOT de l'application web
janv. 28, 2019 10:28:38 AM org.apache.catalina.startup.HostConfig deployDirectory
INFOS: Déploiement du répertoire /home/etudiant/lh150094/tomcat/webapps/examples de l'application web
janv. 28, 2019 10:28:39 AM org.apache.catalina.startup.HostConfig deployDirectory
INFOS: Déploiement du répertoire /home/etudiant/lh150094/tomcat/webapps/manager de l'application web
janv. 28, 2019 10:28:39 AM org.apache.catalina.startup.HostConfig deployDirectory
INFOS: Déploiement du répertoire /home/etudiant/lh150094/tomcat/webapps/Appli2 de l'application web
janv. 28, 2019 10:28:39 AM org.apache.catalina.startup.HostConfig deployDirectory
INFOS: Déploiement du répertoire /home/etudiant/lh150094/tomcat/webapps/Appli1 de l'application web
janv. 28, 2019 10:28:39 AM org.apache.coyote.AbstractProtocol start
INFOS: Starting ProtocolHandler ["http-bio-8200"]
janv. 28, 2019 10:28:39 AM org.apache.coyote.AbstractProtocol start
INFOS: Starting ProtocolHandler ["ajp-bio-8300"]
janv. 28, 2019 10:28:39 AM org.apache.catalina.startup.Catalina start
INFOS: Server startup in 1221 ms
janv. 28, 2019 10:32:08 AM org.apache.catalina.core.StandardServer await
INFOS: A valid shutdown command was received via the shutdown port. Stopping the Server instance.
janv. 28, 2019 10:32:08 AM org.apache.coyote.AbstractProtocol pause
INFOS: Pausing ProtocolHandler ["http-bio-8200"]
janv. 28, 2019 10:32:08 AM org.apache.coyote.AbstractProtocol pause
INFOS: Pausing ProtocolHandler ["ajp-bio-8300"]
janv. 28, 2019 10:32:09 AM org.apache.catalina.core.StandardService stopInternal
INFOS: Arrêt du service Catalina
janv. 28, 2019 10:32:09 AM org.apache.coyote.AbstractProtocol stop
INFOS: Stopping ProtocolHandler ["http-bio-8200"]
janv. 28, 2019 10:32:09 AM org.apache.coyote.AbstractProtocol stop
INFOS: Stopping ProtocolHandler ["ajp-bio-8300"]
janv. 28, 2019 10:32:09 AM org.apache.coyote.AbstractProtocol destroy
INFOS: Destroying ProtocolHandler ["http-bio-8200"]
janv. 28, 2019 10:32:09 AM org.apache.coyote.AbstractProtocol destroy
INFOS: Destroying ProtocolHandler ["ajp-bio-8300"]
janv. 28, 2019 10:32:10 AM org.apache.catalina.core.AprLifecycleListener init
INFOS: The APR based Apache Tomcat Native library which allows optimal performance in production environments was not found on the java.library.path: /usr/java/packages/lib/amd64:/usr/lib/x86_64-linux-gnu/jni:/lib/x86_64-linux-gnu:/usr/lib/x86_64-linux-gnu:/usr/lib/jni:/lib:/usr/lib
janv. 28, 2019 10:32:10 AM org.apache.coyote.AbstractProtocol init
INFOS: Initializing ProtocolHandler ["http-bio-8200"]
janv. 28, 2019 10:32:10 AM org.apache.coyote.AbstractProtocol init
INFOS: Initializing ProtocolHandler ["ajp-bio-8300"]
janv. 28, 2019 10:32:10 AM org.apache.catalina.startup.Catalina load
INFOS: Initialization processed in 264 ms
janv. 28, 2019 10:32:10 AM org.apache.catalina.core.StandardService startInternal
INFOS: Démarrage du service Catalina
janv. 28, 2019 10:32:10 AM org.apache.catalina.core.StandardEngine startInternal
INFOS: Starting Servlet Engine: Apache Tomcat/7.0.47
janv. 28, 2019 10:32:10 AM org.apache.catalina.startup.HostConfig deployDirectory
INFOS: Déploiement du répertoire /home/etudiant/lh150094/tomcat/webapps/docs de l'application web
janv. 28, 2019 10:32:10 AM org.apache.catalina.startup.HostConfig deployDirectory
INFOS: Déploiement du répertoire /home/etudiant/lh150094/tomcat/webapps/host-manager de l'application web
janv. 28, 2019 10:32:10 AM org.apache.catalina.startup.HostConfig deployDirectory
INFOS: Déploiement du répertoire /home/etudiant/lh150094/tomcat/webapps/ROOT de l'application web
janv. 28, 2019 10:32:10 AM org.apache.catalina.startup.HostConfig deployDirectory
INFOS: Déploiement du répertoire /home/etudiant/lh150094/tomcat/webapps/examples de l'application web
janv. 28, 2019 10:32:11 AM org.apache.catalina.startup.HostConfig deployDirectory
INFOS: Déploiement du répertoire /home/etudiant/lh150094/tomcat/webapps/manager de l'application web
janv. 28, 2019 10:32:11 AM org.apache.catalina.startup.HostConfig deployDirectory
INFOS: Déploiement du répertoire /home/etudiant/lh150094/tomcat/webapps/Appli2 de l'application web
janv. 28, 2019 10:32:11 AM org.apache.catalina.startup.HostConfig deployDirectory
INFOS: Déploiement du répertoire /home/etudiant/lh150094/tomcat/webapps/Appli1 de l'application web
janv. 28, 2019 10:32:11 AM org.apache.coyote.AbstractProtocol start
INFOS: Starting ProtocolHandler ["http-bio-8200"]
janv. 28, 2019 10:32:11 AM org.apache.coyote.AbstractProtocol start
INFOS: Starting ProtocolHandler ["ajp-bio-8300"]
janv. 28, 2019 10:32:11 AM org.apache.catalina.startup.Catalina start
INFOS: Server startup in 1106 ms
janv. 28, 2019 10:44:28 AM org.apache.catalina.core.StandardServer await
INFOS: A valid shutdown command was received via the shutdown port. Stopping the Server instance.
janv. 28, 2019 10:44:28 AM org.apache.coyote.AbstractProtocol pause
INFOS: Pausing ProtocolHandler ["http-bio-8200"]
janv. 28, 2019 10:44:28 AM org.apache.coyote.AbstractProtocol pause
INFOS: Pausing ProtocolHandler ["ajp-bio-8300"]
janv. 28, 2019 10:44:28 AM org.apache.catalina.core.StandardService stopInternal
INFOS: Arrêt du service Catalina
janv. 28, 2019 10:44:28 AM org.apache.coyote.AbstractProtocol stop
INFOS: Stopping ProtocolHandler ["http-bio-8200"]
janv. 28, 2019 10:44:28 AM org.apache.coyote.AbstractProtocol stop
INFOS: Stopping ProtocolHandler ["ajp-bio-8300"]
janv. 28, 2019 10:44:28 AM org.apache.coyote.AbstractProtocol destroy
INFOS: Destroying ProtocolHandler ["http-bio-8200"]
janv. 28, 2019 10:44:28 AM org.apache.coyote.AbstractProtocol destroy
INFOS: Destroying ProtocolHandler ["ajp-bio-8300"]
janv. 28, 2019 10:44:31 AM org.apache.catalina.core.AprLifecycleListener init
INFOS: The APR based Apache Tomcat Native library which allows optimal performance in production environments was not found on the java.library.path: /usr/java/packages/lib/amd64:/usr/lib/x86_64-linux-gnu/jni:/lib/x86_64-linux-gnu:/usr/lib/x86_64-linux-gnu:/usr/lib/jni:/lib:/usr/lib
janv. 28, 2019 10:44:31 AM org.apache.coyote.AbstractProtocol init
INFOS: Initializing ProtocolHandler ["http-bio-8200"]
janv. 28, 2019 10:44:31 AM org.apache.coyote.AbstractProtocol init
INFOS: Initializing ProtocolHandler ["ajp-bio-8300"]
janv. 28, 2019 10:44:31 AM org.apache.catalina.startup.Catalina load
INFOS: Initialization processed in 262 ms
janv. 28, 2019 10:44:31 AM org.apache.catalina.core.StandardService startInternal
INFOS: Démarrage du service Catalina
janv. 28, 2019 10:44:31 AM org.apache.catalina.core.StandardEngine startInternal
INFOS: Starting Servlet Engine: Apache Tomcat/7.0.47
janv. 28, 2019 10:44:31 AM org.apache.catalina.startup.HostConfig deployDirectory
INFOS: Déploiement du répertoire /home/etudiant/lh150094/tomcat/webapps/docs de l'application web
janv. 28, 2019 10:44:31 AM org.apache.catalina.startup.HostConfig deployDirectory
INFOS: Déploiement du répertoire /home/etudiant/lh150094/tomcat/webapps/host-manager de l'application web
janv. 28, 2019 10:44:31 AM org.apache.catalina.startup.HostConfig deployDirectory
INFOS: Déploiement du répertoire /home/etudiant/lh150094/tomcat/webapps/ROOT de l'application web
janv. 28, 2019 10:44:31 AM org.apache.catalina.startup.HostConfig deployDirectory
INFOS: Déploiement du répertoire /home/etudiant/lh150094/tomcat/webapps/examples de l'application web
janv. 28, 2019 10:44:32 AM org.apache.catalina.startup.HostConfig deployDirectory
INFOS: Déploiement du répertoire /home/etudiant/lh150094/tomcat/webapps/manager de l'application web
janv. 28, 2019 10:44:32 AM org.apache.catalina.startup.HostConfig deployDirectory
INFOS: Déploiement du répertoire /home/etudiant/lh150094/tomcat/webapps/Appli2 de l'application web
janv. 28, 2019 10:44:32 AM org.apache.catalina.core.ContainerBase addChildInternal
GRAVE: ContainerBase.addChild: start: 
org.apache.catalina.LifecycleException: Failed to start component [StandardEngine[Catalina].StandardHost[localhost].StandardContext[/Appli2]]
	at org.apache.catalina.util.LifecycleBase.start(LifecycleBase.java:154)
	at org.apache.catalina.core.ContainerBase.addChildInternal(ContainerBase.java:901)
	at org.apache.catalina.core.ContainerBase.addChild(ContainerBase.java:877)
	at org.apache.catalina.core.StandardHost.addChild(StandardHost.java:633)
	at org.apache.catalina.startup.HostConfig.deployDirectory(HostConfig.java:1120)
	at org.apache.catalina.startup.HostConfig$DeployDirectory.run(HostConfig.java:1678)
	at java.util.concurrent.Executors$RunnableAdapter.call(Executors.java:511)
	at java.util.concurrent.FutureTask.run(FutureTask.java:266)
	at java.util.concurrent.ThreadPoolExecutor.runWorker(ThreadPoolExecutor.java:1149)
	at java.util.concurrent.ThreadPoolExecutor$Worker.run(ThreadPoolExecutor.java:624)
	at java.lang.Thread.run(Thread.java:748)
Caused by: java.lang.IllegalArgumentException: L'association de servlet (servlet mapping) indique un nom de servlet inconnu autreNom
	at org.apache.catalina.core.StandardContext.addServletMapping(StandardContext.java:3241)
	at org.apache.catalina.core.StandardContext.addServletMapping(StandardContext.java:3220)
	at org.apache.catalina.deploy.WebXml.configureContext(WebXml.java:1367)
	at org.apache.catalina.startup.ContextConfig.webConfig(ContextConfig.java:1346)
	at org.apache.catalina.startup.ContextConfig.configureStart(ContextConfig.java:878)
	at org.apache.catalina.startup.ContextConfig.lifecycleEvent(ContextConfig.java:376)
	at org.apache.catalina.util.LifecycleSupport.fireLifecycleEvent(LifecycleSupport.java:119)
	at org.apache.catalina.util.LifecycleBase.fireLifecycleEvent(LifecycleBase.java:90)
	at org.apache.catalina.core.StandardContext.startInternal(StandardContext.java:5322)
	at org.apache.catalina.util.LifecycleBase.start(LifecycleBase.java:150)
	... 10 more

janv. 28, 2019 10:44:32 AM org.apache.catalina.startup.HostConfig deployDirectory
GRAVE: Erreur lors du déploiement du répertoire /home/etudiant/lh150094/tomcat/webapps/Appli2 de l'application web
java.lang.IllegalStateException: ContainerBase.addChild: start: org.apache.catalina.LifecycleException: Failed to start component [StandardEngine[Catalina].StandardHost[localhost].StandardContext[/Appli2]]
	at org.apache.catalina.core.ContainerBase.addChildInternal(ContainerBase.java:904)
	at org.apache.catalina.core.ContainerBase.addChild(ContainerBase.java:877)
	at org.apache.catalina.core.StandardHost.addChild(StandardHost.java:633)
	at org.apache.catalina.startup.HostConfig.deployDirectory(HostConfig.java:1120)
	at org.apache.catalina.startup.HostConfig$DeployDirectory.run(HostConfig.java:1678)
	at java.util.concurrent.Executors$RunnableAdapter.call(Executors.java:511)
	at java.util.concurrent.FutureTask.run(FutureTask.java:266)
	at java.util.concurrent.ThreadPoolExecutor.runWorker(ThreadPoolExecutor.java:1149)
	at java.util.concurrent.ThreadPoolExecutor$Worker.run(ThreadPoolExecutor.java:624)
	at java.lang.Thread.run(Thread.java:748)

janv. 28, 2019 10:44:32 AM org.apache.catalina.startup.HostConfig deployDirectory
INFOS: Déploiement du répertoire /home/etudiant/lh150094/tomcat/webapps/Appli1 de l'application web
janv. 28, 2019 10:44:32 AM org.apache.coyote.AbstractProtocol start
INFOS: Starting ProtocolHandler ["http-bio-8200"]
janv. 28, 2019 10:44:32 AM org.apache.coyote.AbstractProtocol start
INFOS: Starting ProtocolHandler ["ajp-bio-8300"]
janv. 28, 2019 10:44:32 AM org.apache.catalina.startup.Catalina start
INFOS: Server startup in 1169 ms
janv. 28, 2019 10:44:40 AM org.apache.catalina.core.StandardServer await
INFOS: A valid shutdown command was received via the shutdown port. Stopping the Server instance.
janv. 28, 2019 10:44:40 AM org.apache.coyote.AbstractProtocol pause
INFOS: Pausing ProtocolHandler ["http-bio-8200"]
janv. 28, 2019 10:44:40 AM org.apache.coyote.AbstractProtocol pause
INFOS: Pausing ProtocolHandler ["ajp-bio-8300"]
janv. 28, 2019 10:44:40 AM org.apache.catalina.core.StandardService stopInternal
INFOS: Arrêt du service Catalina
janv. 28, 2019 10:44:40 AM org.apache.coyote.AbstractProtocol stop
INFOS: Stopping ProtocolHandler ["http-bio-8200"]
janv. 28, 2019 10:44:42 AM org.apache.coyote.AbstractProtocol stop
INFOS: Stopping ProtocolHandler ["ajp-bio-8300"]
janv. 28, 2019 10:44:42 AM org.apache.coyote.AbstractProtocol destroy
INFOS: Destroying ProtocolHandler ["http-bio-8200"]
janv. 28, 2019 10:44:42 AM org.apache.coyote.AbstractProtocol destroy
INFOS: Destroying ProtocolHandler ["ajp-bio-8300"]
janv. 28, 2019 10:44:47 AM org.apache.catalina.core.AprLifecycleListener init
INFOS: The APR based Apache Tomcat Native library which allows optimal performance in production environments was not found on the java.library.path: /usr/java/packages/lib/amd64:/usr/lib/x86_64-linux-gnu/jni:/lib/x86_64-linux-gnu:/usr/lib/x86_64-linux-gnu:/usr/lib/jni:/lib:/usr/lib
janv. 28, 2019 10:44:47 AM org.apache.coyote.AbstractProtocol init
INFOS: Initializing ProtocolHandler ["http-bio-8200"]
janv. 28, 2019 10:44:47 AM org.apache.coyote.AbstractProtocol init
INFOS: Initializing ProtocolHandler ["ajp-bio-8300"]
janv. 28, 2019 10:44:47 AM org.apache.catalina.startup.Catalina load
INFOS: Initialization processed in 272 ms
janv. 28, 2019 10:44:47 AM org.apache.catalina.core.StandardService startInternal
INFOS: Démarrage du service Catalina
janv. 28, 2019 10:44:47 AM org.apache.catalina.core.StandardEngine startInternal
INFOS: Starting Servlet Engine: Apache Tomcat/7.0.47
janv. 28, 2019 10:44:47 AM org.apache.catalina.startup.HostConfig deployDirectory
INFOS: Déploiement du répertoire /home/etudiant/lh150094/tomcat/webapps/docs de l'application web
janv. 28, 2019 10:44:47 AM org.apache.catalina.startup.HostConfig deployDirectory
INFOS: Déploiement du répertoire /home/etudiant/lh150094/tomcat/webapps/host-manager de l'application web
janv. 28, 2019 10:44:48 AM org.apache.catalina.startup.HostConfig deployDirectory
INFOS: Déploiement du répertoire /home/etudiant/lh150094/tomcat/webapps/ROOT de l'application web
janv. 28, 2019 10:44:48 AM org.apache.catalina.startup.HostConfig deployDirectory
INFOS: Déploiement du répertoire /home/etudiant/lh150094/tomcat/webapps/examples de l'application web
janv. 28, 2019 10:44:48 AM org.apache.catalina.startup.HostConfig deployDirectory
INFOS: Déploiement du répertoire /home/etudiant/lh150094/tomcat/webapps/manager de l'application web
janv. 28, 2019 10:44:48 AM org.apache.catalina.startup.HostConfig deployDirectory
INFOS: Déploiement du répertoire /home/etudiant/lh150094/tomcat/webapps/Appli2 de l'application web
janv. 28, 2019 10:44:48 AM org.apache.catalina.core.ContainerBase addChildInternal
GRAVE: ContainerBase.addChild: start: 
org.apache.catalina.LifecycleException: Failed to start component [StandardEngine[Catalina].StandardHost[localhost].StandardContext[/Appli2]]
	at org.apache.catalina.util.LifecycleBase.start(LifecycleBase.java:154)
	at org.apache.catalina.core.ContainerBase.addChildInternal(ContainerBase.java:901)
	at org.apache.catalina.core.ContainerBase.addChild(ContainerBase.java:877)
	at org.apache.catalina.core.StandardHost.addChild(StandardHost.java:633)
	at org.apache.catalina.startup.HostConfig.deployDirectory(HostConfig.java:1120)
	at org.apache.catalina.startup.HostConfig$DeployDirectory.run(HostConfig.java:1678)
	at java.util.concurrent.Executors$RunnableAdapter.call(Executors.java:511)
	at java.util.concurrent.FutureTask.run(FutureTask.java:266)
	at java.util.concurrent.ThreadPoolExecutor.runWorker(ThreadPoolExecutor.java:1149)
	at java.util.concurrent.ThreadPoolExecutor$Worker.run(ThreadPoolExecutor.java:624)
	at java.lang.Thread.run(Thread.java:748)
Caused by: java.lang.IllegalArgumentException: L'association de servlet (servlet mapping) indique un nom de servlet inconnu autreNom
	at org.apache.catalina.core.StandardContext.addServletMapping(StandardContext.java:3241)
	at org.apache.catalina.core.StandardContext.addServletMapping(StandardContext.java:3220)
	at org.apache.catalina.deploy.WebXml.configureContext(WebXml.java:1367)
	at org.apache.catalina.startup.ContextConfig.webConfig(ContextConfig.java:1346)
	at org.apache.catalina.startup.ContextConfig.configureStart(ContextConfig.java:878)
	at org.apache.catalina.startup.ContextConfig.lifecycleEvent(ContextConfig.java:376)
	at org.apache.catalina.util.LifecycleSupport.fireLifecycleEvent(LifecycleSupport.java:119)
	at org.apache.catalina.util.LifecycleBase.fireLifecycleEvent(LifecycleBase.java:90)
	at org.apache.catalina.core.StandardContext.startInternal(StandardContext.java:5322)
	at org.apache.catalina.util.LifecycleBase.start(LifecycleBase.java:150)
	... 10 more

janv. 28, 2019 10:44:48 AM org.apache.catalina.startup.HostConfig deployDirectory
GRAVE: Erreur lors du déploiement du répertoire /home/etudiant/lh150094/tomcat/webapps/Appli2 de l'application web
java.lang.IllegalStateException: ContainerBase.addChild: start: org.apache.catalina.LifecycleException: Failed to start component [StandardEngine[Catalina].StandardHost[localhost].StandardContext[/Appli2]]
	at org.apache.catalina.core.ContainerBase.addChildInternal(ContainerBase.java:904)
	at org.apache.catalina.core.ContainerBase.addChild(ContainerBase.java:877)
	at org.apache.catalina.core.StandardHost.addChild(StandardHost.java:633)
	at org.apache.catalina.startup.HostConfig.deployDirectory(HostConfig.java:1120)
	at org.apache.catalina.startup.HostConfig$DeployDirectory.run(HostConfig.java:1678)
	at java.util.concurrent.Executors$RunnableAdapter.call(Executors.java:511)
	at java.util.concurrent.FutureTask.run(FutureTask.java:266)
	at java.util.concurrent.ThreadPoolExecutor.runWorker(ThreadPoolExecutor.java:1149)
	at java.util.concurrent.ThreadPoolExecutor$Worker.run(ThreadPoolExecutor.java:624)
	at java.lang.Thread.run(Thread.java:748)

janv. 28, 2019 10:44:48 AM org.apache.catalina.startup.HostConfig deployDirectory
INFOS: Déploiement du répertoire /home/etudiant/lh150094/tomcat/webapps/Appli1 de l'application web
janv. 28, 2019 10:44:48 AM org.apache.coyote.AbstractProtocol start
INFOS: Starting ProtocolHandler ["http-bio-8200"]
janv. 28, 2019 10:44:48 AM org.apache.coyote.AbstractProtocol start
INFOS: Starting ProtocolHandler ["ajp-bio-8300"]
janv. 28, 2019 10:44:48 AM org.apache.catalina.startup.Catalina start
INFOS: Server startup in 751 ms
janv. 28, 2019 10:44:58 AM org.apache.catalina.core.StandardServer await
INFOS: A valid shutdown command was received via the shutdown port. Stopping the Server instance.
janv. 28, 2019 10:44:58 AM org.apache.coyote.AbstractProtocol pause
INFOS: Pausing ProtocolHandler ["http-bio-8200"]
janv. 28, 2019 10:44:58 AM org.apache.coyote.AbstractProtocol pause
INFOS: Pausing ProtocolHandler ["ajp-bio-8300"]
janv. 28, 2019 10:44:58 AM org.apache.catalina.core.StandardService stopInternal
INFOS: Arrêt du service Catalina
janv. 28, 2019 10:44:58 AM org.apache.coyote.AbstractProtocol stop
INFOS: Stopping ProtocolHandler ["http-bio-8200"]
janv. 28, 2019 10:45:03 AM org.apache.tomcat.util.net.AbstractEndpoint shutdownExecutor
AVERTISSEMENT: The executor associated with thread pool [http-bio-8200] has not fully shutdown. Some application threads may still be running.
janv. 28, 2019 10:45:03 AM org.apache.coyote.AbstractProtocol stop
INFOS: Stopping ProtocolHandler ["ajp-bio-8300"]
janv. 28, 2019 10:45:03 AM org.apache.coyote.AbstractProtocol destroy
INFOS: Destroying ProtocolHandler ["http-bio-8200"]
janv. 28, 2019 10:45:03 AM org.apache.coyote.AbstractProtocol destroy
INFOS: Destroying ProtocolHandler ["ajp-bio-8300"]
janv. 28, 2019 10:45:05 AM org.apache.catalina.core.AprLifecycleListener init
INFOS: The APR based Apache Tomcat Native library which allows optimal performance in production environments was not found on the java.library.path: /usr/java/packages/lib/amd64:/usr/lib/x86_64-linux-gnu/jni:/lib/x86_64-linux-gnu:/usr/lib/x86_64-linux-gnu:/usr/lib/jni:/lib:/usr/lib
janv. 28, 2019 10:45:05 AM org.apache.coyote.AbstractProtocol init
INFOS: Initializing ProtocolHandler ["http-bio-8200"]
janv. 28, 2019 10:45:05 AM org.apache.coyote.AbstractProtocol init
INFOS: Initializing ProtocolHandler ["ajp-bio-8300"]
janv. 28, 2019 10:45:05 AM org.apache.catalina.startup.Catalina load
INFOS: Initialization processed in 266 ms
janv. 28, 2019 10:45:05 AM org.apache.catalina.core.StandardService startInternal
INFOS: Démarrage du service Catalina
janv. 28, 2019 10:45:05 AM org.apache.catalina.core.StandardEngine startInternal
INFOS: Starting Servlet Engine: Apache Tomcat/7.0.47
janv. 28, 2019 10:45:05 AM org.apache.catalina.startup.HostConfig deployDirectory
INFOS: Déploiement du répertoire /home/etudiant/lh150094/tomcat/webapps/docs de l'application web
janv. 28, 2019 10:45:05 AM org.apache.catalina.startup.HostConfig deployDirectory
INFOS: Déploiement du répertoire /home/etudiant/lh150094/tomcat/webapps/host-manager de l'application web
janv. 28, 2019 10:45:05 AM org.apache.catalina.startup.HostConfig deployDirectory
INFOS: Déploiement du répertoire /home/etudiant/lh150094/tomcat/webapps/ROOT de l'application web
janv. 28, 2019 10:45:06 AM org.apache.catalina.startup.HostConfig deployDirectory
INFOS: Déploiement du répertoire /home/etudiant/lh150094/tomcat/webapps/examples de l'application web
janv. 28, 2019 10:45:06 AM org.apache.catalina.startup.HostConfig deployDirectory
INFOS: Déploiement du répertoire /home/etudiant/lh150094/tomcat/webapps/manager de l'application web
janv. 28, 2019 10:45:06 AM org.apache.catalina.startup.HostConfig deployDirectory
INFOS: Déploiement du répertoire /home/etudiant/lh150094/tomcat/webapps/Appli2 de l'application web
janv. 28, 2019 10:45:06 AM org.apache.catalina.startup.HostConfig deployDirectory
INFOS: Déploiement du répertoire /home/etudiant/lh150094/tomcat/webapps/Appli1 de l'application web
janv. 28, 2019 10:45:06 AM org.apache.coyote.AbstractProtocol start
INFOS: Starting ProtocolHandler ["http-bio-8200"]
janv. 28, 2019 10:45:06 AM org.apache.coyote.AbstractProtocol start
INFOS: Starting ProtocolHandler ["ajp-bio-8300"]
janv. 28, 2019 10:45:06 AM org.apache.catalina.startup.Catalina start
INFOS: Server startup in 782 ms
janv. 28, 2019 10:45:40 AM org.apache.catalina.core.StandardServer await
INFOS: A valid shutdown command was received via the shutdown port. Stopping the Server instance.
janv. 28, 2019 10:45:40 AM org.apache.coyote.AbstractProtocol pause
INFOS: Pausing ProtocolHandler ["http-bio-8200"]
janv. 28, 2019 10:45:40 AM org.apache.coyote.AbstractProtocol pause
INFOS: Pausing ProtocolHandler ["ajp-bio-8300"]
janv. 28, 2019 10:45:40 AM org.apache.catalina.core.StandardService stopInternal
INFOS: Arrêt du service Catalina
janv. 28, 2019 10:45:40 AM org.apache.coyote.AbstractProtocol stop
INFOS: Stopping ProtocolHandler ["http-bio-8200"]
janv. 28, 2019 10:45:40 AM org.apache.coyote.AbstractProtocol stop
INFOS: Stopping ProtocolHandler ["ajp-bio-8300"]
janv. 28, 2019 10:45:40 AM org.apache.coyote.AbstractProtocol destroy
INFOS: Destroying ProtocolHandler ["http-bio-8200"]
janv. 28, 2019 10:45:40 AM org.apache.coyote.AbstractProtocol destroy
INFOS: Destroying ProtocolHandler ["ajp-bio-8300"]
janv. 28, 2019 10:45:43 AM org.apache.catalina.core.AprLifecycleListener init
INFOS: The APR based Apache Tomcat Native library which allows optimal performance in production environments was not found on the java.library.path: /usr/java/packages/lib/amd64:/usr/lib/x86_64-linux-gnu/jni:/lib/x86_64-linux-gnu:/usr/lib/x86_64-linux-gnu:/usr/lib/jni:/lib:/usr/lib
janv. 28, 2019 10:45:43 AM org.apache.coyote.AbstractProtocol init
INFOS: Initializing ProtocolHandler ["http-bio-8200"]
janv. 28, 2019 10:45:43 AM org.apache.coyote.AbstractProtocol init
INFOS: Initializing ProtocolHandler ["ajp-bio-8300"]
janv. 28, 2019 10:45:43 AM org.apache.catalina.startup.Catalina load
INFOS: Initialization processed in 282 ms
janv. 28, 2019 10:45:43 AM org.apache.catalina.core.StandardService startInternal
INFOS: Démarrage du service Catalina
janv. 28, 2019 10:45:43 AM org.apache.catalina.core.StandardEngine startInternal
INFOS: Starting Servlet Engine: Apache Tomcat/7.0.47
janv. 28, 2019 10:45:43 AM org.apache.catalina.startup.HostConfig deployDirectory
INFOS: Déploiement du répertoire /home/etudiant/lh150094/tomcat/webapps/docs de l'application web
janv. 28, 2019 10:45:43 AM org.apache.catalina.startup.HostConfig deployDirectory
INFOS: Déploiement du répertoire /home/etudiant/lh150094/tomcat/webapps/host-manager de l'application web
janv. 28, 2019 10:45:43 AM org.apache.catalina.startup.HostConfig deployDirectory
INFOS: Déploiement du répertoire /home/etudiant/lh150094/tomcat/webapps/ROOT de l'application web
janv. 28, 2019 10:45:43 AM org.apache.catalina.startup.HostConfig deployDirectory
INFOS: Déploiement du répertoire /home/etudiant/lh150094/tomcat/webapps/examples de l'application web
janv. 28, 2019 10:45:44 AM org.apache.catalina.startup.HostConfig deployDirectory
INFOS: Déploiement du répertoire /home/etudiant/lh150094/tomcat/webapps/manager de l'application web
janv. 28, 2019 10:45:44 AM org.apache.catalina.startup.HostConfig deployDirectory
INFOS: Déploiement du répertoire /home/etudiant/lh150094/tomcat/webapps/Appli2 de l'application web
janv. 28, 2019 10:45:44 AM org.apache.tomcat.util.digester.Digester endElement
GRAVE: End event threw exception
java.lang.reflect.InvocationTargetException
	at sun.reflect.GeneratedMethodAccessor18.invoke(Unknown Source)
	at sun.reflect.DelegatingMethodAccessorImpl.invoke(DelegatingMethodAccessorImpl.java:43)
	at java.lang.reflect.Method.invoke(Method.java:498)
	at org.apache.tomcat.util.IntrospectionUtils.callMethodN(IntrospectionUtils.java:911)
	at org.apache.catalina.startup.CallMethodMultiRule.end(WebRuleSet.java:1021)
	at org.apache.tomcat.util.digester.Digester.endElement(Digester.java:1051)
	at com.sun.org.apache.xerces.internal.parsers.AbstractSAXParser.endElement(AbstractSAXParser.java:609)
	at com.sun.org.apache.xerces.internal.impl.dtd.XMLDTDValidator.endNamespaceScope(XMLDTDValidator.java:2054)
	at com.sun.org.apache.xerces.internal.impl.dtd.XMLDTDValidator.handleEndElement(XMLDTDValidator.java:2005)
	at com.sun.org.apache.xerces.internal.impl.dtd.XMLDTDValidator.endElement(XMLDTDValidator.java:879)
	at com.sun.org.apache.xerces.internal.impl.XMLDocumentFragmentScannerImpl.scanEndElement(XMLDocumentFragmentScannerImpl.java:1782)
	at com.sun.org.apache.xerces.internal.impl.XMLDocumentFragmentScannerImpl$FragmentContentDriver.next(XMLDocumentFragmentScannerImpl.java:2967)
	at com.sun.org.apache.xerces.internal.impl.XMLDocumentScannerImpl.next(XMLDocumentScannerImpl.java:602)
	at com.sun.org.apache.xerces.internal.impl.XMLDocumentFragmentScannerImpl.scanDocument(XMLDocumentFragmentScannerImpl.java:505)
	at com.sun.org.apache.xerces.internal.parsers.XML11Configuration.parse(XML11Configuration.java:842)
	at com.sun.org.apache.xerces.internal.parsers.XML11Configuration.parse(XML11Configuration.java:771)
	at com.sun.org.apache.xerces.internal.parsers.XMLParser.parse(XMLParser.java:141)
	at com.sun.org.apache.xerces.internal.parsers.AbstractSAXParser.parse(AbstractSAXParser.java:1213)
	at com.sun.org.apache.xerces.internal.jaxp.SAXParserImpl$JAXPSAXParser.parse(SAXParserImpl.java:643)
	at org.apache.tomcat.util.digester.Digester.parse(Digester.java:1537)
	at org.apache.catalina.startup.ContextConfig.parseWebXml(ContextConfig.java:1899)
	at org.apache.catalina.startup.ContextConfig.webConfig(ContextConfig.java:1252)
	at org.apache.catalina.startup.ContextConfig.configureStart(ContextConfig.java:878)
	at org.apache.catalina.startup.ContextConfig.lifecycleEvent(ContextConfig.java:376)
	at org.apache.catalina.util.LifecycleSupport.fireLifecycleEvent(LifecycleSupport.java:119)
	at org.apache.catalina.util.LifecycleBase.fireLifecycleEvent(LifecycleBase.java:90)
	at org.apache.catalina.core.StandardContext.startInternal(StandardContext.java:5322)
	at org.apache.catalina.util.LifecycleBase.start(LifecycleBase.java:150)
	at org.apache.catalina.core.ContainerBase.addChildInternal(ContainerBase.java:901)
	at org.apache.catalina.core.ContainerBase.addChild(ContainerBase.java:877)
	at org.apache.catalina.core.StandardHost.addChild(StandardHost.java:633)
	at org.apache.catalina.startup.HostConfig.deployDirectory(HostConfig.java:1120)
	at org.apache.catalina.startup.HostConfig$DeployDirectory.run(HostConfig.java:1678)
	at java.util.concurrent.Executors$RunnableAdapter.call(Executors.java:511)
	at java.util.concurrent.FutureTask.run(FutureTask.java:266)
	at java.util.concurrent.ThreadPoolExecutor.runWorker(ThreadPoolExecutor.java:1149)
	at java.util.concurrent.ThreadPoolExecutor$Worker.run(ThreadPoolExecutor.java:624)
	at java.lang.Thread.run(Thread.java:748)
Caused by: java.lang.IllegalArgumentException: The servlets named [personne] and [autreMap] are both mapped to the url-pattern [/personne] which is not permitted
	at org.apache.catalina.deploy.WebXml.addServletMapping(WebXml.java:335)
	... 38 more

janv. 28, 2019 10:45:44 AM org.apache.catalina.startup.ContextConfig parseWebXml
GRAVE: Erreur d'évaluation (parse) dans le fichier web.xml de l'application à jndi:/localhost/Appli2/WEB-INF/web.xml
org.xml.sax.SAXParseException; systemId: jndi:/localhost/Appli2/WEB-INF/web.xml; lineNumber: 40; columnNumber: 20; Error at (40, 20) : The servlets named [personne] and [autreMap] are both mapped to the url-pattern [/personne] which is not permitted
	at org.apache.tomcat.util.digester.Digester.createSAXException(Digester.java:2687)
	at org.apache.tomcat.util.digester.Digester.createSAXException(Digester.java:2719)
	at org.apache.tomcat.util.digester.Digester.endElement(Digester.java:1054)
	at com.sun.org.apache.xerces.internal.parsers.AbstractSAXParser.endElement(AbstractSAXParser.java:609)
	at com.sun.org.apache.xerces.internal.impl.dtd.XMLDTDValidator.endNamespaceScope(XMLDTDValidator.java:2054)
	at com.sun.org.apache.xerces.internal.impl.dtd.XMLDTDValidator.handleEndElement(XMLDTDValidator.java:2005)
	at com.sun.org.apache.xerces.internal.impl.dtd.XMLDTDValidator.endElement(XMLDTDValidator.java:879)
	at com.sun.org.apache.xerces.internal.impl.XMLDocumentFragmentScannerImpl.scanEndElement(XMLDocumentFragmentScannerImpl.java:1782)
	at com.sun.org.apache.xerces.internal.impl.XMLDocumentFragmentScannerImpl$FragmentContentDriver.next(XMLDocumentFragmentScannerImpl.java:2967)
	at com.sun.org.apache.xerces.internal.impl.XMLDocumentScannerImpl.next(XMLDocumentScannerImpl.java:602)
	at com.sun.org.apache.xerces.internal.impl.XMLDocumentFragmentScannerImpl.scanDocument(XMLDocumentFragmentScannerImpl.java:505)
	at com.sun.org.apache.xerces.internal.parsers.XML11Configuration.parse(XML11Configuration.java:842)
	at com.sun.org.apache.xerces.internal.parsers.XML11Configuration.parse(XML11Configuration.java:771)
	at com.sun.org.apache.xerces.internal.parsers.XMLParser.parse(XMLParser.java:141)
	at com.sun.org.apache.xerces.internal.parsers.AbstractSAXParser.parse(AbstractSAXParser.java:1213)
	at com.sun.org.apache.xerces.internal.jaxp.SAXParserImpl$JAXPSAXParser.parse(SAXParserImpl.java:643)
	at org.apache.tomcat.util.digester.Digester.parse(Digester.java:1537)
	at org.apache.catalina.startup.ContextConfig.parseWebXml(ContextConfig.java:1899)
	at org.apache.catalina.startup.ContextConfig.webConfig(ContextConfig.java:1252)
	at org.apache.catalina.startup.ContextConfig.configureStart(ContextConfig.java:878)
	at org.apache.catalina.startup.ContextConfig.lifecycleEvent(ContextConfig.java:376)
	at org.apache.catalina.util.LifecycleSupport.fireLifecycleEvent(LifecycleSupport.java:119)
	at org.apache.catalina.util.LifecycleBase.fireLifecycleEvent(LifecycleBase.java:90)
	at org.apache.catalina.core.StandardContext.startInternal(StandardContext.java:5322)
	at org.apache.catalina.util.LifecycleBase.start(LifecycleBase.java:150)
	at org.apache.catalina.core.ContainerBase.addChildInternal(ContainerBase.java:901)
	at org.apache.catalina.core.ContainerBase.addChild(ContainerBase.java:877)
	at org.apache.catalina.core.StandardHost.addChild(StandardHost.java:633)
	at org.apache.catalina.startup.HostConfig.deployDirectory(HostConfig.java:1120)
	at org.apache.catalina.startup.HostConfig$DeployDirectory.run(HostConfig.java:1678)
	at java.util.concurrent.Executors$RunnableAdapter.call(Executors.java:511)
	at java.util.concurrent.FutureTask.run(FutureTask.java:266)
	at java.util.concurrent.ThreadPoolExecutor.runWorker(ThreadPoolExecutor.java:1149)
	at java.util.concurrent.ThreadPoolExecutor$Worker.run(ThreadPoolExecutor.java:624)
	at java.lang.Thread.run(Thread.java:748)
Caused by: java.lang.IllegalArgumentException: The servlets named [personne] and [autreMap] are both mapped to the url-pattern [/personne] which is not permitted
	at org.apache.catalina.deploy.WebXml.addServletMapping(WebXml.java:335)
	at sun.reflect.GeneratedMethodAccessor18.invoke(Unknown Source)
	at sun.reflect.DelegatingMethodAccessorImpl.invoke(DelegatingMethodAccessorImpl.java:43)
	at java.lang.reflect.Method.invoke(Method.java:498)
	at org.apache.tomcat.util.IntrospectionUtils.callMethodN(IntrospectionUtils.java:911)
	at org.apache.catalina.startup.CallMethodMultiRule.end(WebRuleSet.java:1021)
	at org.apache.tomcat.util.digester.Digester.endElement(Digester.java:1051)
	... 32 more

janv. 28, 2019 10:45:44 AM org.apache.catalina.startup.ContextConfig parseWebXml
GRAVE: S'est produite à la ligne 40 colonne 20
janv. 28, 2019 10:45:44 AM org.apache.catalina.startup.ContextConfig configureStart
GRAVE: Cette application est marquée comme non disponible suite aux erreurs précédentes
janv. 28, 2019 10:45:44 AM org.apache.catalina.core.StandardContext startInternal
GRAVE: Error getConfigured
janv. 28, 2019 10:45:44 AM org.apache.catalina.core.StandardContext startInternal
GRAVE: Erreur de démarrage du contexte [/Appli2] suite aux erreurs précédentes
janv. 28, 2019 10:45:44 AM org.apache.catalina.startup.HostConfig deployDirectory
INFOS: Déploiement du répertoire /home/etudiant/lh150094/tomcat/webapps/Appli1 de l'application web
janv. 28, 2019 10:45:44 AM org.apache.coyote.AbstractProtocol start
INFOS: Starting ProtocolHandler ["http-bio-8200"]
janv. 28, 2019 10:45:44 AM org.apache.coyote.AbstractProtocol start
INFOS: Starting ProtocolHandler ["ajp-bio-8300"]
janv. 28, 2019 10:45:44 AM org.apache.catalina.startup.Catalina start
INFOS: Server startup in 919 ms
janv. 28, 2019 10:46:00 AM org.apache.catalina.core.StandardServer await
INFOS: A valid shutdown command was received via the shutdown port. Stopping the Server instance.
janv. 28, 2019 10:46:00 AM org.apache.coyote.AbstractProtocol pause
INFOS: Pausing ProtocolHandler ["http-bio-8200"]
janv. 28, 2019 10:46:00 AM org.apache.coyote.AbstractProtocol pause
INFOS: Pausing ProtocolHandler ["ajp-bio-8300"]
janv. 28, 2019 10:46:00 AM org.apache.catalina.core.StandardService stopInternal
INFOS: Arrêt du service Catalina
janv. 28, 2019 10:46:00 AM org.apache.coyote.AbstractProtocol stop
INFOS: Stopping ProtocolHandler ["http-bio-8200"]
janv. 28, 2019 10:46:01 AM org.apache.catalina.core.AprLifecycleListener init
INFOS: The APR based Apache Tomcat Native library which allows optimal performance in production environments was not found on the java.library.path: /usr/java/packages/lib/amd64:/usr/lib/x86_64-linux-gnu/jni:/lib/x86_64-linux-gnu:/usr/lib/x86_64-linux-gnu:/usr/lib/jni:/lib:/usr/lib
janv. 28, 2019 10:46:01 AM org.apache.coyote.AbstractProtocol init
INFOS: Initializing ProtocolHandler ["http-bio-8200"]
janv. 28, 2019 10:46:01 AM org.apache.coyote.AbstractProtocol init
GRAVE: Failed to initialize end point associated with ProtocolHandler ["http-bio-8200"]
java.net.BindException: Adresse déjà utilisée (Bind failed) <null>:8200
	at org.apache.tomcat.util.net.JIoEndpoint.bind(JIoEndpoint.java:407)
	at org.apache.tomcat.util.net.AbstractEndpoint.init(AbstractEndpoint.java:623)
	at org.apache.coyote.AbstractProtocol.init(AbstractProtocol.java:434)
	at org.apache.coyote.http11.AbstractHttp11JsseProtocol.init(AbstractHttp11JsseProtocol.java:119)
	at org.apache.catalina.connector.Connector.initInternal(Connector.java:981)
	at org.apache.catalina.util.LifecycleBase.init(LifecycleBase.java:102)
	at org.apache.catalina.core.StandardService.initInternal(StandardService.java:559)
	at org.apache.catalina.util.LifecycleBase.init(LifecycleBase.java:102)
	at org.apache.catalina.core.StandardServer.initInternal(StandardServer.java:814)
	at org.apache.catalina.util.LifecycleBase.init(LifecycleBase.java:102)
	at org.apache.catalina.startup.Catalina.load(Catalina.java:640)
	at org.apache.catalina.startup.Catalina.load(Catalina.java:665)
	at sun.reflect.NativeMethodAccessorImpl.invoke0(Native Method)
	at sun.reflect.NativeMethodAccessorImpl.invoke(NativeMethodAccessorImpl.java:62)
	at sun.reflect.DelegatingMethodAccessorImpl.invoke(DelegatingMethodAccessorImpl.java:43)
	at java.lang.reflect.Method.invoke(Method.java:498)
	at org.apache.catalina.startup.Bootstrap.load(Bootstrap.java:281)
	at org.apache.catalina.startup.Bootstrap.main(Bootstrap.java:455)
Caused by: java.net.BindException: Adresse déjà utilisée (Bind failed)
	at java.net.PlainSocketImpl.socketBind(Native Method)
	at java.net.AbstractPlainSocketImpl.bind(AbstractPlainSocketImpl.java:387)
	at java.net.ServerSocket.bind(ServerSocket.java:375)
	at java.net.ServerSocket.<init>(ServerSocket.java:237)
	at java.net.ServerSocket.<init>(ServerSocket.java:181)
	at org.apache.tomcat.util.net.DefaultServerSocketFactory.createSocket(DefaultServerSocketFactory.java:49)
	at org.apache.tomcat.util.net.JIoEndpoint.bind(JIoEndpoint.java:394)
	... 17 more

janv. 28, 2019 10:46:01 AM org.apache.catalina.core.StandardService initInternal
GRAVE: Failed to initialize connector [Connector[HTTP/1.1-8200]]
org.apache.catalina.LifecycleException: Failed to initialize component [Connector[HTTP/1.1-8200]]
	at org.apache.catalina.util.LifecycleBase.init(LifecycleBase.java:106)
	at org.apache.catalina.core.StandardService.initInternal(StandardService.java:559)
	at org.apache.catalina.util.LifecycleBase.init(LifecycleBase.java:102)
	at org.apache.catalina.core.StandardServer.initInternal(StandardServer.java:814)
	at org.apache.catalina.util.LifecycleBase.init(LifecycleBase.java:102)
	at org.apache.catalina.startup.Catalina.load(Catalina.java:640)
	at org.apache.catalina.startup.Catalina.load(Catalina.java:665)
	at sun.reflect.NativeMethodAccessorImpl.invoke0(Native Method)
	at sun.reflect.NativeMethodAccessorImpl.invoke(NativeMethodAccessorImpl.java:62)
	at sun.reflect.DelegatingMethodAccessorImpl.invoke(DelegatingMethodAccessorImpl.java:43)
	at java.lang.reflect.Method.invoke(Method.java:498)
	at org.apache.catalina.startup.Bootstrap.load(Bootstrap.java:281)
	at org.apache.catalina.startup.Bootstrap.main(Bootstrap.java:455)
Caused by: org.apache.catalina.LifecycleException: L''initialisation du gestionnaire de protocole a échoué
	at org.apache.catalina.connector.Connector.initInternal(Connector.java:983)
	at org.apache.catalina.util.LifecycleBase.init(LifecycleBase.java:102)
	... 12 more
Caused by: java.net.BindException: Adresse déjà utilisée (Bind failed) <null>:8200
	at org.apache.tomcat.util.net.JIoEndpoint.bind(JIoEndpoint.java:407)
	at org.apache.tomcat.util.net.AbstractEndpoint.init(AbstractEndpoint.java:623)
	at org.apache.coyote.AbstractProtocol.init(AbstractProtocol.java:434)
	at org.apache.coyote.http11.AbstractHttp11JsseProtocol.init(AbstractHttp11JsseProtocol.java:119)
	at org.apache.catalina.connector.Connector.initInternal(Connector.java:981)
	... 13 more
Caused by: java.net.BindException: Adresse déjà utilisée (Bind failed)
	at java.net.PlainSocketImpl.socketBind(Native Method)
	at java.net.AbstractPlainSocketImpl.bind(AbstractPlainSocketImpl.java:387)
	at java.net.ServerSocket.bind(ServerSocket.java:375)
	at java.net.ServerSocket.<init>(ServerSocket.java:237)
	at java.net.ServerSocket.<init>(ServerSocket.java:181)
	at org.apache.tomcat.util.net.DefaultServerSocketFactory.createSocket(DefaultServerSocketFactory.java:49)
	at org.apache.tomcat.util.net.JIoEndpoint.bind(JIoEndpoint.java:394)
	... 17 more

janv. 28, 2019 10:46:01 AM org.apache.coyote.AbstractProtocol init
INFOS: Initializing ProtocolHandler ["ajp-bio-8300"]
janv. 28, 2019 10:46:01 AM org.apache.coyote.AbstractProtocol init
GRAVE: Failed to initialize end point associated with ProtocolHandler ["ajp-bio-8300"]
java.net.BindException: Adresse déjà utilisée (Bind failed) <null>:8300
	at org.apache.tomcat.util.net.JIoEndpoint.bind(JIoEndpoint.java:407)
	at org.apache.tomcat.util.net.AbstractEndpoint.init(AbstractEndpoint.java:623)
	at org.apache.coyote.AbstractProtocol.init(AbstractProtocol.java:434)
	at org.apache.catalina.connector.Connector.initInternal(Connector.java:981)
	at org.apache.catalina.util.LifecycleBase.init(LifecycleBase.java:102)
	at org.apache.catalina.core.StandardService.initInternal(StandardService.java:559)
	at org.apache.catalina.util.LifecycleBase.init(LifecycleBase.java:102)
	at org.apache.catalina.core.StandardServer.initInternal(StandardServer.java:814)
	at org.apache.catalina.util.LifecycleBase.init(LifecycleBase.java:102)
	at org.apache.catalina.startup.Catalina.load(Catalina.java:640)
	at org.apache.catalina.startup.Catalina.load(Catalina.java:665)
	at sun.reflect.NativeMethodAccessorImpl.invoke0(Native Method)
	at sun.reflect.NativeMethodAccessorImpl.invoke(NativeMethodAccessorImpl.java:62)
	at sun.reflect.DelegatingMethodAccessorImpl.invoke(DelegatingMethodAccessorImpl.java:43)
	at java.lang.reflect.Method.invoke(Method.java:498)
	at org.apache.catalina.startup.Bootstrap.load(Bootstrap.java:281)
	at org.apache.catalina.startup.Bootstrap.main(Bootstrap.java:455)
Caused by: java.net.BindException: Adresse déjà utilisée (Bind failed)
	at java.net.PlainSocketImpl.socketBind(Native Method)
	at java.net.AbstractPlainSocketImpl.bind(AbstractPlainSocketImpl.java:387)
	at java.net.ServerSocket.bind(ServerSocket.java:375)
	at java.net.ServerSocket.<init>(ServerSocket.java:237)
	at java.net.ServerSocket.<init>(ServerSocket.java:181)
	at org.apache.tomcat.util.net.DefaultServerSocketFactory.createSocket(DefaultServerSocketFactory.java:49)
	at org.apache.tomcat.util.net.JIoEndpoint.bind(JIoEndpoint.java:394)
	... 16 more

janv. 28, 2019 10:46:01 AM org.apache.catalina.core.StandardService initInternal
GRAVE: Failed to initialize connector [Connector[AJP/1.3-8300]]
org.apache.catalina.LifecycleException: Failed to initialize component [Connector[AJP/1.3-8300]]
	at org.apache.catalina.util.LifecycleBase.init(LifecycleBase.java:106)
	at org.apache.catalina.core.StandardService.initInternal(StandardService.java:559)
	at org.apache.catalina.util.LifecycleBase.init(LifecycleBase.java:102)
	at org.apache.catalina.core.StandardServer.initInternal(StandardServer.java:814)
	at org.apache.catalina.util.LifecycleBase.init(LifecycleBase.java:102)
	at org.apache.catalina.startup.Catalina.load(Catalina.java:640)
	at org.apache.catalina.startup.Catalina.load(Catalina.java:665)
	at sun.reflect.NativeMethodAccessorImpl.invoke0(Native Method)
	at sun.reflect.NativeMethodAccessorImpl.invoke(NativeMethodAccessorImpl.java:62)
	at sun.reflect.DelegatingMethodAccessorImpl.invoke(DelegatingMethodAccessorImpl.java:43)
	at java.lang.reflect.Method.invoke(Method.java:498)
	at org.apache.catalina.startup.Bootstrap.load(Bootstrap.java:281)
	at org.apache.catalina.startup.Bootstrap.main(Bootstrap.java:455)
Caused by: org.apache.catalina.LifecycleException: L''initialisation du gestionnaire de protocole a échoué
	at org.apache.catalina.connector.Connector.initInternal(Connector.java:983)
	at org.apache.catalina.util.LifecycleBase.init(LifecycleBase.java:102)
	... 12 more
Caused by: java.net.BindException: Adresse déjà utilisée (Bind failed) <null>:8300
	at org.apache.tomcat.util.net.JIoEndpoint.bind(JIoEndpoint.java:407)
	at org.apache.tomcat.util.net.AbstractEndpoint.init(AbstractEndpoint.java:623)
	at org.apache.coyote.AbstractProtocol.init(AbstractProtocol.java:434)
	at org.apache.catalina.connector.Connector.initInternal(Connector.java:981)
	... 13 more
Caused by: java.net.BindException: Adresse déjà utilisée (Bind failed)
	at java.net.PlainSocketImpl.socketBind(Native Method)
	at java.net.AbstractPlainSocketImpl.bind(AbstractPlainSocketImpl.java:387)
	at java.net.ServerSocket.bind(ServerSocket.java:375)
	at java.net.ServerSocket.<init>(ServerSocket.java:237)
	at java.net.ServerSocket.<init>(ServerSocket.java:181)
	at org.apache.tomcat.util.net.DefaultServerSocketFactory.createSocket(DefaultServerSocketFactory.java:49)
	at org.apache.tomcat.util.net.JIoEndpoint.bind(JIoEndpoint.java:394)
	... 16 more

janv. 28, 2019 10:46:01 AM org.apache.catalina.startup.Catalina load
INFOS: Initialization processed in 286 ms
janv. 28, 2019 10:46:01 AM org.apache.catalina.core.StandardService startInternal
INFOS: Démarrage du service Catalina
janv. 28, 2019 10:46:01 AM org.apache.catalina.core.StandardEngine startInternal
INFOS: Starting Servlet Engine: Apache Tomcat/7.0.47
janv. 28, 2019 10:46:01 AM org.apache.catalina.startup.HostConfig deployDirectory
INFOS: Déploiement du répertoire /home/etudiant/lh150094/tomcat/webapps/docs de l'application web
janv. 28, 2019 10:46:01 AM org.apache.catalina.startup.HostConfig deployDirectory
INFOS: Déploiement du répertoire /home/etudiant/lh150094/tomcat/webapps/host-manager de l'application web
janv. 28, 2019 10:46:01 AM org.apache.catalina.startup.HostConfig deployDirectory
INFOS: Déploiement du répertoire /home/etudiant/lh150094/tomcat/webapps/ROOT de l'application web
janv. 28, 2019 10:46:01 AM org.apache.catalina.startup.HostConfig deployDirectory
INFOS: Déploiement du répertoire /home/etudiant/lh150094/tomcat/webapps/examples de l'application web
janv. 28, 2019 10:46:01 AM org.apache.catalina.startup.HostConfig deployDirectory
INFOS: Déploiement du répertoire /home/etudiant/lh150094/tomcat/webapps/manager de l'application web
janv. 28, 2019 10:46:01 AM org.apache.catalina.startup.HostConfig deployDirectory
INFOS: Déploiement du répertoire /home/etudiant/lh150094/tomcat/webapps/Appli2 de l'application web
janv. 28, 2019 10:46:02 AM org.apache.catalina.startup.HostConfig deployDirectory
INFOS: Déploiement du répertoire /home/etudiant/lh150094/tomcat/webapps/Appli1 de l'application web
janv. 28, 2019 10:46:02 AM org.apache.catalina.startup.Catalina start
INFOS: Server startup in 808 ms
janv. 28, 2019 10:46:02 AM org.apache.coyote.AbstractProtocol stop
INFOS: Stopping ProtocolHandler ["ajp-bio-8300"]
janv. 28, 2019 10:46:02 AM org.apache.coyote.AbstractProtocol destroy
INFOS: Destroying ProtocolHandler ["http-bio-8200"]
janv. 28, 2019 10:46:02 AM org.apache.coyote.AbstractProtocol destroy
INFOS: Destroying ProtocolHandler ["ajp-bio-8300"]
janv. 28, 2019 10:46:08 AM org.apache.catalina.core.StandardServer await
INFOS: A valid shutdown command was received via the shutdown port. Stopping the Server instance.
janv. 28, 2019 10:46:08 AM org.apache.coyote.AbstractProtocol pause
INFOS: Pausing ProtocolHandler ["http-bio-8200"]
janv. 28, 2019 10:46:08 AM org.apache.coyote.AbstractProtocol pause
INFOS: Pausing ProtocolHandler ["ajp-bio-8300"]
janv. 28, 2019 10:46:08 AM org.apache.catalina.core.StandardService stopInternal
INFOS: Arrêt du service Catalina
janv. 28, 2019 10:46:08 AM org.apache.coyote.AbstractProtocol stop
INFOS: Stopping ProtocolHandler ["http-bio-8200"]
janv. 28, 2019 10:46:08 AM org.apache.coyote.AbstractProtocol destroy
INFOS: Destroying ProtocolHandler ["http-bio-8200"]
janv. 28, 2019 10:46:08 AM org.apache.coyote.AbstractProtocol stop
INFOS: Stopping ProtocolHandler ["ajp-bio-8300"]
janv. 28, 2019 10:46:08 AM org.apache.coyote.AbstractProtocol destroy
INFOS: Destroying ProtocolHandler ["ajp-bio-8300"]
janv. 28, 2019 10:46:13 AM org.apache.catalina.core.AprLifecycleListener init
INFOS: The APR based Apache Tomcat Native library which allows optimal performance in production environments was not found on the java.library.path: /usr/java/packages/lib/amd64:/usr/lib/x86_64-linux-gnu/jni:/lib/x86_64-linux-gnu:/usr/lib/x86_64-linux-gnu:/usr/lib/jni:/lib:/usr/lib
janv. 28, 2019 10:46:13 AM org.apache.coyote.AbstractProtocol init
INFOS: Initializing ProtocolHandler ["http-bio-8200"]
janv. 28, 2019 10:46:13 AM org.apache.coyote.AbstractProtocol init
INFOS: Initializing ProtocolHandler ["ajp-bio-8300"]
janv. 28, 2019 10:46:13 AM org.apache.catalina.startup.Catalina load
INFOS: Initialization processed in 267 ms
janv. 28, 2019 10:46:13 AM org.apache.catalina.core.StandardService startInternal
INFOS: Démarrage du service Catalina
janv. 28, 2019 10:46:13 AM org.apache.catalina.core.StandardEngine startInternal
INFOS: Starting Servlet Engine: Apache Tomcat/7.0.47
janv. 28, 2019 10:46:13 AM org.apache.catalina.startup.HostConfig deployDirectory
INFOS: Déploiement du répertoire /home/etudiant/lh150094/tomcat/webapps/docs de l'application web
janv. 28, 2019 10:46:13 AM org.apache.catalina.startup.HostConfig deployDirectory
INFOS: Déploiement du répertoire /home/etudiant/lh150094/tomcat/webapps/host-manager de l'application web
janv. 28, 2019 10:46:14 AM org.apache.catalina.startup.HostConfig deployDirectory
INFOS: Déploiement du répertoire /home/etudiant/lh150094/tomcat/webapps/ROOT de l'application web
janv. 28, 2019 10:46:14 AM org.apache.catalina.startup.HostConfig deployDirectory
INFOS: Déploiement du répertoire /home/etudiant/lh150094/tomcat/webapps/examples de l'application web
janv. 28, 2019 10:46:14 AM org.apache.catalina.startup.HostConfig deployDirectory
INFOS: Déploiement du répertoire /home/etudiant/lh150094/tomcat/webapps/manager de l'application web
janv. 28, 2019 10:46:14 AM org.apache.catalina.startup.HostConfig deployDirectory
INFOS: Déploiement du répertoire /home/etudiant/lh150094/tomcat/webapps/Appli2 de l'application web
janv. 28, 2019 10:46:14 AM org.apache.catalina.startup.HostConfig deployDirectory
INFOS: Déploiement du répertoire /home/etudiant/lh150094/tomcat/webapps/Appli1 de l'application web
janv. 28, 2019 10:46:14 AM org.apache.coyote.AbstractProtocol start
INFOS: Starting ProtocolHandler ["http-bio-8200"]
janv. 28, 2019 10:46:14 AM org.apache.coyote.AbstractProtocol start
INFOS: Starting ProtocolHandler ["ajp-bio-8300"]
janv. 28, 2019 10:46:14 AM org.apache.catalina.startup.Catalina start
INFOS: Server startup in 719 ms
janv. 28, 2019 10:49:09 AM org.apache.catalina.core.StandardServer await
INFOS: A valid shutdown command was received via the shutdown port. Stopping the Server instance.
janv. 28, 2019 10:49:09 AM org.apache.coyote.AbstractProtocol pause
INFOS: Pausing ProtocolHandler ["http-bio-8200"]
janv. 28, 2019 10:49:09 AM org.apache.coyote.AbstractProtocol pause
INFOS: Pausing ProtocolHandler ["ajp-bio-8300"]
janv. 28, 2019 10:49:09 AM org.apache.catalina.core.StandardService stopInternal
INFOS: Arrêt du service Catalina
janv. 28, 2019 10:49:09 AM org.apache.coyote.AbstractProtocol stop
INFOS: Stopping ProtocolHandler ["http-bio-8200"]
janv. 28, 2019 10:49:09 AM org.apache.coyote.AbstractProtocol stop
INFOS: Stopping ProtocolHandler ["ajp-bio-8300"]
janv. 28, 2019 10:49:09 AM org.apache.coyote.AbstractProtocol destroy
INFOS: Destroying ProtocolHandler ["http-bio-8200"]
janv. 28, 2019 10:49:09 AM org.apache.coyote.AbstractProtocol destroy
INFOS: Destroying ProtocolHandler ["ajp-bio-8300"]
janv. 28, 2019 10:51:11 AM org.apache.catalina.core.AprLifecycleListener init
INFOS: The APR based Apache Tomcat Native library which allows optimal performance in production environments was not found on the java.library.path: /usr/java/packages/lib/amd64:/usr/lib/x86_64-linux-gnu/jni:/lib/x86_64-linux-gnu:/usr/lib/x86_64-linux-gnu:/usr/lib/jni:/lib:/usr/lib
janv. 28, 2019 10:51:12 AM org.apache.coyote.AbstractProtocol init
INFOS: Initializing ProtocolHandler ["http-bio-8200"]
janv. 28, 2019 10:51:12 AM org.apache.coyote.AbstractProtocol init
INFOS: Initializing ProtocolHandler ["ajp-bio-8300"]
janv. 28, 2019 10:51:12 AM org.apache.catalina.startup.Catalina load
INFOS: Initialization processed in 264 ms
janv. 28, 2019 10:51:12 AM org.apache.catalina.core.StandardService startInternal
INFOS: Démarrage du service Catalina
janv. 28, 2019 10:51:12 AM org.apache.catalina.core.StandardEngine startInternal
INFOS: Starting Servlet Engine: Apache Tomcat/7.0.47
janv. 28, 2019 10:51:12 AM org.apache.catalina.startup.HostConfig deployDirectory
INFOS: Déploiement du répertoire /home/etudiant/lh150094/tomcat/webapps/docs de l'application web
janv. 28, 2019 10:51:12 AM org.apache.catalina.startup.HostConfig deployDirectory
INFOS: Déploiement du répertoire /home/etudiant/lh150094/tomcat/webapps/host-manager de l'application web
janv. 28, 2019 10:51:12 AM org.apache.catalina.startup.HostConfig deployDirectory
INFOS: Déploiement du répertoire /home/etudiant/lh150094/tomcat/webapps/ROOT de l'application web
janv. 28, 2019 10:51:12 AM org.apache.catalina.startup.HostConfig deployDirectory
INFOS: Déploiement du répertoire /home/etudiant/lh150094/tomcat/webapps/examples de l'application web
janv. 28, 2019 10:51:12 AM org.apache.catalina.startup.HostConfig deployDirectory
INFOS: Déploiement du répertoire /home/etudiant/lh150094/tomcat/webapps/manager de l'application web
janv. 28, 2019 10:51:13 AM org.apache.catalina.startup.HostConfig deployDirectory
INFOS: Déploiement du répertoire /home/etudiant/lh150094/tomcat/webapps/Appli2 de l'application web
janv. 28, 2019 10:51:13 AM org.apache.catalina.startup.HostConfig deployDirectory
INFOS: Déploiement du répertoire /home/etudiant/lh150094/tomcat/webapps/Appli1 de l'application web
janv. 28, 2019 10:51:13 AM org.apache.coyote.AbstractProtocol start
INFOS: Starting ProtocolHandler ["http-bio-8200"]
janv. 28, 2019 10:51:13 AM org.apache.coyote.AbstractProtocol start
INFOS: Starting ProtocolHandler ["ajp-bio-8300"]
janv. 28, 2019 10:51:13 AM org.apache.catalina.startup.Catalina start
INFOS: Server startup in 1094 ms
janv. 28, 2019 10:53:31 AM org.apache.catalina.core.StandardContext reload
INFOS: Le rechargement du contexte [/Appli2] a démarré
janv. 28, 2019 10:53:31 AM org.apache.catalina.core.StandardContext reload
INFOS: Le rechargement de ce contexte est terminé
janv. 28, 2019 10:54:52 AM org.apache.catalina.core.StandardServer await
INFOS: A valid shutdown command was received via the shutdown port. Stopping the Server instance.
janv. 28, 2019 10:54:52 AM org.apache.coyote.AbstractProtocol pause
INFOS: Pausing ProtocolHandler ["http-bio-8200"]
janv. 28, 2019 10:54:52 AM org.apache.coyote.AbstractProtocol pause
INFOS: Pausing ProtocolHandler ["ajp-bio-8300"]
janv. 28, 2019 10:54:52 AM org.apache.catalina.core.StandardService stopInternal
INFOS: Arrêt du service Catalina
janv. 28, 2019 10:54:52 AM org.apache.coyote.AbstractProtocol stop
INFOS: Stopping ProtocolHandler ["http-bio-8200"]
janv. 28, 2019 10:54:52 AM org.apache.coyote.AbstractProtocol stop
INFOS: Stopping ProtocolHandler ["ajp-bio-8300"]
janv. 28, 2019 10:54:52 AM org.apache.coyote.AbstractProtocol destroy
INFOS: Destroying ProtocolHandler ["http-bio-8200"]
janv. 28, 2019 10:54:52 AM org.apache.coyote.AbstractProtocol destroy
INFOS: Destroying ProtocolHandler ["ajp-bio-8300"]
janv. 28, 2019 10:59:23 AM org.apache.catalina.core.AprLifecycleListener init
INFOS: The APR based Apache Tomcat Native library which allows optimal performance in production environments was not found on the java.library.path: /usr/java/packages/lib/amd64:/usr/lib/x86_64-linux-gnu/jni:/lib/x86_64-linux-gnu:/usr/lib/x86_64-linux-gnu:/usr/lib/jni:/lib:/usr/lib
janv. 28, 2019 10:59:23 AM org.apache.coyote.AbstractProtocol init
INFOS: Initializing ProtocolHandler ["http-bio-8200"]
janv. 28, 2019 10:59:23 AM org.apache.coyote.AbstractProtocol init
INFOS: Initializing ProtocolHandler ["ajp-bio-8300"]
janv. 28, 2019 10:59:23 AM org.apache.catalina.startup.Catalina load
INFOS: Initialization processed in 269 ms
janv. 28, 2019 10:59:23 AM org.apache.catalina.core.StandardService startInternal
INFOS: Démarrage du service Catalina
janv. 28, 2019 10:59:23 AM org.apache.catalina.core.StandardEngine startInternal
INFOS: Starting Servlet Engine: Apache Tomcat/7.0.47
janv. 28, 2019 10:59:23 AM org.apache.catalina.startup.HostConfig deployDirectory
INFOS: Déploiement du répertoire /home/etudiant/lh150094/tomcat/webapps/docs de l'application web
janv. 28, 2019 10:59:23 AM org.apache.catalina.startup.HostConfig deployDirectory
INFOS: Déploiement du répertoire /home/etudiant/lh150094/tomcat/webapps/host-manager de l'application web
janv. 28, 2019 10:59:24 AM org.apache.catalina.startup.HostConfig deployDirectory
INFOS: Déploiement du répertoire /home/etudiant/lh150094/tomcat/webapps/ROOT de l'application web
janv. 28, 2019 10:59:24 AM org.apache.catalina.startup.HostConfig deployDirectory
INFOS: Déploiement du répertoire /home/etudiant/lh150094/tomcat/webapps/examples de l'application web
janv. 28, 2019 10:59:24 AM org.apache.catalina.startup.HostConfig deployDirectory
INFOS: Déploiement du répertoire /home/etudiant/lh150094/tomcat/webapps/manager de l'application web
janv. 28, 2019 10:59:24 AM org.apache.catalina.startup.HostConfig deployDirectory
INFOS: Déploiement du répertoire /home/etudiant/lh150094/tomcat/webapps/Appli2 de l'application web
janv. 28, 2019 10:59:24 AM org.apache.catalina.startup.HostConfig deployDirectory
INFOS: Déploiement du répertoire /home/etudiant/lh150094/tomcat/webapps/Appli1 de l'application web
janv. 28, 2019 10:59:25 AM org.apache.catalina.startup.HostConfig deployDirectory
INFOS: Déploiement du répertoire /home/etudiant/lh150094/tomcat/webapps/Formulaires de l'application web
janv. 28, 2019 10:59:25 AM org.apache.coyote.AbstractProtocol start
INFOS: Starting ProtocolHandler ["http-bio-8200"]
janv. 28, 2019 10:59:25 AM org.apache.coyote.AbstractProtocol start
INFOS: Starting ProtocolHandler ["ajp-bio-8300"]
janv. 28, 2019 10:59:25 AM org.apache.catalina.startup.Catalina start
INFOS: Server startup in 1401 ms
janv. 28, 2019 11:02:40 AM org.apache.catalina.core.StandardServer await
INFOS: A valid shutdown command was received via the shutdown port. Stopping the Server instance.
janv. 28, 2019 11:02:40 AM org.apache.coyote.AbstractProtocol pause
INFOS: Pausing ProtocolHandler ["http-bio-8200"]
janv. 28, 2019 11:02:40 AM org.apache.coyote.AbstractProtocol pause
INFOS: Pausing ProtocolHandler ["ajp-bio-8300"]
janv. 28, 2019 11:02:41 AM org.apache.catalina.core.StandardService stopInternal
INFOS: Arrêt du service Catalina
janv. 28, 2019 11:02:41 AM org.apache.coyote.AbstractProtocol stop
INFOS: Stopping ProtocolHandler ["http-bio-8200"]
janv. 28, 2019 11:02:41 AM org.apache.coyote.AbstractProtocol stop
INFOS: Stopping ProtocolHandler ["ajp-bio-8300"]
janv. 28, 2019 11:02:41 AM org.apache.coyote.AbstractProtocol destroy
INFOS: Destroying ProtocolHandler ["http-bio-8200"]
janv. 28, 2019 11:02:41 AM org.apache.coyote.AbstractProtocol destroy
INFOS: Destroying ProtocolHandler ["ajp-bio-8300"]
janv. 28, 2019 11:03:18 AM org.apache.catalina.core.AprLifecycleListener init
INFOS: The APR based Apache Tomcat Native library which allows optimal performance in production environments was not found on the java.library.path: /usr/java/packages/lib/amd64:/usr/lib/x86_64-linux-gnu/jni:/lib/x86_64-linux-gnu:/usr/lib/x86_64-linux-gnu:/usr/lib/jni:/lib:/usr/lib
janv. 28, 2019 11:03:18 AM org.apache.coyote.AbstractProtocol init
INFOS: Initializing ProtocolHandler ["http-bio-8200"]
janv. 28, 2019 11:03:18 AM org.apache.coyote.AbstractProtocol init
INFOS: Initializing ProtocolHandler ["ajp-bio-8300"]
janv. 28, 2019 11:03:18 AM org.apache.catalina.startup.Catalina load
INFOS: Initialization processed in 302 ms
janv. 28, 2019 11:03:18 AM org.apache.catalina.core.StandardService startInternal
INFOS: Démarrage du service Catalina
janv. 28, 2019 11:03:18 AM org.apache.catalina.core.StandardEngine startInternal
INFOS: Starting Servlet Engine: Apache Tomcat/7.0.47
janv. 28, 2019 11:03:18 AM org.apache.catalina.startup.HostConfig deployDirectory
INFOS: Déploiement du répertoire /home/etudiant/lh150094/tomcat/webapps/docs de l'application web
janv. 28, 2019 11:03:18 AM org.apache.catalina.startup.HostConfig deployDirectory
INFOS: Déploiement du répertoire /home/etudiant/lh150094/tomcat/webapps/host-manager de l'application web
janv. 28, 2019 11:03:18 AM org.apache.catalina.startup.HostConfig deployDirectory
INFOS: Déploiement du répertoire /home/etudiant/lh150094/tomcat/webapps/ROOT de l'application web
janv. 28, 2019 11:03:19 AM org.apache.catalina.startup.HostConfig deployDirectory
INFOS: Déploiement du répertoire /home/etudiant/lh150094/tomcat/webapps/examples de l'application web
janv. 28, 2019 11:03:19 AM org.apache.catalina.startup.HostConfig deployDirectory
INFOS: Déploiement du répertoire /home/etudiant/lh150094/tomcat/webapps/manager de l'application web
janv. 28, 2019 11:03:19 AM org.apache.catalina.startup.HostConfig deployDirectory
INFOS: Déploiement du répertoire /home/etudiant/lh150094/tomcat/webapps/Appli2 de l'application web
janv. 28, 2019 11:03:19 AM org.apache.catalina.startup.HostConfig deployDirectory
INFOS: Déploiement du répertoire /home/etudiant/lh150094/tomcat/webapps/Appli1 de l'application web
janv. 28, 2019 11:03:19 AM org.apache.catalina.startup.HostConfig deployDirectory
INFOS: Déploiement du répertoire /home/etudiant/lh150094/tomcat/webapps/Formulaires de l'application web
janv. 28, 2019 11:03:19 AM org.apache.coyote.AbstractProtocol start
INFOS: Starting ProtocolHandler ["http-bio-8200"]
janv. 28, 2019 11:03:19 AM org.apache.coyote.AbstractProtocol start
INFOS: Starting ProtocolHandler ["ajp-bio-8300"]
janv. 28, 2019 11:03:19 AM org.apache.catalina.startup.Catalina start
INFOS: Server startup in 1323 ms
janv. 28, 2019 11:03:58 AM org.apache.catalina.core.StandardServer await
INFOS: A valid shutdown command was received via the shutdown port. Stopping the Server instance.
janv. 28, 2019 11:03:58 AM org.apache.coyote.AbstractProtocol pause
INFOS: Pausing ProtocolHandler ["http-bio-8200"]
janv. 28, 2019 11:03:58 AM org.apache.coyote.AbstractProtocol pause
INFOS: Pausing ProtocolHandler ["ajp-bio-8300"]
janv. 28, 2019 11:03:58 AM org.apache.catalina.core.StandardService stopInternal
INFOS: Arrêt du service Catalina
janv. 28, 2019 11:03:58 AM org.apache.coyote.AbstractProtocol stop
INFOS: Stopping ProtocolHandler ["http-bio-8200"]
janv. 28, 2019 11:03:59 AM org.apache.coyote.AbstractProtocol stop
INFOS: Stopping ProtocolHandler ["ajp-bio-8300"]
janv. 28, 2019 11:03:59 AM org.apache.coyote.AbstractProtocol destroy
INFOS: Destroying ProtocolHandler ["http-bio-8200"]
janv. 28, 2019 11:03:59 AM org.apache.coyote.AbstractProtocol destroy
INFOS: Destroying ProtocolHandler ["ajp-bio-8300"]
janv. 28, 2019 11:04:00 AM org.apache.catalina.core.AprLifecycleListener init
INFOS: The APR based Apache Tomcat Native library which allows optimal performance in production environments was not found on the java.library.path: /usr/java/packages/lib/amd64:/usr/lib/x86_64-linux-gnu/jni:/lib/x86_64-linux-gnu:/usr/lib/x86_64-linux-gnu:/usr/lib/jni:/lib:/usr/lib
janv. 28, 2019 11:04:00 AM org.apache.coyote.AbstractProtocol init
INFOS: Initializing ProtocolHandler ["http-bio-8200"]
janv. 28, 2019 11:04:00 AM org.apache.coyote.AbstractProtocol init
INFOS: Initializing ProtocolHandler ["ajp-bio-8300"]
janv. 28, 2019 11:04:00 AM org.apache.catalina.startup.Catalina load
INFOS: Initialization processed in 271 ms
janv. 28, 2019 11:04:00 AM org.apache.catalina.core.StandardService startInternal
INFOS: Démarrage du service Catalina
janv. 28, 2019 11:04:00 AM org.apache.catalina.core.StandardEngine startInternal
INFOS: Starting Servlet Engine: Apache Tomcat/7.0.47
janv. 28, 2019 11:04:00 AM org.apache.catalina.startup.HostConfig deployDirectory
INFOS: Déploiement du répertoire /home/etudiant/lh150094/tomcat/webapps/docs de l'application web
janv. 28, 2019 11:04:00 AM org.apache.catalina.startup.HostConfig deployDirectory
INFOS: Déploiement du répertoire /home/etudiant/lh150094/tomcat/webapps/host-manager de l'application web
janv. 28, 2019 11:04:01 AM org.apache.catalina.startup.HostConfig deployDirectory
INFOS: Déploiement du répertoire /home/etudiant/lh150094/tomcat/webapps/ROOT de l'application web
janv. 28, 2019 11:04:01 AM org.apache.catalina.startup.HostConfig deployDirectory
INFOS: Déploiement du répertoire /home/etudiant/lh150094/tomcat/webapps/examples de l'application web
janv. 28, 2019 11:04:01 AM org.apache.catalina.startup.HostConfig deployDirectory
INFOS: Déploiement du répertoire /home/etudiant/lh150094/tomcat/webapps/manager de l'application web
janv. 28, 2019 11:04:01 AM org.apache.catalina.startup.HostConfig deployDirectory
INFOS: Déploiement du répertoire /home/etudiant/lh150094/tomcat/webapps/Appli2 de l'application web
janv. 28, 2019 11:04:01 AM org.apache.catalina.startup.HostConfig deployDirectory
INFOS: Déploiement du répertoire /home/etudiant/lh150094/tomcat/webapps/Appli1 de l'application web
janv. 28, 2019 11:04:01 AM org.apache.catalina.startup.HostConfig deployDirectory
INFOS: Déploiement du répertoire /home/etudiant/lh150094/tomcat/webapps/Formulaires de l'application web
janv. 28, 2019 11:04:01 AM org.apache.coyote.AbstractProtocol start
INFOS: Starting ProtocolHandler ["http-bio-8200"]
janv. 28, 2019 11:04:01 AM org.apache.coyote.AbstractProtocol start
INFOS: Starting ProtocolHandler ["ajp-bio-8300"]
janv. 28, 2019 11:04:01 AM org.apache.catalina.startup.Catalina start
INFOS: Server startup in 810 ms
janv. 28, 2019 11:04:32 AM org.apache.catalina.core.StandardContext reload
INFOS: Le rechargement du contexte [/Formulaires] a démarré
janv. 28, 2019 11:04:33 AM org.apache.catalina.core.StandardContext reload
INFOS: Le rechargement de ce contexte est terminé
janv. 28, 2019 11:05:31 AM org.apache.catalina.core.StandardContext reload
INFOS: Le rechargement du contexte [/Formulaires] a démarré
janv. 28, 2019 11:05:31 AM org.apache.catalina.core.StandardContext reload
INFOS: Le rechargement de ce contexte est terminé
janv. 28, 2019 11:06:06 AM org.apache.catalina.core.StandardContext reload
INFOS: Le rechargement du contexte [/Formulaires] a démarré
janv. 28, 2019 11:06:06 AM org.apache.catalina.core.StandardContext reload
INFOS: Le rechargement de ce contexte est terminé
janv. 28, 2019 11:08:01 AM org.apache.catalina.startup.HostConfig checkResources
INFOS: Reloading context [/Formulaires]
janv. 28, 2019 11:08:01 AM org.apache.catalina.core.StandardContext reload
INFOS: Le rechargement du contexte [/Formulaires] a démarré
janv. 28, 2019 11:08:02 AM org.apache.catalina.core.StandardContext reload
INFOS: Le rechargement de ce contexte est terminé
janv. 28, 2019 11:08:07 AM org.apache.catalina.core.StandardContext reload
INFOS: Le rechargement du contexte [/Formulaires] a démarré
janv. 28, 2019 11:08:07 AM org.apache.catalina.core.StandardContext reload
INFOS: Le rechargement de ce contexte est terminé
janv. 28, 2019 11:12:55 AM org.apache.catalina.core.StandardContext reload
INFOS: Le rechargement du contexte [/Formulaires] a démarré
janv. 28, 2019 11:12:56 AM org.apache.catalina.core.StandardContext reload
INFOS: Le rechargement de ce contexte est terminé
janv. 28, 2019 11:13:47 AM org.apache.catalina.core.StandardContext reload
INFOS: Le rechargement du contexte [/Formulaires] a démarré
janv. 28, 2019 11:13:47 AM org.apache.catalina.core.StandardContext reload
INFOS: Le rechargement de ce contexte est terminé
janv. 28, 2019 11:14:28 AM org.apache.catalina.core.StandardContext reload
INFOS: Le rechargement du contexte [/Formulaires] a démarré
janv. 28, 2019 11:14:28 AM org.apache.catalina.core.StandardContext reload
INFOS: Le rechargement de ce contexte est terminé
janv. 28, 2019 11:14:54 AM org.apache.catalina.core.StandardContext reload
INFOS: Le rechargement du contexte [/Formulaires] a démarré
janv. 28, 2019 11:14:54 AM org.apache.catalina.core.StandardContext reload
INFOS: Le rechargement de ce contexte est terminé
janv. 28, 2019 11:15:19 AM org.apache.catalina.core.StandardContext reload
INFOS: Le rechargement du contexte [/Formulaires] a démarré
janv. 28, 2019 11:15:20 AM org.apache.catalina.core.StandardContext reload
INFOS: Le rechargement de ce contexte est terminé
janv. 28, 2019 11:16:11 AM org.apache.catalina.core.StandardContext reload
INFOS: Le rechargement du contexte [/Formulaires] a démarré
janv. 28, 2019 11:16:12 AM org.apache.catalina.core.StandardContext reload
INFOS: Le rechargement de ce contexte est terminé
janv. 28, 2019 11:18:42 AM org.apache.catalina.core.StandardContext reload
INFOS: Le rechargement du contexte [/Formulaires] a démarré
janv. 28, 2019 11:18:42 AM org.apache.catalina.core.StandardContext reload
INFOS: Le rechargement de ce contexte est terminé
janv. 28, 2019 11:20:24 AM org.apache.catalina.core.StandardContext reload
INFOS: Le rechargement du contexte [/Formulaires] a démarré
janv. 28, 2019 11:20:25 AM org.apache.catalina.core.StandardContext reload
INFOS: Le rechargement de ce contexte est terminé
janv. 28, 2019 11:21:02 AM org.apache.catalina.core.StandardContext reload
INFOS: Le rechargement du contexte [/Formulaires] a démarré
janv. 28, 2019 11:21:03 AM org.apache.catalina.core.StandardContext reload
INFOS: Le rechargement de ce contexte est terminé
janv. 28, 2019 11:22:52 AM org.apache.catalina.core.StandardContext reload
INFOS: Le rechargement du contexte [/Formulaires] a démarré
janv. 28, 2019 11:22:53 AM org.apache.catalina.core.StandardContext reload
INFOS: Le rechargement de ce contexte est terminé
janv. 28, 2019 11:23:24 AM org.apache.catalina.core.StandardContext reload
INFOS: Le rechargement du contexte [/Formulaires] a démarré
janv. 28, 2019 11:23:25 AM org.apache.catalina.core.StandardContext reload
INFOS: Le rechargement de ce contexte est terminé
janv. 28, 2019 11:24:17 AM org.apache.catalina.core.StandardContext reload
INFOS: Le rechargement du contexte [/Formulaires] a démarré
janv. 28, 2019 11:24:18 AM org.apache.catalina.core.StandardContext reload
INFOS: Le rechargement de ce contexte est terminé
janv. 28, 2019 11:25:37 AM org.apache.catalina.core.StandardContext reload
INFOS: Le rechargement du contexte [/Formulaires] a démarré
janv. 28, 2019 11:25:38 AM org.apache.catalina.core.StandardContext reload
INFOS: Le rechargement de ce contexte est terminé
janv. 28, 2019 11:26:08 AM org.apache.catalina.core.StandardContext reload
INFOS: Le rechargement du contexte [/Formulaires] a démarré
janv. 28, 2019 11:26:08 AM org.apache.catalina.core.StandardContext reload
INFOS: Le rechargement de ce contexte est terminé
janv. 28, 2019 11:27:27 AM org.apache.catalina.core.StandardContext reload
INFOS: Le rechargement du contexte [/Formulaires] a démarré
janv. 28, 2019 11:27:27 AM org.apache.catalina.core.StandardContext reload
INFOS: Le rechargement de ce contexte est terminé
janv. 28, 2019 11:27:54 AM org.apache.catalina.core.StandardContext reload
INFOS: Le rechargement du contexte [/Formulaires] a démarré
janv. 28, 2019 11:27:54 AM org.apache.catalina.core.StandardContext reload
INFOS: Le rechargement de ce contexte est terminé
janv. 28, 2019 11:42:10 AM org.apache.catalina.core.StandardContext reload
INFOS: Le rechargement du contexte [/Formulaires] a démarré
janv. 28, 2019 11:42:11 AM org.apache.catalina.core.StandardContext reload
INFOS: Le rechargement de ce contexte est terminé
janv. 28, 2019 11:42:13 AM org.apache.catalina.startup.HostConfig checkResources
INFOS: Reloading context [/Formulaires]
janv. 28, 2019 11:42:13 AM org.apache.catalina.core.StandardContext reload
INFOS: Le rechargement du contexte [/Formulaires] a démarré
janv. 28, 2019 11:42:13 AM org.apache.catalina.core.StandardContext reload
INFOS: Le rechargement de ce contexte est terminé
janv. 28, 2019 11:42:44 AM org.apache.catalina.startup.HostConfig checkResources
INFOS: Reloading context [/Formulaires]
janv. 28, 2019 11:42:44 AM org.apache.catalina.core.StandardContext reload
INFOS: Le rechargement du contexte [/Formulaires] a démarré
janv. 28, 2019 11:42:44 AM org.apache.catalina.core.StandardContext reload
INFOS: Le rechargement de ce contexte est terminé
janv. 28, 2019 11:42:45 AM org.apache.catalina.core.StandardContext reload
INFOS: Le rechargement du contexte [/Formulaires] a démarré
janv. 28, 2019 11:42:46 AM org.apache.catalina.core.StandardContext reload
INFOS: Le rechargement de ce contexte est terminé
janv. 28, 2019 11:43:04 AM org.apache.catalina.startup.HostConfig checkResources
INFOS: Reloading context [/Formulaires]
janv. 28, 2019 11:43:04 AM org.apache.catalina.core.StandardContext reload
INFOS: Le rechargement du contexte [/Formulaires] a démarré
janv. 28, 2019 11:43:04 AM org.apache.catalina.core.StandardContext reload
INFOS: Le rechargement de ce contexte est terminé
janv. 28, 2019 11:43:14 AM org.apache.catalina.startup.HostConfig checkResources
INFOS: Reloading context [/Formulaires]
janv. 28, 2019 11:43:14 AM org.apache.catalina.core.StandardContext reload
INFOS: Le rechargement du contexte [/Formulaires] a démarré
janv. 28, 2019 11:43:15 AM org.apache.catalina.core.StandardContext reload
INFOS: Le rechargement de ce contexte est terminé
janv. 28, 2019 11:43:20 AM org.apache.catalina.core.StandardContext reload
INFOS: Le rechargement du contexte [/Formulaires] a démarré
janv. 28, 2019 11:43:20 AM org.apache.catalina.core.StandardContext reload
INFOS: Le rechargement de ce contexte est terminé
janv. 28, 2019 11:43:45 AM org.apache.catalina.core.StandardContext reload
INFOS: Le rechargement du contexte [/Formulaires] a démarré
janv. 28, 2019 11:43:46 AM org.apache.catalina.core.StandardContext reload
INFOS: Le rechargement de ce contexte est terminé
janv. 28, 2019 11:43:56 AM org.apache.catalina.core.StandardContext reload
INFOS: Le rechargement du contexte [/Formulaires] a démarré
janv. 28, 2019 11:43:56 AM org.apache.catalina.core.StandardContext reload
INFOS: Le rechargement de ce contexte est terminé
janv. 28, 2019 11:44:33 AM org.apache.catalina.core.StandardContext reload
INFOS: Le rechargement du contexte [/Formulaires] a démarré
janv. 28, 2019 11:44:33 AM org.apache.catalina.core.StandardContext reload
INFOS: Le rechargement de ce contexte est terminé
janv. 28, 2019 11:44:43 AM org.apache.catalina.core.StandardContext reload
INFOS: Le rechargement du contexte [/Formulaires] a démarré
janv. 28, 2019 11:44:44 AM org.apache.catalina.core.StandardContext reload
INFOS: Le rechargement de ce contexte est terminé
janv. 28, 2019 11:45:28 AM org.apache.catalina.core.StandardServer await
INFOS: A valid shutdown command was received via the shutdown port. Stopping the Server instance.
janv. 28, 2019 11:45:28 AM org.apache.coyote.AbstractProtocol pause
INFOS: Pausing ProtocolHandler ["http-bio-8200"]
janv. 28, 2019 11:45:28 AM org.apache.coyote.AbstractProtocol pause
INFOS: Pausing ProtocolHandler ["ajp-bio-8300"]
janv. 28, 2019 11:45:29 AM org.apache.catalina.core.StandardService stopInternal
INFOS: Arrêt du service Catalina
janv. 28, 2019 11:45:29 AM org.apache.coyote.AbstractProtocol stop
INFOS: Stopping ProtocolHandler ["http-bio-8200"]
janv. 28, 2019 11:45:29 AM org.apache.coyote.AbstractProtocol stop
INFOS: Stopping ProtocolHandler ["ajp-bio-8300"]
janv. 28, 2019 11:45:29 AM org.apache.coyote.AbstractProtocol destroy
INFOS: Destroying ProtocolHandler ["http-bio-8200"]
janv. 28, 2019 11:45:29 AM org.apache.coyote.AbstractProtocol destroy
INFOS: Destroying ProtocolHandler ["ajp-bio-8300"]
janv. 28, 2019 1:16:18 PM org.apache.catalina.core.AprLifecycleListener init
INFOS: The APR based Apache Tomcat Native library which allows optimal performance in production environments was not found on the java.library.path: /usr/java/packages/lib/amd64:/usr/lib/x86_64-linux-gnu/jni:/lib/x86_64-linux-gnu:/usr/lib/x86_64-linux-gnu:/usr/lib/jni:/lib:/usr/lib
janv. 28, 2019 1:16:19 PM org.apache.coyote.AbstractProtocol init
INFOS: Initializing ProtocolHandler ["http-bio-8200"]
janv. 28, 2019 1:16:19 PM org.apache.coyote.AbstractProtocol init
INFOS: Initializing ProtocolHandler ["ajp-bio-8300"]
janv. 28, 2019 1:16:19 PM org.apache.catalina.startup.Catalina load
INFOS: Initialization processed in 355 ms
janv. 28, 2019 1:16:19 PM org.apache.catalina.core.StandardService startInternal
INFOS: Démarrage du service Catalina
janv. 28, 2019 1:16:19 PM org.apache.catalina.core.StandardEngine startInternal
INFOS: Starting Servlet Engine: Apache Tomcat/7.0.47
janv. 28, 2019 1:16:19 PM org.apache.catalina.startup.HostConfig deployDirectory
INFOS: Déploiement du répertoire /home/etudiant/lh150094/tomcat/webapps/docs de l'application web
janv. 28, 2019 1:16:19 PM org.apache.catalina.startup.HostConfig deployDirectory
INFOS: Déploiement du répertoire /home/etudiant/lh150094/tomcat/webapps/host-manager de l'application web
janv. 28, 2019 1:16:19 PM org.apache.catalina.startup.HostConfig deployDirectory
INFOS: Déploiement du répertoire /home/etudiant/lh150094/tomcat/webapps/ROOT de l'application web
janv. 28, 2019 1:16:19 PM org.apache.catalina.startup.HostConfig deployDirectory
INFOS: Déploiement du répertoire /home/etudiant/lh150094/tomcat/webapps/examples de l'application web
janv. 28, 2019 1:16:23 PM org.apache.catalina.startup.HostConfig deployDirectory
INFOS: Déploiement du répertoire /home/etudiant/lh150094/tomcat/webapps/manager de l'application web
janv. 28, 2019 1:16:24 PM org.apache.catalina.startup.HostConfig deployDirectory
INFOS: Déploiement du répertoire /home/etudiant/lh150094/tomcat/webapps/Appli2 de l'application web
janv. 28, 2019 1:16:24 PM org.apache.catalina.startup.HostConfig deployDirectory
INFOS: Déploiement du répertoire /home/etudiant/lh150094/tomcat/webapps/Appli1 de l'application web
janv. 28, 2019 1:16:24 PM org.apache.catalina.startup.HostConfig deployDirectory
INFOS: Déploiement du répertoire /home/etudiant/lh150094/tomcat/webapps/Formulaires de l'application web
janv. 28, 2019 1:16:24 PM org.apache.coyote.AbstractProtocol start
INFOS: Starting ProtocolHandler ["http-bio-8200"]
janv. 28, 2019 1:16:24 PM org.apache.coyote.AbstractProtocol start
INFOS: Starting ProtocolHandler ["ajp-bio-8300"]
janv. 28, 2019 1:16:24 PM org.apache.catalina.startup.Catalina start
INFOS: Server startup in 5083 ms
janv. 28, 2019 1:16:53 PM org.apache.catalina.core.StandardContext reload
INFOS: Le rechargement du contexte [/Formulaires] a démarré
janv. 28, 2019 1:16:53 PM org.apache.catalina.core.StandardContext reload
INFOS: Le rechargement de ce contexte est terminé
janv. 28, 2019 1:58:49 PM org.apache.catalina.core.StandardContext reload
INFOS: Le rechargement du contexte [/Formulaires] a démarré
janv. 28, 2019 1:58:50 PM org.apache.catalina.core.StandardContext reload
INFOS: Le rechargement de ce contexte est terminé
