févr. 04, 2019 10:15:11 AM org.apache.catalina.core.AprLifecycleListener init
INFOS: The APR based Apache Tomcat Native library which allows optimal performance in production environments was not found on the java.library.path: /usr/java/packages/lib/amd64:/usr/lib/x86_64-linux-gnu/jni:/lib/x86_64-linux-gnu:/usr/lib/x86_64-linux-gnu:/usr/lib/jni:/lib:/usr/lib
févr. 04, 2019 10:15:11 AM org.apache.coyote.AbstractProtocol init
INFOS: Initializing ProtocolHandler ["http-bio-8200"]
févr. 04, 2019 10:15:11 AM org.apache.coyote.AbstractProtocol init
INFOS: Initializing ProtocolHandler ["ajp-bio-8300"]
févr. 04, 2019 10:15:11 AM org.apache.catalina.startup.Catalina load
INFOS: Initialization processed in 388 ms
févr. 04, 2019 10:15:11 AM org.apache.catalina.core.StandardService startInternal
INFOS: Démarrage du service Catalina
févr. 04, 2019 10:15:11 AM org.apache.catalina.core.StandardEngine startInternal
INFOS: Starting Servlet Engine: Apache Tomcat/7.0.47
févr. 04, 2019 10:15:11 AM org.apache.catalina.startup.HostConfig deployDirectory
INFOS: Déploiement du répertoire /home/etudiant/lh150094/tomcat/webapps/docs de l'application web
févr. 04, 2019 10:15:11 AM org.apache.catalina.startup.HostConfig deployDirectory
INFOS: Déploiement du répertoire /home/etudiant/lh150094/tomcat/webapps/host-manager de l'application web
févr. 04, 2019 10:15:11 AM org.apache.catalina.startup.HostConfig deployDirectory
INFOS: Déploiement du répertoire /home/etudiant/lh150094/tomcat/webapps/ROOT de l'application web
févr. 04, 2019 10:15:11 AM org.apache.catalina.startup.HostConfig deployDirectory
INFOS: Déploiement du répertoire /home/etudiant/lh150094/tomcat/webapps/examples de l'application web
févr. 04, 2019 10:15:12 AM org.apache.catalina.startup.HostConfig deployDirectory
INFOS: Déploiement du répertoire /home/etudiant/lh150094/tomcat/webapps/manager de l'application web
févr. 04, 2019 10:15:12 AM org.apache.catalina.startup.HostConfig deployDirectory
INFOS: Déploiement du répertoire /home/etudiant/lh150094/tomcat/webapps/Appli2 de l'application web
févr. 04, 2019 10:15:13 AM org.apache.catalina.startup.HostConfig deployDirectory
INFOS: Déploiement du répertoire /home/etudiant/lh150094/tomcat/webapps/Appli1 de l'application web
févr. 04, 2019 10:15:13 AM org.apache.catalina.startup.HostConfig deployDirectory
INFOS: Déploiement du répertoire /home/etudiant/lh150094/tomcat/webapps/Formulaires de l'application web
févr. 04, 2019 10:15:13 AM org.apache.coyote.AbstractProtocol start
INFOS: Starting ProtocolHandler ["http-bio-8200"]
févr. 04, 2019 10:15:13 AM org.apache.coyote.AbstractProtocol start
INFOS: Starting ProtocolHandler ["ajp-bio-8300"]
févr. 04, 2019 10:15:13 AM org.apache.catalina.startup.Catalina start
INFOS: Server startup in 2097 ms
févr. 04, 2019 10:54:55 AM org.apache.catalina.startup.HostConfig checkResources
INFOS: Reloading context [/Formulaires]
févr. 04, 2019 10:54:55 AM org.apache.catalina.core.StandardContext reload
INFOS: Le rechargement du contexte [/Formulaires] a démarré
févr. 04, 2019 10:54:56 AM org.apache.catalina.core.StandardContext reload
INFOS: Le rechargement de ce contexte est terminé
févr. 04, 2019 10:56:46 AM org.apache.catalina.startup.HostConfig checkResources
INFOS: Reloading context [/Formulaires]
févr. 04, 2019 10:56:46 AM org.apache.catalina.core.StandardContext reload
INFOS: Le rechargement du contexte [/Formulaires] a démarré
févr. 04, 2019 10:56:46 AM org.apache.catalina.core.StandardContext reload
INFOS: Le rechargement de ce contexte est terminé
févr. 04, 2019 10:58:33 AM org.apache.catalina.core.StandardContext reload
INFOS: Le rechargement du contexte [/Formulaires] a démarré
févr. 04, 2019 10:58:33 AM org.apache.catalina.core.StandardContext reload
INFOS: Le rechargement de ce contexte est terminé
févr. 04, 2019 10:59:45 AM org.apache.catalina.core.StandardContext reload
INFOS: Le rechargement du contexte [/Formulaires] a démarré
févr. 04, 2019 10:59:46 AM org.apache.catalina.core.StandardContext reload
INFOS: Le rechargement de ce contexte est terminé
févr. 04, 2019 11:00:37 AM org.apache.catalina.startup.HostConfig checkResources
INFOS: Reloading context [/Formulaires]
févr. 04, 2019 11:00:37 AM org.apache.catalina.core.StandardContext reload
INFOS: Le rechargement du contexte [/Formulaires] a démarré
févr. 04, 2019 11:00:37 AM org.apache.catalina.core.StandardContext reload
INFOS: Le rechargement de ce contexte est terminé
févr. 04, 2019 11:00:58 AM org.apache.catalina.core.StandardContext reload
INFOS: Le rechargement du contexte [/Formulaires] a démarré
févr. 04, 2019 11:00:58 AM org.apache.catalina.core.StandardContext reload
INFOS: Le rechargement de ce contexte est terminé
févr. 04, 2019 11:01:57 AM org.apache.catalina.startup.HostConfig checkResources
INFOS: Reloading context [/Formulaires]
févr. 04, 2019 11:01:57 AM org.apache.catalina.core.StandardContext reload
INFOS: Le rechargement du contexte [/Formulaires] a démarré
févr. 04, 2019 11:01:58 AM org.apache.catalina.core.StandardContext reload
INFOS: Le rechargement de ce contexte est terminé
févr. 04, 2019 11:03:31 AM org.apache.catalina.core.StandardContext reload
INFOS: Le rechargement du contexte [/Formulaires] a démarré
févr. 04, 2019 11:03:32 AM org.apache.catalina.core.StandardContext reload
INFOS: Le rechargement de ce contexte est terminé
févr. 04, 2019 11:04:20 AM org.apache.catalina.core.StandardContext reload
INFOS: Le rechargement du contexte [/Formulaires] a démarré
févr. 04, 2019 11:04:20 AM org.apache.catalina.core.StandardContext reload
INFOS: Le rechargement de ce contexte est terminé
févr. 04, 2019 11:07:24 AM org.apache.catalina.core.StandardContext reload
INFOS: Le rechargement du contexte [/Formulaires] a démarré
févr. 04, 2019 11:07:24 AM org.apache.catalina.core.StandardContext reload
INFOS: Le rechargement de ce contexte est terminé
févr. 04, 2019 11:07:47 AM org.apache.catalina.core.StandardContext reload
INFOS: Le rechargement du contexte [/Formulaires] a démarré
févr. 04, 2019 11:07:48 AM org.apache.catalina.core.StandardContext reload
INFOS: Le rechargement de ce contexte est terminé
févr. 04, 2019 11:13:44 AM org.apache.catalina.core.StandardContext reload
INFOS: Le rechargement du contexte [/Formulaires] a démarré
févr. 04, 2019 11:13:45 AM org.apache.catalina.core.StandardContext reload
INFOS: Le rechargement de ce contexte est terminé
févr. 04, 2019 11:15:09 AM org.apache.catalina.core.StandardContext reload
INFOS: Le rechargement du contexte [/Formulaires] a démarré
févr. 04, 2019 11:15:09 AM org.apache.catalina.core.StandardContext reload
INFOS: Le rechargement de ce contexte est terminé
févr. 04, 2019 11:15:18 AM org.apache.catalina.core.StandardContext reload
INFOS: Le rechargement du contexte [/Formulaires] a démarré
févr. 04, 2019 11:15:18 AM org.apache.catalina.core.StandardContext reload
INFOS: Le rechargement de ce contexte est terminé
févr. 04, 2019 11:17:43 AM org.apache.catalina.core.StandardContext reload
INFOS: Le rechargement du contexte [/Formulaires] a démarré
févr. 04, 2019 11:17:44 AM org.apache.catalina.core.StandardContext reload
INFOS: Le rechargement de ce contexte est terminé
févr. 04, 2019 11:25:07 AM org.apache.catalina.core.StandardContext reload
INFOS: Le rechargement du contexte [/Formulaires] a démarré
févr. 04, 2019 11:25:08 AM org.apache.catalina.core.StandardContext reload
INFOS: Le rechargement de ce contexte est terminé
févr. 04, 2019 11:30:23 AM org.apache.catalina.core.StandardContext reload
INFOS: Le rechargement du contexte [/Formulaires] a démarré
févr. 04, 2019 11:30:25 AM org.apache.catalina.core.StandardContext reload
INFOS: Le rechargement de ce contexte est terminé
févr. 04, 2019 11:35:08 AM org.apache.catalina.core.StandardContext reload
INFOS: Le rechargement du contexte [/Formulaires] a démarré
févr. 04, 2019 11:35:08 AM org.apache.catalina.core.StandardContext reload
INFOS: Le rechargement de ce contexte est terminé
févr. 04, 2019 11:38:49 AM org.apache.catalina.core.StandardContext reload
INFOS: Le rechargement du contexte [/Formulaires] a démarré
févr. 04, 2019 11:38:49 AM org.apache.catalina.core.StandardContext reload
INFOS: Le rechargement de ce contexte est terminé
févr. 04, 2019 11:39:43 AM org.apache.catalina.core.StandardContext reload
INFOS: Le rechargement du contexte [/Formulaires] a démarré
févr. 04, 2019 11:39:44 AM org.apache.catalina.core.StandardContext reload
INFOS: Le rechargement de ce contexte est terminé
févr. 04, 2019 1:44:30 PM org.apache.catalina.core.StandardServer await
INFOS: A valid shutdown command was received via the shutdown port. Stopping the Server instance.
févr. 04, 2019 1:44:30 PM org.apache.coyote.AbstractProtocol pause
INFOS: Pausing ProtocolHandler ["http-bio-8200"]
févr. 04, 2019 1:44:30 PM org.apache.coyote.AbstractProtocol pause
INFOS: Pausing ProtocolHandler ["ajp-bio-8300"]
févr. 04, 2019 1:44:30 PM org.apache.catalina.core.StandardService stopInternal
INFOS: Arrêt du service Catalina
févr. 04, 2019 1:44:31 PM org.apache.coyote.AbstractProtocol stop
INFOS: Stopping ProtocolHandler ["http-bio-8200"]
févr. 04, 2019 1:44:31 PM org.apache.coyote.AbstractProtocol stop
INFOS: Stopping ProtocolHandler ["ajp-bio-8300"]
févr. 04, 2019 1:44:31 PM org.apache.coyote.AbstractProtocol destroy
INFOS: Destroying ProtocolHandler ["http-bio-8200"]
févr. 04, 2019 1:44:31 PM org.apache.coyote.AbstractProtocol destroy
INFOS: Destroying ProtocolHandler ["ajp-bio-8300"]
févr. 04, 2019 1:59:32 PM org.apache.catalina.core.AprLifecycleListener init
INFOS: The APR based Apache Tomcat Native library which allows optimal performance in production environments was not found on the java.library.path: /usr/java/packages/lib/amd64:/usr/lib/x86_64-linux-gnu/jni:/lib/x86_64-linux-gnu:/usr/lib/x86_64-linux-gnu:/usr/lib/jni:/lib:/usr/lib
févr. 04, 2019 1:59:32 PM org.apache.coyote.AbstractProtocol init
INFOS: Initializing ProtocolHandler ["http-bio-8200"]
févr. 04, 2019 1:59:32 PM org.apache.coyote.AbstractProtocol init
INFOS: Initializing ProtocolHandler ["ajp-bio-8300"]
févr. 04, 2019 1:59:32 PM org.apache.catalina.startup.Catalina load
INFOS: Initialization processed in 315 ms
févr. 04, 2019 1:59:32 PM org.apache.catalina.core.StandardService startInternal
INFOS: Démarrage du service Catalina
févr. 04, 2019 1:59:32 PM org.apache.catalina.core.StandardEngine startInternal
INFOS: Starting Servlet Engine: Apache Tomcat/7.0.47
févr. 04, 2019 1:59:32 PM org.apache.catalina.startup.HostConfig deployDirectory
INFOS: Déploiement du répertoire /home/etudiant/lh150094/tomcat/webapps/Collab de l'application web
févr. 04, 2019 1:59:32 PM org.apache.catalina.startup.HostConfig deployDirectory
INFOS: Déploiement du répertoire /home/etudiant/lh150094/tomcat/webapps/docs de l'application web
févr. 04, 2019 1:59:32 PM org.apache.catalina.startup.HostConfig deployDirectory
INFOS: Déploiement du répertoire /home/etudiant/lh150094/tomcat/webapps/host-manager de l'application web
févr. 04, 2019 1:59:32 PM org.apache.catalina.startup.HostConfig deployDirectory
INFOS: Déploiement du répertoire /home/etudiant/lh150094/tomcat/webapps/ROOT de l'application web
févr. 04, 2019 1:59:33 PM org.apache.catalina.startup.HostConfig deployDirectory
INFOS: Déploiement du répertoire /home/etudiant/lh150094/tomcat/webapps/examples de l'application web
févr. 04, 2019 1:59:33 PM org.apache.catalina.startup.HostConfig deployDirectory
INFOS: Déploiement du répertoire /home/etudiant/lh150094/tomcat/webapps/manager de l'application web
févr. 04, 2019 1:59:33 PM org.apache.catalina.startup.HostConfig deployDirectory
INFOS: Déploiement du répertoire /home/etudiant/lh150094/tomcat/webapps/Appli2 de l'application web
févr. 04, 2019 1:59:33 PM org.apache.catalina.startup.HostConfig deployDirectory
INFOS: Déploiement du répertoire /home/etudiant/lh150094/tomcat/webapps/Appli1 de l'application web
févr. 04, 2019 1:59:33 PM org.apache.catalina.startup.HostConfig deployDirectory
INFOS: Déploiement du répertoire /home/etudiant/lh150094/tomcat/webapps/Formulaires de l'application web
févr. 04, 2019 1:59:33 PM org.apache.coyote.AbstractProtocol start
INFOS: Starting ProtocolHandler ["http-bio-8200"]
févr. 04, 2019 1:59:33 PM org.apache.coyote.AbstractProtocol start
INFOS: Starting ProtocolHandler ["ajp-bio-8300"]
févr. 04, 2019 1:59:33 PM org.apache.catalina.startup.Catalina start
INFOS: Server startup in 1414 ms
févr. 04, 2019 2:13:03 PM org.apache.catalina.core.StandardContext reload
INFOS: Le rechargement du contexte [/Collab] a démarré
févr. 04, 2019 2:13:04 PM org.apache.catalina.core.StandardContext reload
INFOS: Le rechargement de ce contexte est terminé
févr. 04, 2019 2:15:49 PM org.apache.catalina.core.StandardContext reload
INFOS: Le rechargement du contexte [/Collab] a démarré
févr. 04, 2019 2:15:49 PM org.apache.catalina.core.StandardContext reload
INFOS: Le rechargement de ce contexte est terminé
févr. 04, 2019 2:18:03 PM org.apache.catalina.core.StandardContext reload
INFOS: Le rechargement du contexte [/Collab] a démarré
févr. 04, 2019 2:18:04 PM org.apache.catalina.core.StandardContext reload
INFOS: Le rechargement de ce contexte est terminé
févr. 04, 2019 2:19:23 PM org.apache.catalina.core.StandardContext reload
INFOS: Le rechargement du contexte [/Collab] a démarré
févr. 04, 2019 2:19:24 PM org.apache.catalina.core.StandardContext reload
INFOS: Le rechargement de ce contexte est terminé
févr. 04, 2019 2:25:23 PM org.apache.catalina.core.StandardContext reload
INFOS: Le rechargement du contexte [/Collab] a démarré
févr. 04, 2019 2:25:24 PM org.apache.catalina.core.StandardContext reload
INFOS: Le rechargement de ce contexte est terminé
févr. 04, 2019 2:37:07 PM org.apache.catalina.core.StandardContext reload
INFOS: Le rechargement du contexte [/Collab] a démarré
févr. 04, 2019 2:37:08 PM org.apache.catalina.core.StandardContext reload
INFOS: Le rechargement de ce contexte est terminé
févr. 04, 2019 2:39:33 PM org.apache.catalina.core.StandardContext reload
INFOS: Le rechargement du contexte [/Collab] a démarré
févr. 04, 2019 2:39:34 PM org.apache.catalina.core.StandardContext reload
INFOS: Le rechargement de ce contexte est terminé
févr. 04, 2019 2:40:01 PM org.apache.catalina.core.StandardContext reload
INFOS: Le rechargement du contexte [/Collab] a démarré
févr. 04, 2019 2:40:02 PM org.apache.catalina.core.StandardContext reload
INFOS: Le rechargement de ce contexte est terminé
févr. 04, 2019 2:40:42 PM org.apache.catalina.core.StandardContext reload
INFOS: Le rechargement du contexte [/Collab] a démarré
févr. 04, 2019 2:40:43 PM org.apache.catalina.core.StandardContext reload
INFOS: Le rechargement de ce contexte est terminé
févr. 04, 2019 2:42:51 PM org.apache.catalina.core.StandardContext reload
INFOS: Le rechargement du contexte [/Collab] a démarré
févr. 04, 2019 2:42:52 PM org.apache.catalina.core.StandardContext reload
INFOS: Le rechargement de ce contexte est terminé
févr. 04, 2019 2:43:23 PM org.apache.catalina.core.StandardContext reload
INFOS: Le rechargement du contexte [/Collab] a démarré
févr. 04, 2019 2:43:24 PM org.apache.catalina.core.StandardContext reload
INFOS: Le rechargement de ce contexte est terminé
févr. 04, 2019 2:45:48 PM org.apache.catalina.core.StandardServer await
INFOS: A valid shutdown command was received via the shutdown port. Stopping the Server instance.
févr. 04, 2019 2:45:48 PM org.apache.coyote.AbstractProtocol pause
INFOS: Pausing ProtocolHandler ["http-bio-8200"]
févr. 04, 2019 2:45:49 PM org.apache.coyote.AbstractProtocol pause
INFOS: Pausing ProtocolHandler ["ajp-bio-8300"]
févr. 04, 2019 2:45:49 PM org.apache.catalina.core.StandardService stopInternal
INFOS: Arrêt du service Catalina
févr. 04, 2019 2:45:49 PM org.apache.coyote.AbstractProtocol stop
INFOS: Stopping ProtocolHandler ["http-bio-8200"]
févr. 04, 2019 2:45:49 PM org.apache.coyote.AbstractProtocol stop
INFOS: Stopping ProtocolHandler ["ajp-bio-8300"]
févr. 04, 2019 2:45:49 PM org.apache.coyote.AbstractProtocol destroy
INFOS: Destroying ProtocolHandler ["http-bio-8200"]
févr. 04, 2019 2:45:49 PM org.apache.coyote.AbstractProtocol destroy
INFOS: Destroying ProtocolHandler ["ajp-bio-8300"]
