févr. 25, 2019 10:35:56 AM org.apache.catalina.core.ApplicationContext log
INFOS: ContextListener: contextInitialized()
févr. 25, 2019 10:35:56 AM org.apache.catalina.core.ApplicationContext log
INFOS: SessionListener: contextInitialized()
févr. 25, 2019 10:35:56 AM org.apache.catalina.core.ApplicationContext log
INFOS: ContextListener: attributeAdded('org.apache.jasper.compiler.TldLocationsCache', 'org.apache.jasper.compiler.TldLocationsCache@491681e6')
févr. 25, 2019 10:51:41 AM org.apache.catalina.core.ApplicationContext log
INFOS: La servlet valider est marqué comme indisponible
févr. 25, 2019 10:51:41 AM org.apache.catalina.core.StandardWrapperValve invoke
GRAVE: Exception lors de l'allocation pour la servlet valider
java.lang.ClassNotFoundException: Validation
	at org.apache.catalina.loader.WebappClassLoader.loadClass(WebappClassLoader.java:1702)
	at org.apache.catalina.loader.WebappClassLoader.loadClass(WebappClassLoader.java:1547)
	at org.apache.catalina.core.DefaultInstanceManager.loadClass(DefaultInstanceManager.java:532)
	at org.apache.catalina.core.DefaultInstanceManager.loadClassMaybePrivileged(DefaultInstanceManager.java:514)
	at org.apache.catalina.core.DefaultInstanceManager.newInstance(DefaultInstanceManager.java:142)
	at org.apache.catalina.core.StandardWrapper.loadServlet(StandardWrapper.java:1144)
	at org.apache.catalina.core.StandardWrapper.allocate(StandardWrapper.java:865)
	at org.apache.catalina.core.StandardWrapperValve.invoke(StandardWrapperValve.java:136)
	at org.apache.catalina.core.StandardContextValve.invoke(StandardContextValve.java:123)
	at org.apache.catalina.authenticator.AuthenticatorBase.invoke(AuthenticatorBase.java:502)
	at org.apache.catalina.core.StandardHostValve.invoke(StandardHostValve.java:171)
	at org.apache.catalina.valves.ErrorReportValve.invoke(ErrorReportValve.java:100)
	at org.apache.catalina.valves.AccessLogValve.invoke(AccessLogValve.java:953)
	at org.apache.catalina.core.StandardEngineValve.invoke(StandardEngineValve.java:118)
	at org.apache.catalina.connector.CoyoteAdapter.service(CoyoteAdapter.java:408)
	at org.apache.coyote.http11.AbstractHttp11Processor.process(AbstractHttp11Processor.java:1041)
	at org.apache.coyote.AbstractProtocol$AbstractConnectionHandler.process(AbstractProtocol.java:603)
	at org.apache.tomcat.util.net.JIoEndpoint$SocketProcessor.run(JIoEndpoint.java:312)
	at java.util.concurrent.ThreadPoolExecutor.runWorker(ThreadPoolExecutor.java:1149)
	at java.util.concurrent.ThreadPoolExecutor$Worker.run(ThreadPoolExecutor.java:624)
	at java.lang.Thread.run(Thread.java:748)

févr. 25, 2019 1:40:46 PM org.apache.catalina.core.StandardWrapperValve invoke
GRAVE: "Servlet.service()" pour la servlet valider a généré une exception
java.lang.NullPointerException
	at Validation.service(Validation.java:17)
	at javax.servlet.http.HttpServlet.service(HttpServlet.java:728)
	at org.apache.catalina.core.ApplicationFilterChain.internalDoFilter(ApplicationFilterChain.java:305)
	at org.apache.catalina.core.ApplicationFilterChain.doFilter(ApplicationFilterChain.java:210)
	at org.apache.tomcat.websocket.server.WsFilter.doFilter(WsFilter.java:51)
	at org.apache.catalina.core.ApplicationFilterChain.internalDoFilter(ApplicationFilterChain.java:243)
	at org.apache.catalina.core.ApplicationFilterChain.doFilter(ApplicationFilterChain.java:210)
	at org.apache.catalina.core.StandardWrapperValve.invoke(StandardWrapperValve.java:222)
	at org.apache.catalina.core.StandardContextValve.invoke(StandardContextValve.java:123)
	at org.apache.catalina.authenticator.AuthenticatorBase.invoke(AuthenticatorBase.java:502)
	at org.apache.catalina.core.StandardHostValve.invoke(StandardHostValve.java:171)
	at org.apache.catalina.valves.ErrorReportValve.invoke(ErrorReportValve.java:100)
	at org.apache.catalina.valves.AccessLogValve.invoke(AccessLogValve.java:953)
	at org.apache.catalina.core.StandardEngineValve.invoke(StandardEngineValve.java:118)
	at org.apache.catalina.connector.CoyoteAdapter.service(CoyoteAdapter.java:408)
	at org.apache.coyote.http11.AbstractHttp11Processor.process(AbstractHttp11Processor.java:1041)
	at org.apache.coyote.AbstractProtocol$AbstractConnectionHandler.process(AbstractProtocol.java:603)
	at org.apache.tomcat.util.net.JIoEndpoint$SocketProcessor.run(JIoEndpoint.java:312)
	at java.util.concurrent.ThreadPoolExecutor.runWorker(ThreadPoolExecutor.java:1149)
	at java.util.concurrent.ThreadPoolExecutor$Worker.run(ThreadPoolExecutor.java:624)
	at java.lang.Thread.run(Thread.java:748)

févr. 25, 2019 1:42:35 PM org.apache.catalina.core.StandardWrapperValve invoke
GRAVE: Servlet.service() for servlet [jsp] in context with path [/Appli5] threw exception [Impossible de compiler la classe pour la JSP: 

Une erreur s'est produite à la ligne: 28 dans le fichier jsp: /login.jsp
Type mismatch: cannot convert from Object to String
25: 
26: 			<p name="erreur">
27: 				<%
28: 					String msgErreur = request.getAttribute("nbInstr");
29: 
30: 					if(msgErreur != null) out.println(msgErreur);
31: 				%>


Stacktrace:] with root cause
org.apache.jasper.JasperException: Impossible de compiler la classe pour la JSP: 

Une erreur s'est produite à la ligne: 28 dans le fichier jsp: /login.jsp
Type mismatch: cannot convert from Object to String
25: 
26: 			<p name="erreur">
27: 				<%
28: 					String msgErreur = request.getAttribute("nbInstr");
29: 
30: 					if(msgErreur != null) out.println(msgErreur);
31: 				%>


Stacktrace:
	at org.apache.jasper.compiler.DefaultErrorHandler.javacError(DefaultErrorHandler.java:103)
	at org.apache.jasper.compiler.ErrorDispatcher.javacError(ErrorDispatcher.java:366)
	at org.apache.jasper.compiler.JDTCompiler.generateClass(JDTCompiler.java:468)
	at org.apache.jasper.compiler.Compiler.compile(Compiler.java:378)
	at org.apache.jasper.compiler.Compiler.compile(Compiler.java:353)
	at org.apache.jasper.compiler.Compiler.compile(Compiler.java:340)
	at org.apache.jasper.JspCompilationContext.compile(JspCompilationContext.java:646)
	at org.apache.jasper.servlet.JspServletWrapper.service(JspServletWrapper.java:357)
	at org.apache.jasper.servlet.JspServlet.serviceJspFile(JspServlet.java:390)
	at org.apache.jasper.servlet.JspServlet.service(JspServlet.java:334)
	at javax.servlet.http.HttpServlet.service(HttpServlet.java:728)
	at org.apache.catalina.core.ApplicationFilterChain.internalDoFilter(ApplicationFilterChain.java:305)
	at org.apache.catalina.core.ApplicationFilterChain.doFilter(ApplicationFilterChain.java:210)
	at org.apache.tomcat.websocket.server.WsFilter.doFilter(WsFilter.java:51)
	at org.apache.catalina.core.ApplicationFilterChain.internalDoFilter(ApplicationFilterChain.java:243)
	at org.apache.catalina.core.ApplicationFilterChain.doFilter(ApplicationFilterChain.java:210)
	at org.apache.catalina.core.StandardWrapperValve.invoke(StandardWrapperValve.java:222)
	at org.apache.catalina.core.StandardContextValve.invoke(StandardContextValve.java:123)
	at org.apache.catalina.authenticator.AuthenticatorBase.invoke(AuthenticatorBase.java:502)
	at org.apache.catalina.core.StandardHostValve.invoke(StandardHostValve.java:171)
	at org.apache.catalina.valves.ErrorReportValve.invoke(ErrorReportValve.java:100)
	at org.apache.catalina.valves.AccessLogValve.invoke(AccessLogValve.java:953)
	at org.apache.catalina.core.StandardEngineValve.invoke(StandardEngineValve.java:118)
	at org.apache.catalina.connector.CoyoteAdapter.service(CoyoteAdapter.java:408)
	at org.apache.coyote.http11.AbstractHttp11Processor.process(AbstractHttp11Processor.java:1041)
	at org.apache.coyote.AbstractProtocol$AbstractConnectionHandler.process(AbstractProtocol.java:603)
	at org.apache.tomcat.util.net.JIoEndpoint$SocketProcessor.run(JIoEndpoint.java:310)
	at java.util.concurrent.ThreadPoolExecutor.runWorker(ThreadPoolExecutor.java:1149)
	at java.util.concurrent.ThreadPoolExecutor$Worker.run(ThreadPoolExecutor.java:624)
	at java.lang.Thread.run(Thread.java:748)

févr. 25, 2019 2:26:13 PM org.apache.catalina.core.ApplicationDispatcher invoke
GRAVE: "Servlet.service()" pour la servlet default a lancé une exception
java.io.FileNotFoundException: The requested resource (/Appli5/controleSession) is not available
	at org.apache.catalina.servlets.DefaultServlet.serveResource(DefaultServlet.java:776)
	at org.apache.catalina.servlets.DefaultServlet.doGet(DefaultServlet.java:411)
	at javax.servlet.http.HttpServlet.service(HttpServlet.java:621)
	at javax.servlet.http.HttpServlet.service(HttpServlet.java:728)
	at org.apache.catalina.core.ApplicationFilterChain.internalDoFilter(ApplicationFilterChain.java:305)
	at org.apache.catalina.core.ApplicationFilterChain.doFilter(ApplicationFilterChain.java:210)
	at org.apache.catalina.core.ApplicationDispatcher.invoke(ApplicationDispatcher.java:749)
	at org.apache.catalina.core.ApplicationDispatcher.doInclude(ApplicationDispatcher.java:605)
	at org.apache.catalina.core.ApplicationDispatcher.include(ApplicationDispatcher.java:544)
	at org.apache.jasper.runtime.JspRuntimeLibrary.include(JspRuntimeLibrary.java:954)
	at org.apache.jsp.suite_jsp._jspService(suite_jsp.java:67)
	at org.apache.jasper.runtime.HttpJspBase.service(HttpJspBase.java:70)
	at javax.servlet.http.HttpServlet.service(HttpServlet.java:728)
	at org.apache.jasper.servlet.JspServletWrapper.service(JspServletWrapper.java:432)
	at org.apache.jasper.servlet.JspServlet.serviceJspFile(JspServlet.java:390)
	at org.apache.jasper.servlet.JspServlet.service(JspServlet.java:334)
	at javax.servlet.http.HttpServlet.service(HttpServlet.java:728)
	at org.apache.catalina.core.ApplicationFilterChain.internalDoFilter(ApplicationFilterChain.java:305)
	at org.apache.catalina.core.ApplicationFilterChain.doFilter(ApplicationFilterChain.java:210)
	at org.apache.tomcat.websocket.server.WsFilter.doFilter(WsFilter.java:51)
	at org.apache.catalina.core.ApplicationFilterChain.internalDoFilter(ApplicationFilterChain.java:243)
	at org.apache.catalina.core.ApplicationFilterChain.doFilter(ApplicationFilterChain.java:210)
	at org.apache.catalina.core.StandardWrapperValve.invoke(StandardWrapperValve.java:222)
	at org.apache.catalina.core.StandardContextValve.invoke(StandardContextValve.java:123)
	at org.apache.catalina.authenticator.AuthenticatorBase.invoke(AuthenticatorBase.java:502)
	at org.apache.catalina.core.StandardHostValve.invoke(StandardHostValve.java:171)
	at org.apache.catalina.valves.ErrorReportValve.invoke(ErrorReportValve.java:100)
	at org.apache.catalina.valves.AccessLogValve.invoke(AccessLogValve.java:953)
	at org.apache.catalina.core.StandardEngineValve.invoke(StandardEngineValve.java:118)
	at org.apache.catalina.connector.CoyoteAdapter.service(CoyoteAdapter.java:408)
	at org.apache.coyote.http11.AbstractHttp11Processor.process(AbstractHttp11Processor.java:1041)
	at org.apache.coyote.AbstractProtocol$AbstractConnectionHandler.process(AbstractProtocol.java:603)
	at org.apache.tomcat.util.net.JIoEndpoint$SocketProcessor.run(JIoEndpoint.java:310)
	at java.util.concurrent.ThreadPoolExecutor.runWorker(ThreadPoolExecutor.java:1149)
	at java.util.concurrent.ThreadPoolExecutor$Worker.run(ThreadPoolExecutor.java:624)
	at java.lang.Thread.run(Thread.java:748)

févr. 25, 2019 2:26:13 PM org.apache.catalina.core.StandardWrapperValve invoke
GRAVE: Servlet.service() for servlet [jsp] in context with path [/Appli5] threw exception [An exception occurred processing JSP page /suite.jsp at line 5

2: <%
3: //on fait appel a la servlet qui va controler la session
4: %>
5: <jsp:include page="/controleSession" />
6: 
7: <%
8: 	//on recupere dans la requete l'attribut "erreur" stocke par la


Stacktrace:] with root cause
java.io.FileNotFoundException: The requested resource (/Appli5/controleSession) is not available
	at org.apache.catalina.servlets.DefaultServlet.serveResource(DefaultServlet.java:776)
	at org.apache.catalina.servlets.DefaultServlet.doGet(DefaultServlet.java:411)
	at javax.servlet.http.HttpServlet.service(HttpServlet.java:621)
	at javax.servlet.http.HttpServlet.service(HttpServlet.java:728)
	at org.apache.catalina.core.ApplicationFilterChain.internalDoFilter(ApplicationFilterChain.java:305)
	at org.apache.catalina.core.ApplicationFilterChain.doFilter(ApplicationFilterChain.java:210)
	at org.apache.catalina.core.ApplicationDispatcher.invoke(ApplicationDispatcher.java:749)
	at org.apache.catalina.core.ApplicationDispatcher.doInclude(ApplicationDispatcher.java:605)
	at org.apache.catalina.core.ApplicationDispatcher.include(ApplicationDispatcher.java:544)
	at org.apache.jasper.runtime.JspRuntimeLibrary.include(JspRuntimeLibrary.java:954)
	at org.apache.jsp.suite_jsp._jspService(suite_jsp.java:67)
	at org.apache.jasper.runtime.HttpJspBase.service(HttpJspBase.java:70)
	at javax.servlet.http.HttpServlet.service(HttpServlet.java:728)
	at org.apache.jasper.servlet.JspServletWrapper.service(JspServletWrapper.java:432)
	at org.apache.jasper.servlet.JspServlet.serviceJspFile(JspServlet.java:390)
	at org.apache.jasper.servlet.JspServlet.service(JspServlet.java:334)
	at javax.servlet.http.HttpServlet.service(HttpServlet.java:728)
	at org.apache.catalina.core.ApplicationFilterChain.internalDoFilter(ApplicationFilterChain.java:305)
	at org.apache.catalina.core.ApplicationFilterChain.doFilter(ApplicationFilterChain.java:210)
	at org.apache.tomcat.websocket.server.WsFilter.doFilter(WsFilter.java:51)
	at org.apache.catalina.core.ApplicationFilterChain.internalDoFilter(ApplicationFilterChain.java:243)
	at org.apache.catalina.core.ApplicationFilterChain.doFilter(ApplicationFilterChain.java:210)
	at org.apache.catalina.core.StandardWrapperValve.invoke(StandardWrapperValve.java:222)
	at org.apache.catalina.core.StandardContextValve.invoke(StandardContextValve.java:123)
	at org.apache.catalina.authenticator.AuthenticatorBase.invoke(AuthenticatorBase.java:502)
	at org.apache.catalina.core.StandardHostValve.invoke(StandardHostValve.java:171)
	at org.apache.catalina.valves.ErrorReportValve.invoke(ErrorReportValve.java:100)
	at org.apache.catalina.valves.AccessLogValve.invoke(AccessLogValve.java:953)
	at org.apache.catalina.core.StandardEngineValve.invoke(StandardEngineValve.java:118)
	at org.apache.catalina.connector.CoyoteAdapter.service(CoyoteAdapter.java:408)
	at org.apache.coyote.http11.AbstractHttp11Processor.process(AbstractHttp11Processor.java:1041)
	at org.apache.coyote.AbstractProtocol$AbstractConnectionHandler.process(AbstractProtocol.java:603)
	at org.apache.tomcat.util.net.JIoEndpoint$SocketProcessor.run(JIoEndpoint.java:310)
	at java.util.concurrent.ThreadPoolExecutor.runWorker(ThreadPoolExecutor.java:1149)
	at java.util.concurrent.ThreadPoolExecutor$Worker.run(ThreadPoolExecutor.java:624)
	at java.lang.Thread.run(Thread.java:748)

févr. 25, 2019 2:27:05 PM org.apache.catalina.core.ApplicationContext log
INFOS: La servlet controle est marqué comme indisponible
févr. 25, 2019 2:27:05 PM org.apache.catalina.core.ApplicationDispatcher invoke
GRAVE: Exception d'allocation pour la servlet controle
java.lang.ClassNotFoundException: ControleSession
	at org.apache.catalina.loader.WebappClassLoader.loadClass(WebappClassLoader.java:1702)
	at org.apache.catalina.loader.WebappClassLoader.loadClass(WebappClassLoader.java:1547)
	at org.apache.catalina.core.DefaultInstanceManager.loadClass(DefaultInstanceManager.java:532)
	at org.apache.catalina.core.DefaultInstanceManager.loadClassMaybePrivileged(DefaultInstanceManager.java:514)
	at org.apache.catalina.core.DefaultInstanceManager.newInstance(DefaultInstanceManager.java:142)
	at org.apache.catalina.core.StandardWrapper.loadServlet(StandardWrapper.java:1144)
	at org.apache.catalina.core.StandardWrapper.allocate(StandardWrapper.java:865)
	at org.apache.catalina.core.ApplicationDispatcher.invoke(ApplicationDispatcher.java:722)
	at org.apache.catalina.core.ApplicationDispatcher.doInclude(ApplicationDispatcher.java:605)
	at org.apache.catalina.core.ApplicationDispatcher.include(ApplicationDispatcher.java:544)
	at org.apache.jasper.runtime.JspRuntimeLibrary.include(JspRuntimeLibrary.java:954)
	at org.apache.jsp.suite_jsp._jspService(suite_jsp.java:67)
	at org.apache.jasper.runtime.HttpJspBase.service(HttpJspBase.java:70)
	at javax.servlet.http.HttpServlet.service(HttpServlet.java:728)
	at org.apache.jasper.servlet.JspServletWrapper.service(JspServletWrapper.java:432)
	at org.apache.jasper.servlet.JspServlet.serviceJspFile(JspServlet.java:390)
	at org.apache.jasper.servlet.JspServlet.service(JspServlet.java:334)
	at javax.servlet.http.HttpServlet.service(HttpServlet.java:728)
	at org.apache.catalina.core.ApplicationFilterChain.internalDoFilter(ApplicationFilterChain.java:305)
	at org.apache.catalina.core.ApplicationFilterChain.doFilter(ApplicationFilterChain.java:210)
	at org.apache.tomcat.websocket.server.WsFilter.doFilter(WsFilter.java:51)
	at org.apache.catalina.core.ApplicationFilterChain.internalDoFilter(ApplicationFilterChain.java:243)
	at org.apache.catalina.core.ApplicationFilterChain.doFilter(ApplicationFilterChain.java:210)
	at org.apache.catalina.core.StandardWrapperValve.invoke(StandardWrapperValve.java:222)
	at org.apache.catalina.core.StandardContextValve.invoke(StandardContextValve.java:123)
	at org.apache.catalina.authenticator.AuthenticatorBase.invoke(AuthenticatorBase.java:502)
	at org.apache.catalina.core.StandardHostValve.invoke(StandardHostValve.java:171)
	at org.apache.catalina.valves.ErrorReportValve.invoke(ErrorReportValve.java:100)
	at org.apache.catalina.valves.AccessLogValve.invoke(AccessLogValve.java:953)
	at org.apache.catalina.core.StandardEngineValve.invoke(StandardEngineValve.java:118)
	at org.apache.catalina.connector.CoyoteAdapter.service(CoyoteAdapter.java:408)
	at org.apache.coyote.http11.AbstractHttp11Processor.process(AbstractHttp11Processor.java:1041)
	at org.apache.coyote.AbstractProtocol$AbstractConnectionHandler.process(AbstractProtocol.java:603)
	at org.apache.tomcat.util.net.JIoEndpoint$SocketProcessor.run(JIoEndpoint.java:310)
	at java.util.concurrent.ThreadPoolExecutor.runWorker(ThreadPoolExecutor.java:1149)
	at java.util.concurrent.ThreadPoolExecutor$Worker.run(ThreadPoolExecutor.java:624)
	at java.lang.Thread.run(Thread.java:748)

févr. 25, 2019 2:27:05 PM org.apache.catalina.core.StandardWrapperValve invoke
GRAVE: Servlet.service() for servlet [jsp] in context with path [/Appli5] threw exception [An exception occurred processing JSP page /suite.jsp at line 5

2: <%
3: //on fait appel a la servlet qui va controler la session
4: %>
5: <jsp:include page="/controle" />
6: 
7: <%
8: 	//on recupere dans la requete l'attribut "erreur" stocke par la


Stacktrace:] with root cause
java.lang.ClassNotFoundException: ControleSession
	at org.apache.catalina.loader.WebappClassLoader.loadClass(WebappClassLoader.java:1702)
	at org.apache.catalina.loader.WebappClassLoader.loadClass(WebappClassLoader.java:1547)
	at org.apache.catalina.core.DefaultInstanceManager.loadClass(DefaultInstanceManager.java:532)
	at org.apache.catalina.core.DefaultInstanceManager.loadClassMaybePrivileged(DefaultInstanceManager.java:514)
	at org.apache.catalina.core.DefaultInstanceManager.newInstance(DefaultInstanceManager.java:142)
	at org.apache.catalina.core.StandardWrapper.loadServlet(StandardWrapper.java:1144)
	at org.apache.catalina.core.StandardWrapper.allocate(StandardWrapper.java:865)
	at org.apache.catalina.core.ApplicationDispatcher.invoke(ApplicationDispatcher.java:722)
	at org.apache.catalina.core.ApplicationDispatcher.doInclude(ApplicationDispatcher.java:605)
	at org.apache.catalina.core.ApplicationDispatcher.include(ApplicationDispatcher.java:544)
	at org.apache.jasper.runtime.JspRuntimeLibrary.include(JspRuntimeLibrary.java:954)
	at org.apache.jsp.suite_jsp._jspService(suite_jsp.java:67)
	at org.apache.jasper.runtime.HttpJspBase.service(HttpJspBase.java:70)
	at javax.servlet.http.HttpServlet.service(HttpServlet.java:728)
	at org.apache.jasper.servlet.JspServletWrapper.service(JspServletWrapper.java:432)
	at org.apache.jasper.servlet.JspServlet.serviceJspFile(JspServlet.java:390)
	at org.apache.jasper.servlet.JspServlet.service(JspServlet.java:334)
	at javax.servlet.http.HttpServlet.service(HttpServlet.java:728)
	at org.apache.catalina.core.ApplicationFilterChain.internalDoFilter(ApplicationFilterChain.java:305)
	at org.apache.catalina.core.ApplicationFilterChain.doFilter(ApplicationFilterChain.java:210)
	at org.apache.tomcat.websocket.server.WsFilter.doFilter(WsFilter.java:51)
	at org.apache.catalina.core.ApplicationFilterChain.internalDoFilter(ApplicationFilterChain.java:243)
	at org.apache.catalina.core.ApplicationFilterChain.doFilter(ApplicationFilterChain.java:210)
	at org.apache.catalina.core.StandardWrapperValve.invoke(StandardWrapperValve.java:222)
	at org.apache.catalina.core.StandardContextValve.invoke(StandardContextValve.java:123)
	at org.apache.catalina.authenticator.AuthenticatorBase.invoke(AuthenticatorBase.java:502)
	at org.apache.catalina.core.StandardHostValve.invoke(StandardHostValve.java:171)
	at org.apache.catalina.valves.ErrorReportValve.invoke(ErrorReportValve.java:100)
	at org.apache.catalina.valves.AccessLogValve.invoke(AccessLogValve.java:953)
	at org.apache.catalina.core.StandardEngineValve.invoke(StandardEngineValve.java:118)
	at org.apache.catalina.connector.CoyoteAdapter.service(CoyoteAdapter.java:408)
	at org.apache.coyote.http11.AbstractHttp11Processor.process(AbstractHttp11Processor.java:1041)
	at org.apache.coyote.AbstractProtocol$AbstractConnectionHandler.process(AbstractProtocol.java:603)
	at org.apache.tomcat.util.net.JIoEndpoint$SocketProcessor.run(JIoEndpoint.java:310)
	at java.util.concurrent.ThreadPoolExecutor.runWorker(ThreadPoolExecutor.java:1149)
	at java.util.concurrent.ThreadPoolExecutor$Worker.run(ThreadPoolExecutor.java:624)
	at java.lang.Thread.run(Thread.java:748)

févr. 25, 2019 2:27:06 PM org.apache.catalina.core.ApplicationDispatcher invoke
AVERTISSEMENT: La servlet controle est actuellement indisponible
févr. 25, 2019 2:27:07 PM org.apache.catalina.core.ApplicationDispatcher invoke
AVERTISSEMENT: La servlet controle est actuellement indisponible
févr. 25, 2019 2:27:07 PM org.apache.catalina.core.ApplicationDispatcher invoke
AVERTISSEMENT: La servlet controle est actuellement indisponible
févr. 25, 2019 2:27:08 PM org.apache.catalina.core.ApplicationDispatcher invoke
AVERTISSEMENT: La servlet controle est actuellement indisponible
févr. 25, 2019 2:27:09 PM org.apache.catalina.core.ApplicationDispatcher invoke
AVERTISSEMENT: La servlet controle est actuellement indisponible
févr. 25, 2019 2:27:10 PM org.apache.catalina.core.ApplicationDispatcher invoke
AVERTISSEMENT: La servlet controle est actuellement indisponible
févr. 25, 2019 2:27:11 PM org.apache.catalina.core.ApplicationDispatcher invoke
AVERTISSEMENT: La servlet controle est actuellement indisponible
févr. 25, 2019 2:30:01 PM org.apache.catalina.core.ApplicationDispatcher invoke
GRAVE: "Servlet.service()" pour la servlet jsp a lancé une exception
java.lang.ClassCastException: java.lang.Boolean cannot be cast to java.lang.String
	at org.apache.jsp.login_jsp._jspService(login_jsp.java:90)
	at org.apache.jasper.runtime.HttpJspBase.service(HttpJspBase.java:70)
	at javax.servlet.http.HttpServlet.service(HttpServlet.java:728)
	at org.apache.jasper.servlet.JspServletWrapper.service(JspServletWrapper.java:432)
	at org.apache.jasper.servlet.JspServlet.serviceJspFile(JspServlet.java:390)
	at org.apache.jasper.servlet.JspServlet.service(JspServlet.java:334)
	at javax.servlet.http.HttpServlet.service(HttpServlet.java:728)
	at org.apache.catalina.core.ApplicationFilterChain.internalDoFilter(ApplicationFilterChain.java:305)
	at org.apache.catalina.core.ApplicationFilterChain.doFilter(ApplicationFilterChain.java:210)
	at org.apache.catalina.core.ApplicationDispatcher.invoke(ApplicationDispatcher.java:749)
	at org.apache.catalina.core.ApplicationDispatcher.doInclude(ApplicationDispatcher.java:605)
	at org.apache.catalina.core.ApplicationDispatcher.include(ApplicationDispatcher.java:544)
	at ControleSession.service(ControleSession.java:30)
	at javax.servlet.http.HttpServlet.service(HttpServlet.java:728)
	at org.apache.catalina.core.ApplicationFilterChain.internalDoFilter(ApplicationFilterChain.java:305)
	at org.apache.catalina.core.ApplicationFilterChain.doFilter(ApplicationFilterChain.java:210)
	at org.apache.catalina.core.ApplicationDispatcher.invoke(ApplicationDispatcher.java:749)
	at org.apache.catalina.core.ApplicationDispatcher.doInclude(ApplicationDispatcher.java:605)
	at org.apache.catalina.core.ApplicationDispatcher.include(ApplicationDispatcher.java:544)
	at org.apache.jasper.runtime.JspRuntimeLibrary.include(JspRuntimeLibrary.java:954)
	at org.apache.jsp.suite_jsp._jspService(suite_jsp.java:67)
	at org.apache.jasper.runtime.HttpJspBase.service(HttpJspBase.java:70)
	at javax.servlet.http.HttpServlet.service(HttpServlet.java:728)
	at org.apache.jasper.servlet.JspServletWrapper.service(JspServletWrapper.java:432)
	at org.apache.jasper.servlet.JspServlet.serviceJspFile(JspServlet.java:390)
	at org.apache.jasper.servlet.JspServlet.service(JspServlet.java:334)
	at javax.servlet.http.HttpServlet.service(HttpServlet.java:728)
	at org.apache.catalina.core.ApplicationFilterChain.internalDoFilter(ApplicationFilterChain.java:305)
	at org.apache.catalina.core.ApplicationFilterChain.doFilter(ApplicationFilterChain.java:210)
	at org.apache.tomcat.websocket.server.WsFilter.doFilter(WsFilter.java:51)
	at org.apache.catalina.core.ApplicationFilterChain.internalDoFilter(ApplicationFilterChain.java:243)
	at org.apache.catalina.core.ApplicationFilterChain.doFilter(ApplicationFilterChain.java:210)
	at org.apache.catalina.core.ApplicationDispatcher.invoke(ApplicationDispatcher.java:749)
	at org.apache.catalina.core.ApplicationDispatcher.processRequest(ApplicationDispatcher.java:487)
	at org.apache.catalina.core.ApplicationDispatcher.doForward(ApplicationDispatcher.java:412)
	at org.apache.catalina.core.ApplicationDispatcher.forward(ApplicationDispatcher.java:339)
	at Validation.service(Validation.java:61)
	at javax.servlet.http.HttpServlet.service(HttpServlet.java:728)
	at org.apache.catalina.core.ApplicationFilterChain.internalDoFilter(ApplicationFilterChain.java:305)
	at org.apache.catalina.core.ApplicationFilterChain.doFilter(ApplicationFilterChain.java:210)
	at org.apache.tomcat.websocket.server.WsFilter.doFilter(WsFilter.java:51)
	at org.apache.catalina.core.ApplicationFilterChain.internalDoFilter(ApplicationFilterChain.java:243)
	at org.apache.catalina.core.ApplicationFilterChain.doFilter(ApplicationFilterChain.java:210)
	at org.apache.catalina.core.StandardWrapperValve.invoke(StandardWrapperValve.java:222)
	at org.apache.catalina.core.StandardContextValve.invoke(StandardContextValve.java:123)
	at org.apache.catalina.authenticator.AuthenticatorBase.invoke(AuthenticatorBase.java:502)
	at org.apache.catalina.core.StandardHostValve.invoke(StandardHostValve.java:171)
	at org.apache.catalina.valves.ErrorReportValve.invoke(ErrorReportValve.java:100)
	at org.apache.catalina.valves.AccessLogValve.invoke(AccessLogValve.java:953)
	at org.apache.catalina.core.StandardEngineValve.invoke(StandardEngineValve.java:118)
	at org.apache.catalina.connector.CoyoteAdapter.service(CoyoteAdapter.java:408)
	at org.apache.coyote.http11.AbstractHttp11Processor.process(AbstractHttp11Processor.java:1041)
	at org.apache.coyote.AbstractProtocol$AbstractConnectionHandler.process(AbstractProtocol.java:603)
	at org.apache.tomcat.util.net.JIoEndpoint$SocketProcessor.run(JIoEndpoint.java:312)
	at java.util.concurrent.ThreadPoolExecutor.runWorker(ThreadPoolExecutor.java:1149)
	at java.util.concurrent.ThreadPoolExecutor$Worker.run(ThreadPoolExecutor.java:624)
	at java.lang.Thread.run(Thread.java:748)

févr. 25, 2019 2:30:01 PM org.apache.catalina.core.ApplicationDispatcher invoke
GRAVE: "Servlet.service()" pour la servlet controle a lancé une exception
java.lang.ClassCastException: java.lang.Boolean cannot be cast to java.lang.String
	at org.apache.jsp.login_jsp._jspService(login_jsp.java:90)
	at org.apache.jasper.runtime.HttpJspBase.service(HttpJspBase.java:70)
	at javax.servlet.http.HttpServlet.service(HttpServlet.java:728)
	at org.apache.jasper.servlet.JspServletWrapper.service(JspServletWrapper.java:432)
	at org.apache.jasper.servlet.JspServlet.serviceJspFile(JspServlet.java:390)
	at org.apache.jasper.servlet.JspServlet.service(JspServlet.java:334)
	at javax.servlet.http.HttpServlet.service(HttpServlet.java:728)
	at org.apache.catalina.core.ApplicationFilterChain.internalDoFilter(ApplicationFilterChain.java:305)
	at org.apache.catalina.core.ApplicationFilterChain.doFilter(ApplicationFilterChain.java:210)
	at org.apache.catalina.core.ApplicationDispatcher.invoke(ApplicationDispatcher.java:749)
	at org.apache.catalina.core.ApplicationDispatcher.doInclude(ApplicationDispatcher.java:605)
	at org.apache.catalina.core.ApplicationDispatcher.include(ApplicationDispatcher.java:544)
	at ControleSession.service(ControleSession.java:30)
	at javax.servlet.http.HttpServlet.service(HttpServlet.java:728)
	at org.apache.catalina.core.ApplicationFilterChain.internalDoFilter(ApplicationFilterChain.java:305)
	at org.apache.catalina.core.ApplicationFilterChain.doFilter(ApplicationFilterChain.java:210)
	at org.apache.catalina.core.ApplicationDispatcher.invoke(ApplicationDispatcher.java:749)
	at org.apache.catalina.core.ApplicationDispatcher.doInclude(ApplicationDispatcher.java:605)
	at org.apache.catalina.core.ApplicationDispatcher.include(ApplicationDispatcher.java:544)
	at org.apache.jasper.runtime.JspRuntimeLibrary.include(JspRuntimeLibrary.java:954)
	at org.apache.jsp.suite_jsp._jspService(suite_jsp.java:67)
	at org.apache.jasper.runtime.HttpJspBase.service(HttpJspBase.java:70)
	at javax.servlet.http.HttpServlet.service(HttpServlet.java:728)
	at org.apache.jasper.servlet.JspServletWrapper.service(JspServletWrapper.java:432)
	at org.apache.jasper.servlet.JspServlet.serviceJspFile(JspServlet.java:390)
	at org.apache.jasper.servlet.JspServlet.service(JspServlet.java:334)
	at javax.servlet.http.HttpServlet.service(HttpServlet.java:728)
	at org.apache.catalina.core.ApplicationFilterChain.internalDoFilter(ApplicationFilterChain.java:305)
	at org.apache.catalina.core.ApplicationFilterChain.doFilter(ApplicationFilterChain.java:210)
	at org.apache.tomcat.websocket.server.WsFilter.doFilter(WsFilter.java:51)
	at org.apache.catalina.core.ApplicationFilterChain.internalDoFilter(ApplicationFilterChain.java:243)
	at org.apache.catalina.core.ApplicationFilterChain.doFilter(ApplicationFilterChain.java:210)
	at org.apache.catalina.core.ApplicationDispatcher.invoke(ApplicationDispatcher.java:749)
	at org.apache.catalina.core.ApplicationDispatcher.processRequest(ApplicationDispatcher.java:487)
	at org.apache.catalina.core.ApplicationDispatcher.doForward(ApplicationDispatcher.java:412)
	at org.apache.catalina.core.ApplicationDispatcher.forward(ApplicationDispatcher.java:339)
	at Validation.service(Validation.java:61)
	at javax.servlet.http.HttpServlet.service(HttpServlet.java:728)
	at org.apache.catalina.core.ApplicationFilterChain.internalDoFilter(ApplicationFilterChain.java:305)
	at org.apache.catalina.core.ApplicationFilterChain.doFilter(ApplicationFilterChain.java:210)
	at org.apache.tomcat.websocket.server.WsFilter.doFilter(WsFilter.java:51)
	at org.apache.catalina.core.ApplicationFilterChain.internalDoFilter(ApplicationFilterChain.java:243)
	at org.apache.catalina.core.ApplicationFilterChain.doFilter(ApplicationFilterChain.java:210)
	at org.apache.catalina.core.StandardWrapperValve.invoke(StandardWrapperValve.java:222)
	at org.apache.catalina.core.StandardContextValve.invoke(StandardContextValve.java:123)
	at org.apache.catalina.authenticator.AuthenticatorBase.invoke(AuthenticatorBase.java:502)
	at org.apache.catalina.core.StandardHostValve.invoke(StandardHostValve.java:171)
	at org.apache.catalina.valves.ErrorReportValve.invoke(ErrorReportValve.java:100)
	at org.apache.catalina.valves.AccessLogValve.invoke(AccessLogValve.java:953)
	at org.apache.catalina.core.StandardEngineValve.invoke(StandardEngineValve.java:118)
	at org.apache.catalina.connector.CoyoteAdapter.service(CoyoteAdapter.java:408)
	at org.apache.coyote.http11.AbstractHttp11Processor.process(AbstractHttp11Processor.java:1041)
	at org.apache.coyote.AbstractProtocol$AbstractConnectionHandler.process(AbstractProtocol.java:603)
	at org.apache.tomcat.util.net.JIoEndpoint$SocketProcessor.run(JIoEndpoint.java:312)
	at java.util.concurrent.ThreadPoolExecutor.runWorker(ThreadPoolExecutor.java:1149)
	at java.util.concurrent.ThreadPoolExecutor$Worker.run(ThreadPoolExecutor.java:624)
	at java.lang.Thread.run(Thread.java:748)

févr. 25, 2019 2:30:01 PM org.apache.catalina.core.ApplicationDispatcher invoke
GRAVE: "Servlet.service()" pour la servlet jsp a lancé une exception
java.lang.ClassCastException: java.lang.Boolean cannot be cast to java.lang.String
	at org.apache.jsp.login_jsp._jspService(login_jsp.java:90)
	at org.apache.jasper.runtime.HttpJspBase.service(HttpJspBase.java:70)
	at javax.servlet.http.HttpServlet.service(HttpServlet.java:728)
	at org.apache.jasper.servlet.JspServletWrapper.service(JspServletWrapper.java:432)
	at org.apache.jasper.servlet.JspServlet.serviceJspFile(JspServlet.java:390)
	at org.apache.jasper.servlet.JspServlet.service(JspServlet.java:334)
	at javax.servlet.http.HttpServlet.service(HttpServlet.java:728)
	at org.apache.catalina.core.ApplicationFilterChain.internalDoFilter(ApplicationFilterChain.java:305)
	at org.apache.catalina.core.ApplicationFilterChain.doFilter(ApplicationFilterChain.java:210)
	at org.apache.catalina.core.ApplicationDispatcher.invoke(ApplicationDispatcher.java:749)
	at org.apache.catalina.core.ApplicationDispatcher.doInclude(ApplicationDispatcher.java:605)
	at org.apache.catalina.core.ApplicationDispatcher.include(ApplicationDispatcher.java:544)
	at ControleSession.service(ControleSession.java:30)
	at javax.servlet.http.HttpServlet.service(HttpServlet.java:728)
	at org.apache.catalina.core.ApplicationFilterChain.internalDoFilter(ApplicationFilterChain.java:305)
	at org.apache.catalina.core.ApplicationFilterChain.doFilter(ApplicationFilterChain.java:210)
	at org.apache.catalina.core.ApplicationDispatcher.invoke(ApplicationDispatcher.java:749)
	at org.apache.catalina.core.ApplicationDispatcher.doInclude(ApplicationDispatcher.java:605)
	at org.apache.catalina.core.ApplicationDispatcher.include(ApplicationDispatcher.java:544)
	at org.apache.jasper.runtime.JspRuntimeLibrary.include(JspRuntimeLibrary.java:954)
	at org.apache.jsp.suite_jsp._jspService(suite_jsp.java:67)
	at org.apache.jasper.runtime.HttpJspBase.service(HttpJspBase.java:70)
	at javax.servlet.http.HttpServlet.service(HttpServlet.java:728)
	at org.apache.jasper.servlet.JspServletWrapper.service(JspServletWrapper.java:432)
	at org.apache.jasper.servlet.JspServlet.serviceJspFile(JspServlet.java:390)
	at org.apache.jasper.servlet.JspServlet.service(JspServlet.java:334)
	at javax.servlet.http.HttpServlet.service(HttpServlet.java:728)
	at org.apache.catalina.core.ApplicationFilterChain.internalDoFilter(ApplicationFilterChain.java:305)
	at org.apache.catalina.core.ApplicationFilterChain.doFilter(ApplicationFilterChain.java:210)
	at org.apache.tomcat.websocket.server.WsFilter.doFilter(WsFilter.java:51)
	at org.apache.catalina.core.ApplicationFilterChain.internalDoFilter(ApplicationFilterChain.java:243)
	at org.apache.catalina.core.ApplicationFilterChain.doFilter(ApplicationFilterChain.java:210)
	at org.apache.catalina.core.ApplicationDispatcher.invoke(ApplicationDispatcher.java:749)
	at org.apache.catalina.core.ApplicationDispatcher.processRequest(ApplicationDispatcher.java:487)
	at org.apache.catalina.core.ApplicationDispatcher.doForward(ApplicationDispatcher.java:412)
	at org.apache.catalina.core.ApplicationDispatcher.forward(ApplicationDispatcher.java:339)
	at Validation.service(Validation.java:61)
	at javax.servlet.http.HttpServlet.service(HttpServlet.java:728)
	at org.apache.catalina.core.ApplicationFilterChain.internalDoFilter(ApplicationFilterChain.java:305)
	at org.apache.catalina.core.ApplicationFilterChain.doFilter(ApplicationFilterChain.java:210)
	at org.apache.tomcat.websocket.server.WsFilter.doFilter(WsFilter.java:51)
	at org.apache.catalina.core.ApplicationFilterChain.internalDoFilter(ApplicationFilterChain.java:243)
	at org.apache.catalina.core.ApplicationFilterChain.doFilter(ApplicationFilterChain.java:210)
	at org.apache.catalina.core.StandardWrapperValve.invoke(StandardWrapperValve.java:222)
	at org.apache.catalina.core.StandardContextValve.invoke(StandardContextValve.java:123)
	at org.apache.catalina.authenticator.AuthenticatorBase.invoke(AuthenticatorBase.java:502)
	at org.apache.catalina.core.StandardHostValve.invoke(StandardHostValve.java:171)
	at org.apache.catalina.valves.ErrorReportValve.invoke(ErrorReportValve.java:100)
	at org.apache.catalina.valves.AccessLogValve.invoke(AccessLogValve.java:953)
	at org.apache.catalina.core.StandardEngineValve.invoke(StandardEngineValve.java:118)
	at org.apache.catalina.connector.CoyoteAdapter.service(CoyoteAdapter.java:408)
	at org.apache.coyote.http11.AbstractHttp11Processor.process(AbstractHttp11Processor.java:1041)
	at org.apache.coyote.AbstractProtocol$AbstractConnectionHandler.process(AbstractProtocol.java:603)
	at org.apache.tomcat.util.net.JIoEndpoint$SocketProcessor.run(JIoEndpoint.java:312)
	at java.util.concurrent.ThreadPoolExecutor.runWorker(ThreadPoolExecutor.java:1149)
	at java.util.concurrent.ThreadPoolExecutor$Worker.run(ThreadPoolExecutor.java:624)
	at java.lang.Thread.run(Thread.java:748)

févr. 25, 2019 2:30:01 PM org.apache.catalina.core.StandardWrapperValve invoke
GRAVE: Servlet.service() for servlet [valider] in context with path [/Appli5] threw exception [org.apache.jasper.JasperException: java.lang.ClassCastException: java.lang.Boolean cannot be cast to java.lang.String] with root cause
java.lang.ClassCastException: java.lang.Boolean cannot be cast to java.lang.String
	at org.apache.jsp.login_jsp._jspService(login_jsp.java:90)
	at org.apache.jasper.runtime.HttpJspBase.service(HttpJspBase.java:70)
	at javax.servlet.http.HttpServlet.service(HttpServlet.java:728)
	at org.apache.jasper.servlet.JspServletWrapper.service(JspServletWrapper.java:432)
	at org.apache.jasper.servlet.JspServlet.serviceJspFile(JspServlet.java:390)
	at org.apache.jasper.servlet.JspServlet.service(JspServlet.java:334)
	at javax.servlet.http.HttpServlet.service(HttpServlet.java:728)
	at org.apache.catalina.core.ApplicationFilterChain.internalDoFilter(ApplicationFilterChain.java:305)
	at org.apache.catalina.core.ApplicationFilterChain.doFilter(ApplicationFilterChain.java:210)
	at org.apache.catalina.core.ApplicationDispatcher.invoke(ApplicationDispatcher.java:749)
	at org.apache.catalina.core.ApplicationDispatcher.doInclude(ApplicationDispatcher.java:605)
	at org.apache.catalina.core.ApplicationDispatcher.include(ApplicationDispatcher.java:544)
	at ControleSession.service(ControleSession.java:30)
	at javax.servlet.http.HttpServlet.service(HttpServlet.java:728)
	at org.apache.catalina.core.ApplicationFilterChain.internalDoFilter(ApplicationFilterChain.java:305)
	at org.apache.catalina.core.ApplicationFilterChain.doFilter(ApplicationFilterChain.java:210)
	at org.apache.catalina.core.ApplicationDispatcher.invoke(ApplicationDispatcher.java:749)
	at org.apache.catalina.core.ApplicationDispatcher.doInclude(ApplicationDispatcher.java:605)
	at org.apache.catalina.core.ApplicationDispatcher.include(ApplicationDispatcher.java:544)
	at org.apache.jasper.runtime.JspRuntimeLibrary.include(JspRuntimeLibrary.java:954)
	at org.apache.jsp.suite_jsp._jspService(suite_jsp.java:67)
	at org.apache.jasper.runtime.HttpJspBase.service(HttpJspBase.java:70)
	at javax.servlet.http.HttpServlet.service(HttpServlet.java:728)
	at org.apache.jasper.servlet.JspServletWrapper.service(JspServletWrapper.java:432)
	at org.apache.jasper.servlet.JspServlet.serviceJspFile(JspServlet.java:390)
	at org.apache.jasper.servlet.JspServlet.service(JspServlet.java:334)
	at javax.servlet.http.HttpServlet.service(HttpServlet.java:728)
	at org.apache.catalina.core.ApplicationFilterChain.internalDoFilter(ApplicationFilterChain.java:305)
	at org.apache.catalina.core.ApplicationFilterChain.doFilter(ApplicationFilterChain.java:210)
	at org.apache.tomcat.websocket.server.WsFilter.doFilter(WsFilter.java:51)
	at org.apache.catalina.core.ApplicationFilterChain.internalDoFilter(ApplicationFilterChain.java:243)
	at org.apache.catalina.core.ApplicationFilterChain.doFilter(ApplicationFilterChain.java:210)
	at org.apache.catalina.core.ApplicationDispatcher.invoke(ApplicationDispatcher.java:749)
	at org.apache.catalina.core.ApplicationDispatcher.processRequest(ApplicationDispatcher.java:487)
	at org.apache.catalina.core.ApplicationDispatcher.doForward(ApplicationDispatcher.java:412)
	at org.apache.catalina.core.ApplicationDispatcher.forward(ApplicationDispatcher.java:339)
	at Validation.service(Validation.java:61)
	at javax.servlet.http.HttpServlet.service(HttpServlet.java:728)
	at org.apache.catalina.core.ApplicationFilterChain.internalDoFilter(ApplicationFilterChain.java:305)
	at org.apache.catalina.core.ApplicationFilterChain.doFilter(ApplicationFilterChain.java:210)
	at org.apache.tomcat.websocket.server.WsFilter.doFilter(WsFilter.java:51)
	at org.apache.catalina.core.ApplicationFilterChain.internalDoFilter(ApplicationFilterChain.java:243)
	at org.apache.catalina.core.ApplicationFilterChain.doFilter(ApplicationFilterChain.java:210)
	at org.apache.catalina.core.StandardWrapperValve.invoke(StandardWrapperValve.java:222)
	at org.apache.catalina.core.StandardContextValve.invoke(StandardContextValve.java:123)
	at org.apache.catalina.authenticator.AuthenticatorBase.invoke(AuthenticatorBase.java:502)
	at org.apache.catalina.core.StandardHostValve.invoke(StandardHostValve.java:171)
	at org.apache.catalina.valves.ErrorReportValve.invoke(ErrorReportValve.java:100)
	at org.apache.catalina.valves.AccessLogValve.invoke(AccessLogValve.java:953)
	at org.apache.catalina.core.StandardEngineValve.invoke(StandardEngineValve.java:118)
	at org.apache.catalina.connector.CoyoteAdapter.service(CoyoteAdapter.java:408)
	at org.apache.coyote.http11.AbstractHttp11Processor.process(AbstractHttp11Processor.java:1041)
	at org.apache.coyote.AbstractProtocol$AbstractConnectionHandler.process(AbstractProtocol.java:603)
	at org.apache.tomcat.util.net.JIoEndpoint$SocketProcessor.run(JIoEndpoint.java:312)
	at java.util.concurrent.ThreadPoolExecutor.runWorker(ThreadPoolExecutor.java:1149)
	at java.util.concurrent.ThreadPoolExecutor$Worker.run(ThreadPoolExecutor.java:624)
	at java.lang.Thread.run(Thread.java:748)

févr. 25, 2019 2:46:21 PM org.apache.catalina.core.ApplicationContext log
INFOS: SessionListener: contextDestroyed()
févr. 25, 2019 2:46:21 PM org.apache.catalina.core.ApplicationContext log
INFOS: ContextListener: contextDestroyed()
