mars 11, 2019 10:21:40 AM org.apache.catalina.core.ApplicationContext log
INFOS: ContextListener: contextInitialized()
mars 11, 2019 10:21:40 AM org.apache.catalina.core.ApplicationContext log
INFOS: SessionListener: contextInitialized()
mars 11, 2019 10:21:40 AM org.apache.catalina.core.ApplicationContext log
INFOS: ContextListener: attributeAdded('org.apache.jasper.compiler.TldLocationsCache', 'org.apache.jasper.compiler.TldLocationsCache@5564df43')
mars 11, 2019 11:26:35 AM org.apache.catalina.core.ApplicationContext log
INFOS: La servlet controleur est marqué comme indisponible
mars 11, 2019 11:26:35 AM org.apache.catalina.core.StandardWrapperValve invoke
GRAVE: Exception lors de l'allocation pour la servlet controleur
java.lang.ClassNotFoundException: Controleur
	at org.apache.catalina.loader.WebappClassLoader.loadClass(WebappClassLoader.java:1702)
	at org.apache.catalina.loader.WebappClassLoader.loadClass(WebappClassLoader.java:1547)
	at org.apache.catalina.core.DefaultInstanceManager.loadClass(DefaultInstanceManager.java:532)
	at org.apache.catalina.core.DefaultInstanceManager.loadClassMaybePrivileged(DefaultInstanceManager.java:514)
	at org.apache.catalina.core.DefaultInstanceManager.newInstance(DefaultInstanceManager.java:142)
	at org.apache.catalina.core.StandardWrapper.loadServlet(StandardWrapper.java:1144)
	at org.apache.catalina.core.StandardWrapper.allocate(StandardWrapper.java:865)
	at org.apache.catalina.core.StandardWrapperValve.invoke(StandardWrapperValve.java:136)
	at org.apache.catalina.core.StandardContextValve.invoke(StandardContextValve.java:123)
	at org.apache.catalina.authenticator.AuthenticatorBase.invoke(AuthenticatorBase.java:502)
	at org.apache.catalina.core.StandardHostValve.invoke(StandardHostValve.java:171)
	at org.apache.catalina.valves.ErrorReportValve.invoke(ErrorReportValve.java:100)
	at org.apache.catalina.valves.AccessLogValve.invoke(AccessLogValve.java:953)
	at org.apache.catalina.core.StandardEngineValve.invoke(StandardEngineValve.java:118)
	at org.apache.catalina.connector.CoyoteAdapter.service(CoyoteAdapter.java:408)
	at org.apache.coyote.http11.AbstractHttp11Processor.process(AbstractHttp11Processor.java:1041)
	at org.apache.coyote.AbstractProtocol$AbstractConnectionHandler.process(AbstractProtocol.java:603)
	at org.apache.tomcat.util.net.JIoEndpoint$SocketProcessor.run(JIoEndpoint.java:312)
	at java.util.concurrent.ThreadPoolExecutor.runWorker(ThreadPoolExecutor.java:1149)
	at java.util.concurrent.ThreadPoolExecutor$Worker.run(ThreadPoolExecutor.java:624)
	at java.lang.Thread.run(Thread.java:748)

mars 11, 2019 2:42:06 PM org.apache.catalina.core.ApplicationContext log
INFOS: SessionListener: contextDestroyed()
mars 11, 2019 2:42:06 PM org.apache.catalina.core.ApplicationContext log
INFOS: ContextListener: contextDestroyed()
