mars 11, 2019 11:43:43 AM org.apache.catalina.core.ApplicationContext log
INFOS: HTMLManager: init: Associated with Deployer 'Catalina:type=Deployer,host=localhost'
mars 11, 2019 11:43:43 AM org.apache.catalina.core.ApplicationContext log
INFOS: HTMLManager: init: Global resources are available
mars 11, 2019 11:43:43 AM org.apache.catalina.core.ApplicationContext log
INFOS: HTMLManager: list: Listing contexts for virtual host 'localhost'
mars 11, 2019 11:43:51 AM org.apache.catalina.core.ApplicationContext log
INFOS: HTMLManager: restart: Reloading web application '/mvc'
mars 11, 2019 11:43:52 AM org.apache.catalina.core.ApplicationContext log
INFOS: HTMLManager: list: Listing contexts for virtual host 'localhost'
mars 11, 2019 1:53:57 PM org.apache.catalina.core.ApplicationContext log
INFOS: HTMLManager: list: Listing contexts for virtual host 'localhost'
mars 11, 2019 1:54:03 PM org.apache.catalina.core.ApplicationContext log
INFOS: HTMLManager: restart: Reloading web application '/mvc'
mars 11, 2019 1:54:04 PM org.apache.catalina.core.ApplicationContext log
INFOS: HTMLManager: list: Listing contexts for virtual host 'localhost'
mars 11, 2019 1:58:44 PM org.apache.catalina.core.ApplicationContext log
INFOS: HTMLManager: restart: Reloading web application '/mvc'
mars 11, 2019 1:58:44 PM org.apache.catalina.core.ApplicationContext log
INFOS: HTMLManager: list: Listing contexts for virtual host 'localhost'
mars 11, 2019 2:00:16 PM org.apache.catalina.core.ApplicationContext log
INFOS: HTMLManager: restart: Reloading web application '/mvc'
mars 11, 2019 2:00:16 PM org.apache.catalina.core.ApplicationContext log
INFOS: HTMLManager: list: Listing contexts for virtual host 'localhost'
mars 11, 2019 2:06:39 PM org.apache.catalina.core.ApplicationContext log
INFOS: HTMLManager: restart: Reloading web application '/mvc'
mars 11, 2019 2:06:39 PM org.apache.catalina.core.ApplicationContext log
INFOS: HTMLManager: list: Listing contexts for virtual host 'localhost'
mars 11, 2019 2:10:16 PM org.apache.catalina.core.ApplicationContext log
INFOS: HTMLManager: restart: Reloading web application '/mvc'
mars 11, 2019 2:10:17 PM org.apache.catalina.core.ApplicationContext log
INFOS: HTMLManager: list: Listing contexts for virtual host 'localhost'
mars 11, 2019 2:10:42 PM org.apache.catalina.core.ApplicationContext log
INFOS: HTMLManager: restart: Reloading web application '/mvc'
mars 11, 2019 2:10:42 PM org.apache.catalina.core.ApplicationContext log
INFOS: HTMLManager: list: Listing contexts for virtual host 'localhost'
mars 11, 2019 2:11:06 PM org.apache.catalina.core.ApplicationContext log
INFOS: HTMLManager: restart: Reloading web application '/mvc'
mars 11, 2019 2:11:07 PM org.apache.catalina.core.ApplicationContext log
INFOS: HTMLManager: list: Listing contexts for virtual host 'localhost'
mars 11, 2019 2:11:11 PM org.apache.catalina.core.ApplicationContext log
INFOS: HTMLManager: restart: Reloading web application '/mvc'
mars 11, 2019 2:11:12 PM org.apache.catalina.core.ApplicationContext log
INFOS: HTMLManager: list: Listing contexts for virtual host 'localhost'
mars 11, 2019 2:12:25 PM org.apache.catalina.core.ApplicationContext log
INFOS: HTMLManager: restart: Reloading web application '/mvc'
mars 11, 2019 2:12:31 PM org.apache.catalina.core.ApplicationContext log
INFOS: HTMLManager: list: Listing contexts for virtual host 'localhost'
mars 11, 2019 2:12:57 PM org.apache.catalina.core.ApplicationContext log
INFOS: HTMLManager: restart: Reloading web application '/mvc'
mars 11, 2019 2:12:57 PM org.apache.catalina.core.ApplicationContext log
INFOS: HTMLManager: list: Listing contexts for virtual host 'localhost'
mars 11, 2019 2:14:49 PM org.apache.catalina.core.ApplicationContext log
INFOS: HTMLManager: restart: Reloading web application '/mvc'
mars 11, 2019 2:14:50 PM org.apache.catalina.core.ApplicationContext log
INFOS: HTMLManager: list: Listing contexts for virtual host 'localhost'
mars 11, 2019 2:18:02 PM org.apache.catalina.core.ApplicationContext log
INFOS: HTMLManager: restart: Reloading web application '/mvc'
mars 11, 2019 2:18:02 PM org.apache.catalina.core.ApplicationContext log
INFOS: HTMLManager: list: Listing contexts for virtual host 'localhost'
mars 11, 2019 2:19:22 PM org.apache.catalina.core.ApplicationContext log
INFOS: HTMLManager: restart: Reloading web application '/mvc'
mars 11, 2019 2:19:23 PM org.apache.catalina.core.ApplicationContext log
INFOS: HTMLManager: list: Listing contexts for virtual host 'localhost'
mars 11, 2019 2:20:19 PM org.apache.catalina.core.ApplicationContext log
INFOS: HTMLManager: restart: Reloading web application '/mvc'
mars 11, 2019 2:20:19 PM org.apache.catalina.core.ApplicationContext log
INFOS: HTMLManager: list: Listing contexts for virtual host 'localhost'
mars 11, 2019 2:23:18 PM org.apache.catalina.core.ApplicationContext log
INFOS: HTMLManager: restart: Reloading web application '/mvc'
mars 11, 2019 2:23:19 PM org.apache.catalina.core.ApplicationContext log
INFOS: HTMLManager: list: Listing contexts for virtual host 'localhost'
mars 11, 2019 2:25:45 PM org.apache.catalina.core.ApplicationContext log
INFOS: HTMLManager: restart: Reloading web application '/mvc'
mars 11, 2019 2:25:46 PM org.apache.catalina.core.ApplicationContext log
INFOS: HTMLManager: list: Listing contexts for virtual host 'localhost'
mars 11, 2019 2:26:10 PM org.apache.catalina.core.ApplicationContext log
INFOS: HTMLManager: restart: Reloading web application '/mvc'
mars 11, 2019 2:26:18 PM org.apache.catalina.core.ApplicationContext log
INFOS: HTMLManager: list: Listing contexts for virtual host 'localhost'
mars 11, 2019 2:27:06 PM org.apache.catalina.core.ApplicationContext log
INFOS: HTMLManager: restart: Reloading web application '/mvc'
mars 11, 2019 2:27:06 PM org.apache.catalina.core.ApplicationContext log
INFOS: HTMLManager: list: Listing contexts for virtual host 'localhost'
mars 11, 2019 2:29:02 PM org.apache.catalina.core.ApplicationContext log
INFOS: HTMLManager: restart: Reloading web application '/mvc'
mars 11, 2019 2:29:03 PM org.apache.catalina.core.ApplicationContext log
INFOS: HTMLManager: list: Listing contexts for virtual host 'localhost'
mars 11, 2019 2:29:41 PM org.apache.catalina.core.ApplicationContext log
INFOS: HTMLManager: restart: Reloading web application '/mvc'
mars 11, 2019 2:29:42 PM org.apache.catalina.core.ApplicationContext log
INFOS: HTMLManager: list: Listing contexts for virtual host 'localhost'
mars 11, 2019 2:32:16 PM org.apache.catalina.core.ApplicationContext log
INFOS: HTMLManager: restart: Reloading web application '/mvc'
mars 11, 2019 2:32:17 PM org.apache.catalina.core.ApplicationContext log
INFOS: HTMLManager: list: Listing contexts for virtual host 'localhost'
