janv. 28, 2019 10:51:51 AM org.apache.catalina.core.ApplicationContext log
INFOS: HTMLManager: init: Associated with Deployer 'Catalina:type=Deployer,host=localhost'
janv. 28, 2019 10:51:51 AM org.apache.catalina.core.ApplicationContext log
INFOS: HTMLManager: init: Global resources are available
janv. 28, 2019 10:51:51 AM org.apache.catalina.core.ApplicationContext log
INFOS: HTMLManager: list: Listing contexts for virtual host 'localhost'
janv. 28, 2019 10:53:10 AM org.apache.catalina.core.ApplicationContext log
INFOS: HTMLManager: stop: Stopping web application '/Appli1'
janv. 28, 2019 10:53:11 AM org.apache.catalina.core.ApplicationContext log
INFOS: HTMLManager: list: Listing contexts for virtual host 'localhost'
janv. 28, 2019 10:53:21 AM org.apache.catalina.core.ApplicationContext log
INFOS: HTMLManager: start: Starting web application '/Appli1'
janv. 28, 2019 10:53:21 AM org.apache.catalina.core.ApplicationContext log
INFOS: HTMLManager: list: Listing contexts for virtual host 'localhost'
janv. 28, 2019 10:53:31 AM org.apache.catalina.core.ApplicationContext log
INFOS: HTMLManager: restart: Reloading web application '/Appli2'
janv. 28, 2019 10:53:31 AM org.apache.catalina.core.ApplicationContext log
INFOS: HTMLManager: list: Listing contexts for virtual host 'localhost'
janv. 28, 2019 11:04:29 AM org.apache.catalina.core.ApplicationContext log
INFOS: HTMLManager: init: Associated with Deployer 'Catalina:type=Deployer,host=localhost'
janv. 28, 2019 11:04:29 AM org.apache.catalina.core.ApplicationContext log
INFOS: HTMLManager: init: Global resources are available
janv. 28, 2019 11:04:29 AM org.apache.catalina.core.ApplicationContext log
INFOS: HTMLManager: list: Listing contexts for virtual host 'localhost'
janv. 28, 2019 11:04:32 AM org.apache.catalina.core.ApplicationContext log
INFOS: HTMLManager: restart: Reloading web application '/Formulaires'
janv. 28, 2019 11:04:33 AM org.apache.catalina.core.ApplicationContext log
INFOS: HTMLManager: list: Listing contexts for virtual host 'localhost'
janv. 28, 2019 11:04:39 AM org.apache.catalina.core.ApplicationContext log
INFOS: HTMLManager: stop: Stopping web application '/Formulaires'
janv. 28, 2019 11:04:40 AM org.apache.catalina.core.ApplicationContext log
INFOS: HTMLManager: list: Listing contexts for virtual host 'localhost'
janv. 28, 2019 11:04:44 AM org.apache.catalina.core.ApplicationContext log
INFOS: HTMLManager: start: Starting web application '/Formulaires'
janv. 28, 2019 11:04:44 AM org.apache.catalina.core.ApplicationContext log
INFOS: HTMLManager: list: Listing contexts for virtual host 'localhost'
janv. 28, 2019 11:05:31 AM org.apache.catalina.core.ApplicationContext log
INFOS: HTMLManager: restart: Reloading web application '/Formulaires'
janv. 28, 2019 11:05:31 AM org.apache.catalina.core.ApplicationContext log
INFOS: HTMLManager: list: Listing contexts for virtual host 'localhost'
janv. 28, 2019 11:06:06 AM org.apache.catalina.core.ApplicationContext log
INFOS: HTMLManager: restart: Reloading web application '/Formulaires'
janv. 28, 2019 11:06:06 AM org.apache.catalina.core.ApplicationContext log
INFOS: HTMLManager: list: Listing contexts for virtual host 'localhost'
janv. 28, 2019 11:08:07 AM org.apache.catalina.core.ApplicationContext log
INFOS: HTMLManager: restart: Reloading web application '/Formulaires'
janv. 28, 2019 11:08:07 AM org.apache.catalina.core.ApplicationContext log
INFOS: HTMLManager: list: Listing contexts for virtual host 'localhost'
janv. 28, 2019 11:12:55 AM org.apache.catalina.core.ApplicationContext log
INFOS: HTMLManager: restart: Reloading web application '/Formulaires'
janv. 28, 2019 11:12:56 AM org.apache.catalina.core.ApplicationContext log
INFOS: HTMLManager: list: Listing contexts for virtual host 'localhost'
janv. 28, 2019 11:13:47 AM org.apache.catalina.core.ApplicationContext log
INFOS: HTMLManager: restart: Reloading web application '/Formulaires'
janv. 28, 2019 11:13:47 AM org.apache.catalina.core.ApplicationContext log
INFOS: HTMLManager: list: Listing contexts for virtual host 'localhost'
janv. 28, 2019 11:14:28 AM org.apache.catalina.core.ApplicationContext log
INFOS: HTMLManager: restart: Reloading web application '/Formulaires'
janv. 28, 2019 11:14:28 AM org.apache.catalina.core.ApplicationContext log
INFOS: HTMLManager: list: Listing contexts for virtual host 'localhost'
janv. 28, 2019 11:14:54 AM org.apache.catalina.core.ApplicationContext log
INFOS: HTMLManager: restart: Reloading web application '/Formulaires'
janv. 28, 2019 11:14:54 AM org.apache.catalina.core.ApplicationContext log
INFOS: HTMLManager: list: Listing contexts for virtual host 'localhost'
janv. 28, 2019 11:15:19 AM org.apache.catalina.core.ApplicationContext log
INFOS: HTMLManager: restart: Reloading web application '/Formulaires'
janv. 28, 2019 11:15:20 AM org.apache.catalina.core.ApplicationContext log
INFOS: HTMLManager: list: Listing contexts for virtual host 'localhost'
janv. 28, 2019 11:16:11 AM org.apache.catalina.core.ApplicationContext log
INFOS: HTMLManager: restart: Reloading web application '/Formulaires'
janv. 28, 2019 11:16:12 AM org.apache.catalina.core.ApplicationContext log
INFOS: HTMLManager: list: Listing contexts for virtual host 'localhost'
janv. 28, 2019 11:18:42 AM org.apache.catalina.core.ApplicationContext log
INFOS: HTMLManager: restart: Reloading web application '/Formulaires'
janv. 28, 2019 11:18:42 AM org.apache.catalina.core.ApplicationContext log
INFOS: HTMLManager: list: Listing contexts for virtual host 'localhost'
janv. 28, 2019 11:20:24 AM org.apache.catalina.core.ApplicationContext log
INFOS: HTMLManager: restart: Reloading web application '/Formulaires'
janv. 28, 2019 11:20:25 AM org.apache.catalina.core.ApplicationContext log
INFOS: HTMLManager: list: Listing contexts for virtual host 'localhost'
janv. 28, 2019 11:21:02 AM org.apache.catalina.core.ApplicationContext log
INFOS: HTMLManager: restart: Reloading web application '/Formulaires'
janv. 28, 2019 11:21:03 AM org.apache.catalina.core.ApplicationContext log
INFOS: HTMLManager: list: Listing contexts for virtual host 'localhost'
janv. 28, 2019 11:22:52 AM org.apache.catalina.core.ApplicationContext log
INFOS: HTMLManager: restart: Reloading web application '/Formulaires'
janv. 28, 2019 11:22:53 AM org.apache.catalina.core.ApplicationContext log
INFOS: HTMLManager: list: Listing contexts for virtual host 'localhost'
janv. 28, 2019 11:23:24 AM org.apache.catalina.core.ApplicationContext log
INFOS: HTMLManager: restart: Reloading web application '/Formulaires'
janv. 28, 2019 11:23:25 AM org.apache.catalina.core.ApplicationContext log
INFOS: HTMLManager: list: Listing contexts for virtual host 'localhost'
janv. 28, 2019 11:24:17 AM org.apache.catalina.core.ApplicationContext log
INFOS: HTMLManager: restart: Reloading web application '/Formulaires'
janv. 28, 2019 11:24:18 AM org.apache.catalina.core.ApplicationContext log
INFOS: HTMLManager: list: Listing contexts for virtual host 'localhost'
janv. 28, 2019 11:25:37 AM org.apache.catalina.core.ApplicationContext log
INFOS: HTMLManager: restart: Reloading web application '/Formulaires'
janv. 28, 2019 11:25:38 AM org.apache.catalina.core.ApplicationContext log
INFOS: HTMLManager: list: Listing contexts for virtual host 'localhost'
janv. 28, 2019 11:26:08 AM org.apache.catalina.core.ApplicationContext log
INFOS: HTMLManager: restart: Reloading web application '/Formulaires'
janv. 28, 2019 11:26:08 AM org.apache.catalina.core.ApplicationContext log
INFOS: HTMLManager: list: Listing contexts for virtual host 'localhost'
janv. 28, 2019 11:27:27 AM org.apache.catalina.core.ApplicationContext log
INFOS: HTMLManager: restart: Reloading web application '/Formulaires'
janv. 28, 2019 11:27:27 AM org.apache.catalina.core.ApplicationContext log
INFOS: HTMLManager: list: Listing contexts for virtual host 'localhost'
janv. 28, 2019 11:27:54 AM org.apache.catalina.core.ApplicationContext log
INFOS: HTMLManager: restart: Reloading web application '/Formulaires'
janv. 28, 2019 11:27:54 AM org.apache.catalina.core.ApplicationContext log
INFOS: HTMLManager: list: Listing contexts for virtual host 'localhost'
janv. 28, 2019 11:37:27 AM org.apache.catalina.core.ApplicationContext log
INFOS: HTMLManager: stop: Stopping web application '/Appli1'
janv. 28, 2019 11:37:28 AM org.apache.catalina.core.ApplicationContext log
INFOS: HTMLManager: list: Listing contexts for virtual host 'localhost'
janv. 28, 2019 11:37:30 AM org.apache.catalina.core.ApplicationContext log
INFOS: HTMLManager: stop: Stopping web application '/Appli2'
janv. 28, 2019 11:37:31 AM org.apache.catalina.core.ApplicationContext log
INFOS: HTMLManager: list: Listing contexts for virtual host 'localhost'
janv. 28, 2019 11:42:10 AM org.apache.catalina.core.ApplicationContext log
INFOS: HTMLManager: restart: Reloading web application '/Formulaires'
janv. 28, 2019 11:42:11 AM org.apache.catalina.core.ApplicationContext log
INFOS: HTMLManager: list: Listing contexts for virtual host 'localhost'
janv. 28, 2019 11:42:45 AM org.apache.catalina.core.ApplicationContext log
INFOS: HTMLManager: restart: Reloading web application '/Formulaires'
janv. 28, 2019 11:42:46 AM org.apache.catalina.core.ApplicationContext log
INFOS: HTMLManager: list: Listing contexts for virtual host 'localhost'
janv. 28, 2019 11:43:20 AM org.apache.catalina.core.ApplicationContext log
INFOS: HTMLManager: restart: Reloading web application '/Formulaires'
janv. 28, 2019 11:43:20 AM org.apache.catalina.core.ApplicationContext log
INFOS: HTMLManager: list: Listing contexts for virtual host 'localhost'
janv. 28, 2019 11:43:45 AM org.apache.catalina.core.ApplicationContext log
INFOS: HTMLManager: restart: Reloading web application '/Formulaires'
janv. 28, 2019 11:43:46 AM org.apache.catalina.core.ApplicationContext log
INFOS: HTMLManager: list: Listing contexts for virtual host 'localhost'
janv. 28, 2019 11:43:56 AM org.apache.catalina.core.ApplicationContext log
INFOS: HTMLManager: restart: Reloading web application '/Formulaires'
janv. 28, 2019 11:43:56 AM org.apache.catalina.core.ApplicationContext log
INFOS: HTMLManager: list: Listing contexts for virtual host 'localhost'
janv. 28, 2019 11:44:33 AM org.apache.catalina.core.ApplicationContext log
INFOS: HTMLManager: restart: Reloading web application '/Formulaires'
janv. 28, 2019 11:44:33 AM org.apache.catalina.core.ApplicationContext log
INFOS: HTMLManager: list: Listing contexts for virtual host 'localhost'
janv. 28, 2019 11:44:43 AM org.apache.catalina.core.ApplicationContext log
INFOS: HTMLManager: restart: Reloading web application '/Formulaires'
janv. 28, 2019 11:44:44 AM org.apache.catalina.core.ApplicationContext log
INFOS: HTMLManager: list: Listing contexts for virtual host 'localhost'
janv. 28, 2019 1:16:24 PM org.apache.catalina.core.ApplicationContext log
INFOS: HTMLManager: init: Associated with Deployer 'Catalina:type=Deployer,host=localhost'
janv. 28, 2019 1:16:24 PM org.apache.catalina.core.ApplicationContext log
INFOS: HTMLManager: init: Global resources are available
janv. 28, 2019 1:16:34 PM org.apache.catalina.core.ApplicationContext log
INFOS: HTMLManager: list: Listing contexts for virtual host 'localhost'
janv. 28, 2019 1:16:52 PM org.apache.catalina.core.ApplicationContext log
INFOS: HTMLManager: restart: Reloading web application '/Formulaires'
janv. 28, 2019 1:16:54 PM org.apache.catalina.core.ApplicationContext log
INFOS: HTMLManager: list: Listing contexts for virtual host 'localhost'
janv. 28, 2019 1:16:57 PM org.apache.catalina.core.ApplicationContext log
INFOS: HTMLManager: stop: Stopping web application '/Appli2'
janv. 28, 2019 1:16:57 PM org.apache.catalina.core.ApplicationContext log
INFOS: HTMLManager: list: Listing contexts for virtual host 'localhost'
janv. 28, 2019 1:16:58 PM org.apache.catalina.core.ApplicationContext log
INFOS: HTMLManager: stop: Stopping web application '/Appli1'
janv. 28, 2019 1:16:59 PM org.apache.catalina.core.ApplicationContext log
INFOS: HTMLManager: list: Listing contexts for virtual host 'localhost'
janv. 28, 2019 1:58:48 PM org.apache.catalina.core.ApplicationContext log
INFOS: HTMLManager: list: Listing contexts for virtual host 'localhost'
janv. 28, 2019 1:58:49 PM org.apache.catalina.core.ApplicationContext log
INFOS: HTMLManager: restart: Reloading web application '/Formulaires'
janv. 28, 2019 1:58:50 PM org.apache.catalina.core.ApplicationContext log
INFOS: HTMLManager: list: Listing contexts for virtual host 'localhost'
